25-Feb-2026 14:35:28.162 INFO [http-nio-8081-exec-4] org.apache.catalina.core.ApplicationContext.log Manager: init: Associated with Deployer 'Catalina:type=Deployer,host=localhost'
25-Feb-2026 14:35:28.162 INFO [http-nio-8081-exec-4] org.apache.catalina.core.ApplicationContext.log Manager: init: Global resources are available
25-Feb-2026 14:35:28.233 INFO [http-nio-8081-exec-7] org.apache.catalina.core.ApplicationContext.log Manager: list: Listing contexts for virtual host 'localhost'
25-Feb-2026 14:35:28.239 INFO [http-nio-8081-exec-9] org.apache.catalina.core.ApplicationContext.log Manager: list: Listing contexts for virtual host 'localhost'
25-Feb-2026 14:35:28.266 INFO [http-nio-8081-exec-8] org.apache.catalina.core.ApplicationContext.log Manager: install: Installing context configuration at 'file:/C:/Users/Anderson/AppData/Local/Temp/context13902645884380723963.xml'
25-Feb-2026 14:35:28.779 INFO [http-nio-8081-exec-10] org.apache.catalina.core.ApplicationContext.log Manager: start: Starting web application '/SistemaSercoplus'
25-Feb-2026 14:37:28.490 INFO [http-nio-8081-exec-8] org.apache.catalina.core.ApplicationContext.log Manager: list: Listing contexts for virtual host 'localhost'
25-Feb-2026 14:37:28.495 INFO [http-nio-8081-exec-2] org.apache.catalina.core.ApplicationContext.log Manager: list: Listing contexts for virtual host 'localhost'
25-Feb-2026 14:41:29.492 INFO [http-nio-8081-exec-9] org.apache.catalina.core.ApplicationContext.log Manager: list: Listing contexts for virtual host 'localhost'
25-Feb-2026 14:41:34.871 INFO [http-nio-8081-exec-2] org.apache.catalina.core.ApplicationContext.log Manager: list: Listing contexts for virtual host 'localhost'
25-Feb-2026 14:41:34.876 INFO [http-nio-8081-exec-7] org.apache.catalina.core.ApplicationContext.log Manager: list: Listing contexts for virtual host 'localhost'
25-Feb-2026 15:07:55.395 INFO [http-nio-8081-exec-4] org.apache.catalina.core.ApplicationContext.log Manager: list: Listing contexts for virtual host 'localhost'
25-Feb-2026 15:07:58.000 INFO [http-nio-8081-exec-2] org.apache.catalina.core.ApplicationContext.log Manager: list: Listing contexts for virtual host 'localhost'
25-Feb-2026 15:07:58.007 INFO [http-nio-8081-exec-6] org.apache.catalina.core.ApplicationContext.log Manager: list: Listing contexts for virtual host 'localhost'
25-Feb-2026 15:08:38.124 INFO [http-nio-8081-exec-7] org.apache.catalina.core.ApplicationContext.log Manager: list: Listing contexts for virtual host 'localhost'
25-Feb-2026 15:08:38.128 INFO [http-nio-8081-exec-10] org.apache.catalina.core.ApplicationContext.log Manager: list: Listing contexts for virtual host 'localhost'
25-Feb-2026 15:08:50.643 INFO [http-nio-8081-exec-7] org.apache.catalina.core.ApplicationContext.log Manager: list: Listing contexts for virtual host 'localhost'
25-Feb-2026 15:08:50.649 INFO [http-nio-8081-exec-1] org.apache.catalina.core.ApplicationContext.log Manager: list: Listing contexts for virtual host 'localhost'
25-Feb-2026 15:09:12.932 INFO [http-nio-8081-exec-6] org.apache.catalina.core.ApplicationContext.log Manager: list: Listing contexts for virtual host 'localhost'
25-Feb-2026 15:09:12.938 INFO [http-nio-8081-exec-2] org.apache.catalina.core.ApplicationContext.log Manager: list: Listing contexts for virtual host 'localhost'
25-Feb-2026 15:09:22.317 INFO [http-nio-8081-exec-3] org.apache.catalina.core.ApplicationContext.log Manager: list: Listing contexts for virtual host 'localhost'
25-Feb-2026 15:09:22.321 INFO [http-nio-8081-exec-8] org.apache.catalina.core.ApplicationContext.log Manager: list: Listing contexts for virtual host 'localhost'
25-Feb-2026 15:09:25.781 INFO [http-nio-8081-exec-9] org.apache.catalina.core.ApplicationContext.log Manager: list: Listing contexts for virtual host 'localhost'
25-Feb-2026 15:09:25.785 INFO [http-nio-8081-exec-8] org.apache.catalina.core.ApplicationContext.log Manager: list: Listing contexts for virtual host 'localhost'
25-Feb-2026 18:45:57.812 INFO [http-nio-8081-exec-5] org.apache.catalina.core.ApplicationContext.log Manager: init: Associated with Deployer 'Catalina:type=Deployer,host=localhost'
25-Feb-2026 18:45:57.812 INFO [http-nio-8081-exec-5] org.apache.catalina.core.ApplicationContext.log Manager: init: Global resources are available
25-Feb-2026 18:45:57.873 INFO [http-nio-8081-exec-6] org.apache.catalina.core.ApplicationContext.log Manager: list: Listing contexts for virtual host 'localhost'
25-Feb-2026 18:45:57.884 INFO [http-nio-8081-exec-10] org.apache.catalina.core.ApplicationContext.log Manager: list: Listing contexts for virtual host 'localhost'
25-Feb-2026 18:48:51.422 INFO [http-nio-8081-exec-6] org.apache.catalina.core.ApplicationContext.log Manager: list: Listing contexts for virtual host 'localhost'
25-Feb-2026 18:48:51.442 INFO [http-nio-8081-exec-8] org.apache.catalina.core.ApplicationContext.log Manager: restart: Reloading web application '/SistemaSercoplus'
25-Feb-2026 18:48:59.282 INFO [http-nio-8081-exec-10] org.apache.catalina.core.ApplicationContext.log Manager: list: Listing contexts for virtual host 'localhost'
25-Feb-2026 18:48:59.293 INFO [http-nio-8081-exec-3] org.apache.catalina.core.ApplicationContext.log Manager: list: Listing contexts for virtual host 'localhost'
25-Feb-2026 18:48:59.329 INFO [http-nio-8081-exec-11] org.apache.catalina.core.ApplicationContext.log Manager: restart: Reloading web application '/SistemaSercoplus'
25-Feb-2026 18:53:42.571 INFO [http-nio-8081-exec-17] org.apache.catalina.core.ApplicationContext.log Manager: list: Listing contexts for virtual host 'localhost'
25-Feb-2026 18:54:54.615 INFO [http-nio-8081-exec-14] org.apache.catalina.core.ApplicationContext.log Manager: list: Listing contexts for virtual host 'localhost'
25-Feb-2026 18:55:22.341 INFO [http-nio-8081-exec-17] org.apache.catalina.core.ApplicationContext.log Manager: list: Listing contexts for virtual host 'localhost'
25-Feb-2026 18:57:17.249 INFO [http-nio-8081-exec-19] org.apache.catalina.core.ApplicationContext.log Manager: list: Listing contexts for virtual host 'localhost'
25-Feb-2026 18:57:43.793 INFO [http-nio-8081-exec-14] org.apache.catalina.core.ApplicationContext.log Manager: list: Listing contexts for virtual host 'localhost'
25-Feb-2026 18:57:43.846 INFO [http-nio-8081-exec-20] org.apache.catalina.core.ApplicationContext.log Manager: undeploy: Undeploying web application at '/SistemaSercoplus'
25-Feb-2026 18:57:54.801 INFO [http-nio-8081-exec-25] org.apache.catalina.core.ApplicationContext.log Manager: list: Listing contexts for virtual host 'localhost'
25-Feb-2026 18:57:54.808 INFO [http-nio-8081-exec-21] org.apache.catalina.core.ApplicationContext.log Manager: list: Listing contexts for virtual host 'localhost'
25-Feb-2026 18:57:54.846 INFO [http-nio-8081-exec-19] org.apache.catalina.core.ApplicationContext.log Manager: install: Installing context configuration at 'file:/C:/Users/Anderson/AppData/Local/Temp/context3881878711785971785.xml'
25-Feb-2026 18:57:55.876 INFO [http-nio-8081-exec-13] org.apache.catalina.core.ApplicationContext.log Manager: start: Starting web application '/SistemaSercoplus'
25-Feb-2026 19:00:54.580 INFO [http-nio-8081-exec-27] org.apache.catalina.core.ApplicationContext.log Manager: list: Listing contexts for virtual host 'localhost'
25-Feb-2026 19:00:56.010 INFO [http-nio-8081-exec-28] org.apache.catalina.core.ApplicationContext.log Manager: list: Listing contexts for virtual host 'localhost'
25-Feb-2026 19:02:50.453 INFO [http-nio-8081-exec-32] org.apache.catalina.core.ApplicationContext.log Manager: list: Listing contexts for virtual host 'localhost'
25-Feb-2026 19:04:51.675 INFO [http-nio-8081-exec-31] org.apache.catalina.core.ApplicationContext.log Manager: list: Listing contexts for virtual host 'localhost'
25-Feb-2026 19:07:56.645 INFO [http-nio-8081-exec-24] org.apache.catalina.core.ApplicationContext.log Manager: list: Listing contexts for virtual host 'localhost'
25-Feb-2026 19:07:57.006 INFO [http-nio-8081-exec-28] org.apache.catalina.core.ApplicationContext.log Manager: list: Listing contexts for virtual host 'localhost'
25-Feb-2026 19:08:03.662 INFO [http-nio-8081-exec-31] org.apache.catalina.core.ApplicationContext.log Manager: list: Listing contexts for virtual host 'localhost'
25-Feb-2026 19:08:52.072 INFO [http-nio-8081-exec-23] org.apache.catalina.core.ApplicationContext.log Manager: list: Listing contexts for virtual host 'localhost'
25-Feb-2026 19:11:12.711 INFO [http-nio-8081-exec-31] org.apache.catalina.core.ApplicationContext.log Manager: list: Listing contexts for virtual host 'localhost'
25-Feb-2026 19:11:12.725 INFO [http-nio-8081-exec-32] org.apache.catalina.core.ApplicationContext.log Manager: restart: Reloading web application '/SistemaSercoplus'
25-Feb-2026 19:11:15.044 INFO [http-nio-8081-exec-23] org.apache.catalina.core.ApplicationContext.log Manager: list: Listing contexts for virtual host 'localhost'
25-Feb-2026 19:11:15.053 INFO [http-nio-8081-exec-29] org.apache.catalina.core.ApplicationContext.log Manager: restart: Reloading web application '/SistemaSercoplus'
25-Feb-2026 19:11:27.220 INFO [http-nio-8081-exec-26] org.apache.catalina.core.ApplicationContext.log Manager: list: Listing contexts for virtual host 'localhost'
25-Feb-2026 19:11:27.233 INFO [http-nio-8081-exec-24] org.apache.catalina.core.ApplicationContext.log Manager: restart: Reloading web application '/SistemaSercoplus'
25-Feb-2026 19:11:45.225 INFO [http-nio-8081-exec-33] org.apache.catalina.core.ApplicationContext.log Manager: list: Listing contexts for virtual host 'localhost'
25-Feb-2026 19:11:45.235 INFO [http-nio-8081-exec-31] org.apache.catalina.core.ApplicationContext.log Manager: restart: Reloading web application '/SistemaSercoplus'
25-Feb-2026 19:11:46.314 INFO [http-nio-8081-exec-28] org.apache.catalina.core.ApplicationContext.log Manager: list: Listing contexts for virtual host 'localhost'
25-Feb-2026 19:11:46.335 INFO [http-nio-8081-exec-36] org.apache.catalina.core.ApplicationContext.log Manager: restart: Reloading web application '/SistemaSercoplus'
25-Feb-2026 19:12:26.807 INFO [http-nio-8081-exec-37] org.apache.catalina.core.ApplicationContext.log Manager: list: Listing contexts for virtual host 'localhost'
25-Feb-2026 19:12:26.817 INFO [http-nio-8081-exec-25] org.apache.catalina.core.ApplicationContext.log Manager: restart: Reloading web application '/SistemaSercoplus'
25-Feb-2026 19:12:28.043 INFO [http-nio-8081-exec-28] org.apache.catalina.core.ApplicationContext.log Manager: list: Listing contexts for virtual host 'localhost'
25-Feb-2026 19:12:28.052 INFO [http-nio-8081-exec-36] org.apache.catalina.core.ApplicationContext.log Manager: restart: Reloading web application '/SistemaSercoplus'
25-Feb-2026 19:12:37.555 INFO [http-nio-8081-exec-38] org.apache.catalina.core.ApplicationContext.log Manager: list: Listing contexts for virtual host 'localhost'
25-Feb-2026 19:12:37.578 INFO [http-nio-8081-exec-39] org.apache.catalina.core.ApplicationContext.log Manager: restart: Reloading web application '/SistemaSercoplus'
25-Feb-2026 19:12:39.577 INFO [http-nio-8081-exec-36] org.apache.catalina.core.ApplicationContext.log Manager: list: Listing contexts for virtual host 'localhost'
25-Feb-2026 19:12:39.590 INFO [http-nio-8081-exec-38] org.apache.catalina.core.ApplicationContext.log Manager: restart: Reloading web application '/SistemaSercoplus'
25-Feb-2026 19:22:19.081 INFO [http-nio-8081-exec-46] org.apache.catalina.core.ApplicationContext.log Manager: list: Listing contexts for virtual host 'localhost'
25-Feb-2026 19:22:19.110 INFO [http-nio-8081-exec-44] org.apache.catalina.core.ApplicationContext.log Manager: restart: Reloading web application '/SistemaSercoplus'
25-Feb-2026 19:22:20.467 INFO [http-nio-8081-exec-50] org.apache.catalina.core.ApplicationContext.log Manager: list: Listing contexts for virtual host 'localhost'
25-Feb-2026 19:22:20.482 INFO [http-nio-8081-exec-52] org.apache.catalina.core.ApplicationContext.log Manager: restart: Reloading web application '/SistemaSercoplus'
25-Feb-2026 19:22:38.257 INFO [http-nio-8081-exec-45] org.apache.catalina.core.ApplicationContext.log Manager: list: Listing contexts for virtual host 'localhost'
25-Feb-2026 19:22:38.439 INFO [http-nio-8081-exec-52] org.apache.catalina.core.ApplicationContext.log Manager: list: Listing contexts for virtual host 'localhost'
25-Feb-2026 19:22:51.731 INFO [http-nio-8081-exec-45] org.apache.catalina.core.ApplicationContext.log Manager: list: Listing contexts for virtual host 'localhost'
25-Feb-2026 19:22:51.740 INFO [http-nio-8081-exec-50] org.apache.catalina.core.ApplicationContext.log Manager: restart: Reloading web application '/SistemaSercoplus'
25-Feb-2026 19:22:52.974 INFO [http-nio-8081-exec-47] org.apache.catalina.core.ApplicationContext.log Manager: list: Listing contexts for virtual host 'localhost'
25-Feb-2026 19:22:52.984 INFO [http-nio-8081-exec-42] org.apache.catalina.core.ApplicationContext.log Manager: restart: Reloading web application '/SistemaSercoplus'
25-Feb-2026 19:23:02.724 INFO [http-nio-8081-exec-48] org.apache.catalina.core.ApplicationContext.log Manager: list: Listing contexts for virtual host 'localhost'
25-Feb-2026 19:23:02.811 INFO [http-nio-8081-exec-42] org.apache.catalina.core.ApplicationContext.log Manager: list: Listing contexts for virtual host 'localhost'
25-Feb-2026 19:23:03.826 INFO [http-nio-8081-exec-53] org.apache.catalina.core.ApplicationContext.log Manager: list: Listing contexts for virtual host 'localhost'
25-Feb-2026 19:23:03.837 INFO [http-nio-8081-exec-47] org.apache.catalina.core.ApplicationContext.log Manager: restart: Reloading web application '/SistemaSercoplus'
25-Feb-2026 19:23:25.741 INFO [http-nio-8081-exec-42] org.apache.catalina.core.ApplicationContext.log Manager: list: Listing contexts for virtual host 'localhost'
25-Feb-2026 19:23:25.832 INFO [http-nio-8081-exec-47] org.apache.catalina.core.ApplicationContext.log Manager: list: Listing contexts for virtual host 'localhost'
25-Feb-2026 19:23:27.003 INFO [http-nio-8081-exec-45] org.apache.catalina.core.ApplicationContext.log Manager: list: Listing contexts for virtual host 'localhost'
25-Feb-2026 19:23:27.016 INFO [http-nio-8081-exec-53] org.apache.catalina.core.ApplicationContext.log Manager: restart: Reloading web application '/SistemaSercoplus'
25-Feb-2026 19:23:40.950 INFO [http-nio-8081-exec-54] org.apache.catalina.core.ApplicationContext.log Manager: list: Listing contexts for virtual host 'localhost'
25-Feb-2026 19:23:40.980 INFO [http-nio-8081-exec-48] org.apache.catalina.core.ApplicationContext.log Manager: restart: Reloading web application '/SistemaSercoplus'
25-Feb-2026 19:23:41.787 INFO [http-nio-8081-exec-50] org.apache.catalina.core.ApplicationContext.log Manager: list: Listing contexts for virtual host 'localhost'
25-Feb-2026 19:23:41.794 INFO [http-nio-8081-exec-59] org.apache.catalina.core.ApplicationContext.log Manager: restart: Reloading web application '/SistemaSercoplus'
25-Feb-2026 19:23:42.707 INFO [http-nio-8081-exec-58] org.apache.catalina.core.ApplicationContext.log Manager: list: Listing contexts for virtual host 'localhost'
25-Feb-2026 19:23:42.719 INFO [http-nio-8081-exec-53] org.apache.catalina.core.ApplicationContext.log Manager: restart: Reloading web application '/SistemaSercoplus'
25-Feb-2026 19:23:46.233 INFO [http-nio-8081-exec-54] org.apache.catalina.core.ApplicationContext.log Manager: list: Listing contexts for virtual host 'localhost'
25-Feb-2026 19:23:46.251 INFO [http-nio-8081-exec-48] org.apache.catalina.core.ApplicationContext.log Manager: restart: Reloading web application '/SistemaSercoplus'
25-Feb-2026 19:23:52.986 INFO [http-nio-8081-exec-62] org.apache.catalina.core.ApplicationContext.log Manager: list: Listing contexts for virtual host 'localhost'
25-Feb-2026 19:23:53.065 INFO [http-nio-8081-exec-42] org.apache.catalina.core.ApplicationContext.log Manager: list: Listing contexts for virtual host 'localhost'
25-Feb-2026 19:24:02.350 INFO [http-nio-8081-exec-62] org.apache.catalina.core.ApplicationContext.log Manager: list: Listing contexts for virtual host 'localhost'
25-Feb-2026 19:24:02.422 INFO [http-nio-8081-exec-42] org.apache.catalina.core.ApplicationContext.log Manager: list: Listing contexts for virtual host 'localhost'
25-Feb-2026 19:24:02.780 INFO [http-nio-8081-exec-64] org.apache.catalina.core.ApplicationContext.log Manager: list: Listing contexts for virtual host 'localhost'
25-Feb-2026 19:24:02.789 INFO [http-nio-8081-exec-63] org.apache.catalina.core.ApplicationContext.log Manager: restart: Reloading web application '/SistemaSercoplus'
25-Feb-2026 19:24:48.320 INFO [http-nio-8081-exec-53] org.apache.catalina.core.ApplicationContext.log Manager: list: Listing contexts for virtual host 'localhost'
25-Feb-2026 19:24:48.342 INFO [http-nio-8081-exec-62] org.apache.catalina.core.ApplicationContext.log Manager: restart: Reloading web application '/SistemaSercoplus'
25-Feb-2026 19:24:49.289 INFO [http-nio-8081-exec-50] org.apache.catalina.core.ApplicationContext.log Manager: list: Listing contexts for virtual host 'localhost'
25-Feb-2026 19:24:49.304 INFO [http-nio-8081-exec-58] org.apache.catalina.core.ApplicationContext.log Manager: restart: Reloading web application '/SistemaSercoplus'
25-Feb-2026 19:25:16.381 INFO [http-nio-8081-exec-54] org.apache.catalina.core.ApplicationContext.log Manager: list: Listing contexts for virtual host 'localhost'
25-Feb-2026 19:25:16.391 INFO [http-nio-8081-exec-50] org.apache.catalina.core.ApplicationContext.log Manager: restart: Reloading web application '/SistemaSercoplus'
25-Feb-2026 19:25:17.266 INFO [http-nio-8081-exec-54] org.apache.catalina.core.ApplicationContext.log Manager: list: Listing contexts for virtual host 'localhost'
25-Feb-2026 19:25:17.275 INFO [http-nio-8081-exec-60] org.apache.catalina.core.ApplicationContext.log Manager: restart: Reloading web application '/SistemaSercoplus'
25-Feb-2026 19:25:31.696 INFO [http-nio-8081-exec-48] org.apache.catalina.core.ApplicationContext.log Manager: list: Listing contexts for virtual host 'localhost'
25-Feb-2026 19:25:31.713 INFO [http-nio-8081-exec-68] org.apache.catalina.core.ApplicationContext.log Manager: restart: Reloading web application '/SistemaSercoplus'
25-Feb-2026 19:25:32.969 INFO [http-nio-8081-exec-48] org.apache.catalina.core.ApplicationContext.log Manager: list: Listing contexts for virtual host 'localhost'
25-Feb-2026 19:25:32.976 INFO [http-nio-8081-exec-66] org.apache.catalina.core.ApplicationContext.log Manager: restart: Reloading web application '/SistemaSercoplus'
25-Feb-2026 19:25:54.669 INFO [http-nio-8081-exec-58] org.apache.catalina.core.ApplicationContext.log Manager: list: Listing contexts for virtual host 'localhost'
25-Feb-2026 19:25:54.682 INFO [http-nio-8081-exec-68] org.apache.catalina.core.ApplicationContext.log Manager: restart: Reloading web application '/SistemaSercoplus'
25-Feb-2026 19:25:55.585 INFO [http-nio-8081-exec-72] org.apache.catalina.core.ApplicationContext.log Manager: list: Listing contexts for virtual host 'localhost'
25-Feb-2026 19:25:55.595 INFO [http-nio-8081-exec-70] org.apache.catalina.core.ApplicationContext.log Manager: restart: Reloading web application '/SistemaSercoplus'
25-Feb-2026 19:26:41.623 INFO [http-nio-8081-exec-69] org.apache.catalina.core.ApplicationContext.log Manager: list: Listing contexts for virtual host 'localhost'
25-Feb-2026 19:26:41.640 INFO [http-nio-8081-exec-58] org.apache.catalina.core.ApplicationContext.log Manager: restart: Reloading web application '/SistemaSercoplus'
25-Feb-2026 19:26:43.442 INFO [http-nio-8081-exec-42] org.apache.catalina.core.ApplicationContext.log Manager: list: Listing contexts for virtual host 'localhost'
25-Feb-2026 19:26:43.453 INFO [http-nio-8081-exec-72] org.apache.catalina.core.ApplicationContext.log Manager: restart: Reloading web application '/SistemaSercoplus'
25-Feb-2026 19:27:09.547 INFO [http-nio-8081-exec-65] org.apache.catalina.core.ApplicationContext.log Manager: list: Listing contexts for virtual host 'localhost'
25-Feb-2026 19:27:09.555 INFO [http-nio-8081-exec-68] org.apache.catalina.core.ApplicationContext.log Manager: restart: Reloading web application '/SistemaSercoplus'
25-Feb-2026 19:27:11.172 INFO [http-nio-8081-exec-75] org.apache.catalina.core.ApplicationContext.log Manager: list: Listing contexts for virtual host 'localhost'
25-Feb-2026 19:27:11.189 INFO [http-nio-8081-exec-72] org.apache.catalina.core.ApplicationContext.log Manager: restart: Reloading web application '/SistemaSercoplus'
25-Feb-2026 19:27:32.083 INFO [http-nio-8081-exec-65] org.apache.catalina.core.ApplicationContext.log Manager: list: Listing contexts for virtual host 'localhost'
25-Feb-2026 19:27:32.097 INFO [http-nio-8081-exec-73] org.apache.catalina.core.ApplicationContext.log Manager: restart: Reloading web application '/SistemaSercoplus'
25-Feb-2026 19:27:33.608 INFO [http-nio-8081-exec-77] org.apache.catalina.core.ApplicationContext.log Manager: list: Listing contexts for virtual host 'localhost'
25-Feb-2026 19:27:33.621 INFO [http-nio-8081-exec-42] org.apache.catalina.core.ApplicationContext.log Manager: restart: Reloading web application '/SistemaSercoplus'
25-Feb-2026 19:43:44.238 INFO [http-nio-8081-exec-83] org.apache.catalina.core.ApplicationContext.log Manager: list: Listing contexts for virtual host 'localhost'
25-Feb-2026 19:44:41.206 INFO [http-nio-8081-exec-89] org.apache.catalina.core.ApplicationContext.log Manager: list: Listing contexts for virtual host 'localhost'
25-Feb-2026 19:44:41.222 INFO [http-nio-8081-exec-80] org.apache.catalina.core.ApplicationContext.log Manager: restart: Reloading web application '/SistemaSercoplus'
25-Feb-2026 19:58:48.648 INFO [http-nio-8081-exec-95] org.apache.catalina.core.ApplicationContext.log Manager: list: Listing contexts for virtual host 'localhost'
25-Feb-2026 19:58:48.672 INFO [http-nio-8081-exec-96] org.apache.catalina.core.ApplicationContext.log Manager: restart: Reloading web application '/SistemaSercoplus'
25-Feb-2026 19:58:50.208 INFO [http-nio-8081-exec-93] org.apache.catalina.core.ApplicationContext.log Manager: list: Listing contexts for virtual host 'localhost'
25-Feb-2026 19:58:50.223 INFO [http-nio-8081-exec-98] org.apache.catalina.core.ApplicationContext.log Manager: restart: Reloading web application '/SistemaSercoplus'
25-Feb-2026 20:00:19.724 INFO [http-nio-8081-exec-97] org.apache.catalina.core.ApplicationContext.log Manager: list: Listing contexts for virtual host 'localhost'
25-Feb-2026 20:00:19.738 INFO [http-nio-8081-exec-99] org.apache.catalina.core.ApplicationContext.log Manager: restart: Reloading web application '/SistemaSercoplus'
25-Feb-2026 20:00:21.685 INFO [http-nio-8081-exec-95] org.apache.catalina.core.ApplicationContext.log Manager: list: Listing contexts for virtual host 'localhost'
25-Feb-2026 20:00:21.701 INFO [http-nio-8081-exec-98] org.apache.catalina.core.ApplicationContext.log Manager: restart: Reloading web application '/SistemaSercoplus'
25-Feb-2026 20:01:10.514 INFO [http-nio-8081-exec-101] org.apache.catalina.core.ApplicationContext.log Manager: list: Listing contexts for virtual host 'localhost'
25-Feb-2026 20:01:10.523 INFO [http-nio-8081-exec-104] org.apache.catalina.core.ApplicationContext.log Manager: restart: Reloading web application '/SistemaSercoplus'
25-Feb-2026 20:01:11.503 INFO [http-nio-8081-exec-95] org.apache.catalina.core.ApplicationContext.log Manager: list: Listing contexts for virtual host 'localhost'
25-Feb-2026 20:01:11.524 INFO [http-nio-8081-exec-106] org.apache.catalina.core.ApplicationContext.log Manager: restart: Reloading web application '/SistemaSercoplus'
25-Feb-2026 20:01:14.239 INFO [http-nio-8081-exec-104] org.apache.catalina.core.ApplicationContext.log Manager: list: Listing contexts for virtual host 'localhost'
25-Feb-2026 20:01:23.193 INFO [http-nio-8081-exec-104] org.apache.catalina.core.ApplicationContext.log Manager: list: Listing contexts for virtual host 'localhost'
25-Feb-2026 20:06:19.856 INFO [http-nio-8081-exec-115] org.apache.catalina.core.ApplicationContext.log Manager: list: Listing contexts for virtual host 'localhost'
25-Feb-2026 20:13:33.597 INFO [http-nio-8081-exec-108] org.apache.catalina.core.ApplicationContext.log Manager: list: Listing contexts for virtual host 'localhost'
25-Feb-2026 20:13:33.660 INFO [http-nio-8081-exec-112] org.apache.catalina.core.ApplicationContext.log Manager: undeploy: Undeploying web application at '/SistemaSercoplus'
25-Feb-2026 20:13:42.104 INFO [http-nio-8081-exec-114] org.apache.catalina.core.ApplicationContext.log Manager: list: Listing contexts for virtual host 'localhost'
25-Feb-2026 20:13:42.247 INFO [http-nio-8081-exec-120] org.apache.catalina.core.ApplicationContext.log Manager: list: Listing contexts for virtual host 'localhost'
25-Feb-2026 20:13:42.307 INFO [http-nio-8081-exec-108] org.apache.catalina.core.ApplicationContext.log Manager: install: Installing context configuration at 'file:/C:/Users/Anderson/AppData/Local/Temp/context11972445912862925012.xml'
25-Feb-2026 20:13:43.979 INFO [http-nio-8081-exec-117] org.apache.catalina.core.ApplicationContext.log Manager: start: Starting web application '/SistemaSercoplus'
25-Feb-2026 20:23:10.203 INFO [http-nio-8081-exec-120] org.apache.catalina.core.ApplicationContext.log Manager: list: Listing contexts for virtual host 'localhost'
25-Feb-2026 20:23:10.238 INFO [http-nio-8081-exec-119] org.apache.catalina.core.ApplicationContext.log Manager: restart: Reloading web application '/SistemaSercoplus'
25-Feb-2026 20:23:12.299 INFO [http-nio-8081-exec-118] org.apache.catalina.core.ApplicationContext.log Manager: list: Listing contexts for virtual host 'localhost'
25-Feb-2026 20:23:12.334 INFO [http-nio-8081-exec-128] org.apache.catalina.core.ApplicationContext.log Manager: restart: Reloading web application '/SistemaSercoplus'
25-Feb-2026 20:23:29.573 INFO [http-nio-8081-exec-127] org.apache.catalina.core.ApplicationContext.log Manager: list: Listing contexts for virtual host 'localhost'
25-Feb-2026 20:23:29.585 INFO [http-nio-8081-exec-122] org.apache.catalina.core.ApplicationContext.log Manager: restart: Reloading web application '/SistemaSercoplus'
25-Feb-2026 20:23:31.015 INFO [http-nio-8081-exec-126] org.apache.catalina.core.ApplicationContext.log Manager: list: Listing contexts for virtual host 'localhost'
25-Feb-2026 20:23:31.025 INFO [http-nio-8081-exec-130] org.apache.catalina.core.ApplicationContext.log Manager: restart: Reloading web application '/SistemaSercoplus'
25-Feb-2026 20:23:50.703 INFO [http-nio-8081-exec-118] org.apache.catalina.core.ApplicationContext.log Manager: list: Listing contexts for virtual host 'localhost'
25-Feb-2026 20:23:50.718 INFO [http-nio-8081-exec-123] org.apache.catalina.core.ApplicationContext.log Manager: restart: Reloading web application '/SistemaSercoplus'
25-Feb-2026 20:23:51.627 INFO [http-nio-8081-exec-131] org.apache.catalina.core.ApplicationContext.log Manager: list: Listing contexts for virtual host 'localhost'
25-Feb-2026 20:23:51.639 INFO [http-nio-8081-exec-126] org.apache.catalina.core.ApplicationContext.log Manager: restart: Reloading web application '/SistemaSercoplus'
25-Feb-2026 20:25:21.951 INFO [http-nio-8081-exec-131] org.apache.catalina.core.ApplicationContext.log Manager: list: Listing contexts for virtual host 'localhost'
25-Feb-2026 20:25:21.963 INFO [http-nio-8081-exec-130] org.apache.catalina.core.ApplicationContext.log Manager: restart: Reloading web application '/SistemaSercoplus'
25-Feb-2026 20:25:23.207 INFO [http-nio-8081-exec-134] org.apache.catalina.core.ApplicationContext.log Manager: list: Listing contexts for virtual host 'localhost'
25-Feb-2026 20:25:23.219 INFO [http-nio-8081-exec-132] org.apache.catalina.core.ApplicationContext.log Manager: restart: Reloading web application '/SistemaSercoplus'
25-Feb-2026 20:25:24.386 INFO [http-nio-8081-exec-136] org.apache.catalina.core.ApplicationContext.log Manager: list: Listing contexts for virtual host 'localhost'
25-Feb-2026 20:25:24.421 INFO [http-nio-8081-exec-130] org.apache.catalina.core.ApplicationContext.log Manager: restart: Reloading web application '/SistemaSercoplus'
25-Feb-2026 20:25:25.269 INFO [http-nio-8081-exec-134] org.apache.catalina.core.ApplicationContext.log Manager: list: Listing contexts for virtual host 'localhost'
25-Feb-2026 20:25:25.279 INFO [http-nio-8081-exec-129] org.apache.catalina.core.ApplicationContext.log Manager: restart: Reloading web application '/SistemaSercoplus'
25-Feb-2026 20:28:41.800 INFO [http-nio-8081-exec-138] org.apache.catalina.core.ApplicationContext.log Manager: list: Listing contexts for virtual host 'localhost'
25-Feb-2026 20:31:05.597 INFO [http-nio-8081-exec-139] org.apache.catalina.core.ApplicationContext.log Manager: list: Listing contexts for virtual host 'localhost'
25-Feb-2026 20:31:05.611 INFO [http-nio-8081-exec-143] org.apache.catalina.core.ApplicationContext.log Manager: restart: Reloading web application '/SistemaSercoplus'
25-Feb-2026 20:31:31.660 INFO [http-nio-8081-exec-144] org.apache.catalina.core.ApplicationContext.log Manager: list: Listing contexts for virtual host 'localhost'
25-Feb-2026 20:35:10.346 INFO [http-nio-8081-exec-148] org.apache.catalina.core.ApplicationContext.log Manager: list: Listing contexts for virtual host 'localhost'
25-Feb-2026 20:35:54.335 INFO [http-nio-8081-exec-156] org.apache.catalina.core.ApplicationContext.log Manager: list: Listing contexts for virtual host 'localhost'
25-Feb-2026 20:36:11.951 INFO [http-nio-8081-exec-154] org.apache.catalina.core.ApplicationContext.log Manager: list: Listing contexts for virtual host 'localhost'
25-Feb-2026 20:36:13.185 INFO [http-nio-8081-exec-155] org.apache.catalina.core.ApplicationContext.log Manager: list: Listing contexts for virtual host 'localhost'
25-Feb-2026 20:38:54.923 INFO [http-nio-8081-exec-150] org.apache.catalina.core.ApplicationContext.log Manager: list: Listing contexts for virtual host 'localhost'
25-Feb-2026 20:40:03.131 INFO [http-nio-8081-exec-153] org.apache.catalina.core.ApplicationContext.log Manager: list: Listing contexts for virtual host 'localhost'
25-Feb-2026 20:40:03.145 INFO [http-nio-8081-exec-151] org.apache.catalina.core.ApplicationContext.log Manager: restart: Reloading web application '/SistemaSercoplus'
25-Feb-2026 20:40:47.784 INFO [http-nio-8081-exec-148] org.apache.catalina.core.ApplicationContext.log Manager: list: Listing contexts for virtual host 'localhost'
25-Feb-2026 20:40:48.134 INFO [http-nio-8081-exec-153] org.apache.catalina.core.ApplicationContext.log Manager: list: Listing contexts for virtual host 'localhost'
25-Feb-2026 20:40:55.627 INFO [http-nio-8081-exec-160] org.apache.catalina.core.ApplicationContext.log Manager: list: Listing contexts for virtual host 'localhost'
25-Feb-2026 20:49:09.851 INFO [http-nio-8081-exec-166] org.apache.catalina.core.ApplicationContext.log Manager: list: Listing contexts for virtual host 'localhost'
25-Feb-2026 20:49:31.205 INFO [http-nio-8081-exec-165] org.apache.catalina.core.ApplicationContext.log Manager: list: Listing contexts for virtual host 'localhost'
25-Feb-2026 20:53:26.396 INFO [http-nio-8081-exec-165] org.apache.catalina.core.ApplicationContext.log Manager: list: Listing contexts for virtual host 'localhost'
25-Feb-2026 20:58:05.634 INFO [http-nio-8081-exec-166] org.apache.catalina.core.ApplicationContext.log Manager: list: Listing contexts for virtual host 'localhost'
25-Feb-2026 21:02:17.272 INFO [http-nio-8081-exec-160] org.apache.catalina.core.ApplicationContext.log Manager: list: Listing contexts for virtual host 'localhost'
25-Feb-2026 21:04:36.281 INFO [http-nio-8081-exec-160] org.apache.catalina.core.ApplicationContext.log Manager: list: Listing contexts for virtual host 'localhost'
25-Feb-2026 21:09:20.536 INFO [http-nio-8081-exec-158] org.apache.catalina.core.ApplicationContext.log Manager: list: Listing contexts for virtual host 'localhost'
25-Feb-2026 21:09:21.098 INFO [http-nio-8081-exec-165] org.apache.catalina.core.ApplicationContext.log Manager: list: Listing contexts for virtual host 'localhost'
25-Feb-2026 21:09:42.371 INFO [http-nio-8081-exec-165] org.apache.catalina.core.ApplicationContext.log Manager: list: Listing contexts for virtual host 'localhost'
25-Feb-2026 21:10:02.187 INFO [http-nio-8081-exec-159] org.apache.catalina.core.ApplicationContext.log Manager: list: Listing contexts for virtual host 'localhost'
25-Feb-2026 21:10:33.302 INFO [http-nio-8081-exec-164] org.apache.catalina.core.ApplicationContext.log Manager: list: Listing contexts for virtual host 'localhost'
25-Feb-2026 21:13:48.527 INFO [http-nio-8081-exec-164] org.apache.catalina.core.ApplicationContext.log Manager: list: Listing contexts for virtual host 'localhost'
25-Feb-2026 21:21:11.288 INFO [http-nio-8081-exec-165] org.apache.catalina.core.ApplicationContext.log Manager: list: Listing contexts for virtual host 'localhost'
25-Feb-2026 21:21:26.253 INFO [http-nio-8081-exec-164] org.apache.catalina.core.ApplicationContext.log Manager: list: Listing contexts for virtual host 'localhost'
25-Feb-2026 21:21:34.486 INFO [http-nio-8081-exec-159] org.apache.catalina.core.ApplicationContext.log Manager: list: Listing contexts for virtual host 'localhost'
25-Feb-2026 21:25:27.331 INFO [http-nio-8081-exec-160] org.apache.catalina.core.ApplicationContext.log Manager: list: Listing contexts for virtual host 'localhost'
25-Feb-2026 21:26:18.868 INFO [http-nio-8081-exec-165] org.apache.catalina.core.ApplicationContext.log Manager: list: Listing contexts for virtual host 'localhost'
25-Feb-2026 21:26:29.239 INFO [http-nio-8081-exec-158] org.apache.catalina.core.ApplicationContext.log Manager: list: Listing contexts for virtual host 'localhost'
25-Feb-2026 21:27:58.860 INFO [http-nio-8081-exec-166] org.apache.catalina.core.ApplicationContext.log Manager: list: Listing contexts for virtual host 'localhost'
25-Feb-2026 21:27:58.909 INFO [http-nio-8081-exec-162] org.apache.catalina.core.ApplicationContext.log Manager: undeploy: Undeploying web application at '/SistemaSercoplus'
25-Feb-2026 21:33:20.444 INFO [http-nio-8081-exec-171] org.apache.catalina.core.ApplicationContext.log Manager: list: Listing contexts for virtual host 'localhost'
25-Feb-2026 21:33:20.451 INFO [http-nio-8081-exec-175] org.apache.catalina.core.ApplicationContext.log Manager: list: Listing contexts for virtual host 'localhost'
25-Feb-2026 21:33:20.471 INFO [http-nio-8081-exec-174] org.apache.catalina.core.ApplicationContext.log Manager: install: Installing context configuration at 'file:/C:/Users/Anderson/AppData/Local/Temp/context7036171687967346491.xml'
25-Feb-2026 21:33:21.903 INFO [http-nio-8081-exec-168] org.apache.catalina.core.ApplicationContext.log Manager: start: Starting web application '/SistemaSercoplus'
25-Feb-2026 21:42:58.042 INFO [http-nio-8081-exec-169] org.apache.catalina.core.ApplicationContext.log Manager: list: Listing contexts for virtual host 'localhost'
25-Feb-2026 21:43:52.967 INFO [http-nio-8081-exec-174] org.apache.catalina.core.ApplicationContext.log Manager: list: Listing contexts for virtual host 'localhost'
25-Feb-2026 21:43:52.978 INFO [http-nio-8081-exec-171] org.apache.catalina.core.ApplicationContext.log Manager: undeploy: Undeploying web application at '/SistemaSercoplus'
25-Feb-2026 22:01:26.973 INFO [http-nio-8081-exec-179] org.apache.catalina.core.ApplicationContext.log Manager: list: Listing contexts for virtual host 'localhost'
25-Feb-2026 22:01:26.986 INFO [http-nio-8081-exec-184] org.apache.catalina.core.ApplicationContext.log Manager: list: Listing contexts for virtual host 'localhost'
25-Feb-2026 22:01:27.007 INFO [http-nio-8081-exec-183] org.apache.catalina.core.ApplicationContext.log Manager: install: Installing context configuration at 'file:/C:/Users/Anderson/AppData/Local/Temp/context13580436582637661576.xml'
25-Feb-2026 22:01:29.096 INFO [http-nio-8081-exec-185] org.apache.catalina.core.ApplicationContext.log Manager: start: Starting web application '/SistemaSercoplus'
25-Feb-2026 22:04:25.904 INFO [http-nio-8081-exec-187] org.apache.catalina.core.ApplicationContext.log Manager: list: Listing contexts for virtual host 'localhost'
25-Feb-2026 22:04:25.914 INFO [http-nio-8081-exec-181] org.apache.catalina.core.ApplicationContext.log Manager: restart: Reloading web application '/SistemaSercoplus'
25-Feb-2026 22:09:40.062 INFO [http-nio-8081-exec-191] org.apache.catalina.core.ApplicationContext.log Manager: list: Listing contexts for virtual host 'localhost'
25-Feb-2026 22:09:40.076 INFO [http-nio-8081-exec-190] org.apache.catalina.core.ApplicationContext.log Manager: restart: Reloading web application '/SistemaSercoplus'
25-Feb-2026 22:09:41.380 INFO [http-nio-8081-exec-193] org.apache.catalina.core.ApplicationContext.log Manager: list: Listing contexts for virtual host 'localhost'
25-Feb-2026 22:09:41.388 INFO [http-nio-8081-exec-197] org.apache.catalina.core.ApplicationContext.log Manager: restart: Reloading web application '/SistemaSercoplus'
25-Feb-2026 22:11:18.692 INFO [http-nio-8081-exec-191] org.apache.catalina.core.ApplicationContext.log Manager: list: Listing contexts for virtual host 'localhost'
25-Feb-2026 22:11:18.702 INFO [http-nio-8081-exec-200] org.apache.catalina.core.ApplicationContext.log Manager: restart: Reloading web application '/SistemaSercoplus'
25-Feb-2026 22:11:19.749 INFO [http-nio-8081-exec-193] org.apache.catalina.core.ApplicationContext.log Manager: list: Listing contexts for virtual host 'localhost'
25-Feb-2026 22:11:19.754 INFO [http-nio-8081-exec-199] org.apache.catalina.core.ApplicationContext.log Manager: restart: Reloading web application '/SistemaSercoplus'
25-Feb-2026 22:11:37.686 INFO [http-nio-8081-exec-197] org.apache.catalina.core.ApplicationContext.log Manager: list: Listing contexts for virtual host 'localhost'
25-Feb-2026 22:11:37.693 INFO [http-nio-8081-exec-193] org.apache.catalina.core.ApplicationContext.log Manager: restart: Reloading web application '/SistemaSercoplus'
25-Feb-2026 22:11:38.390 INFO [http-nio-8081-exec-194] org.apache.catalina.core.ApplicationContext.log Manager: list: Listing contexts for virtual host 'localhost'
25-Feb-2026 22:11:38.398 INFO [http-nio-8081-exec-189] org.apache.catalina.core.ApplicationContext.log Manager: restart: Reloading web application '/SistemaSercoplus'
25-Feb-2026 22:11:59.016 INFO [http-nio-8081-exec-197] org.apache.catalina.core.ApplicationContext.log Manager: list: Listing contexts for virtual host 'localhost'
25-Feb-2026 22:11:59.024 INFO [http-nio-8081-exec-202] org.apache.catalina.core.ApplicationContext.log Manager: restart: Reloading web application '/SistemaSercoplus'
25-Feb-2026 22:12:00.205 INFO [http-nio-8081-exec-198] org.apache.catalina.core.ApplicationContext.log Manager: list: Listing contexts for virtual host 'localhost'
25-Feb-2026 22:12:00.211 INFO [http-nio-8081-exec-204] org.apache.catalina.core.ApplicationContext.log Manager: restart: Reloading web application '/SistemaSercoplus'
25-Feb-2026 22:15:41.225 INFO [http-nio-8081-exec-199] org.apache.catalina.core.ApplicationContext.log Manager: list: Listing contexts for virtual host 'localhost'
25-Feb-2026 22:15:41.552 INFO [http-nio-8081-exec-201] org.apache.catalina.core.ApplicationContext.log Manager: list: Listing contexts for virtual host 'localhost'
25-Feb-2026 22:15:41.559 INFO [http-nio-8081-exec-200] org.apache.catalina.core.ApplicationContext.log Manager: restart: Reloading web application '/SistemaSercoplus'
25-Feb-2026 22:15:42.493 INFO [http-nio-8081-exec-198] org.apache.catalina.core.ApplicationContext.log Manager: list: Listing contexts for virtual host 'localhost'
25-Feb-2026 22:15:42.503 INFO [http-nio-8081-exec-206] org.apache.catalina.core.ApplicationContext.log Manager: restart: Reloading web application '/SistemaSercoplus'
25-Feb-2026 22:15:43.348 INFO [http-nio-8081-exec-204] org.apache.catalina.core.ApplicationContext.log Manager: list: Listing contexts for virtual host 'localhost'
25-Feb-2026 22:15:43.351 INFO [http-nio-8081-exec-207] org.apache.catalina.core.ApplicationContext.log Manager: list: Listing contexts for virtual host 'localhost'
25-Feb-2026 22:15:43.388 INFO [http-nio-8081-exec-199] org.apache.catalina.core.ApplicationContext.log Manager: restart: Reloading web application '/SistemaSercoplus'
25-Feb-2026 22:17:06.326 INFO [http-nio-8081-exec-220] org.apache.catalina.core.ApplicationContext.log Manager: list: Listing contexts for virtual host 'localhost'
25-Feb-2026 22:17:06.328 INFO [http-nio-8081-exec-219] org.apache.catalina.core.ApplicationContext.log Manager: list: Listing contexts for virtual host 'localhost'
25-Feb-2026 22:18:24.694 INFO [http-nio-8081-exec-215] org.apache.catalina.core.ApplicationContext.log Manager: list: Listing contexts for virtual host 'localhost'
25-Feb-2026 22:18:24.700 INFO [http-nio-8081-exec-212] org.apache.catalina.core.ApplicationContext.log Manager: list: Listing contexts for virtual host 'localhost'
25-Feb-2026 22:19:29.347 INFO [http-nio-8081-exec-216] org.apache.catalina.core.ApplicationContext.log Manager: list: Listing contexts for virtual host 'localhost'
25-Feb-2026 22:19:29.351 INFO [http-nio-8081-exec-218] org.apache.catalina.core.ApplicationContext.log Manager: list: Listing contexts for virtual host 'localhost'
25-Feb-2026 22:23:52.601 INFO [http-nio-8081-exec-5] org.apache.catalina.core.ApplicationContext.log Manager: init: Associated with Deployer 'Catalina:type=Deployer,host=localhost'
25-Feb-2026 22:23:52.601 INFO [http-nio-8081-exec-5] org.apache.catalina.core.ApplicationContext.log Manager: init: Global resources are available
25-Feb-2026 22:23:52.670 INFO [http-nio-8081-exec-9] org.apache.catalina.core.ApplicationContext.log Manager: list: Listing contexts for virtual host 'localhost'
25-Feb-2026 22:23:52.681 INFO [http-nio-8081-exec-10] org.apache.catalina.core.ApplicationContext.log Manager: list: Listing contexts for virtual host 'localhost'
25-Feb-2026 22:27:15.524 INFO [http-nio-8081-exec-6] org.apache.catalina.core.ApplicationContext.log Manager: list: Listing contexts for virtual host 'localhost'
25-Feb-2026 22:27:15.539 INFO [http-nio-8081-exec-9] org.apache.catalina.core.ApplicationContext.log Manager: restart: Reloading web application '/SistemaSercoplus'
25-Feb-2026 22:27:28.372 INFO [http-nio-8081-exec-12] org.apache.catalina.core.ApplicationContext.log Manager: list: Listing contexts for virtual host 'localhost'
25-Feb-2026 22:27:28.380 INFO [http-nio-8081-exec-10] org.apache.catalina.core.ApplicationContext.log Manager: restart: Reloading web application '/SistemaSercoplus'
25-Feb-2026 22:27:29.477 INFO [http-nio-8081-exec-3] org.apache.catalina.core.ApplicationContext.log Manager: list: Listing contexts for virtual host 'localhost'
25-Feb-2026 22:27:29.484 INFO [http-nio-8081-exec-7] org.apache.catalina.core.ApplicationContext.log Manager: restart: Reloading web application '/SistemaSercoplus'
25-Feb-2026 22:27:30.567 INFO [http-nio-8081-exec-12] org.apache.catalina.core.ApplicationContext.log Manager: list: Listing contexts for virtual host 'localhost'
25-Feb-2026 22:27:30.575 INFO [http-nio-8081-exec-5] org.apache.catalina.core.ApplicationContext.log Manager: restart: Reloading web application '/SistemaSercoplus'
25-Feb-2026 22:29:24.261 INFO [http-nio-8081-exec-11] org.apache.catalina.core.ApplicationContext.log Manager: list: Listing contexts for virtual host 'localhost'
25-Feb-2026 22:29:24.274 INFO [http-nio-8081-exec-13] org.apache.catalina.core.ApplicationContext.log Manager: restart: Reloading web application '/SistemaSercoplus'
25-Feb-2026 22:29:25.450 INFO [http-nio-8081-exec-3] org.apache.catalina.core.ApplicationContext.log Manager: list: Listing contexts for virtual host 'localhost'
25-Feb-2026 22:29:25.456 INFO [http-nio-8081-exec-11] org.apache.catalina.core.ApplicationContext.log Manager: restart: Reloading web application '/SistemaSercoplus'
25-Feb-2026 22:30:20.720 INFO [http-nio-8081-exec-2] org.apache.catalina.core.ApplicationContext.log Manager: list: Listing contexts for virtual host 'localhost'
25-Feb-2026 22:30:20.728 INFO [http-nio-8081-exec-17] org.apache.catalina.core.ApplicationContext.log Manager: restart: Reloading web application '/SistemaSercoplus'
25-Feb-2026 22:30:21.887 INFO [http-nio-8081-exec-13] org.apache.catalina.core.ApplicationContext.log Manager: list: Listing contexts for virtual host 'localhost'
25-Feb-2026 22:30:21.921 INFO [http-nio-8081-exec-2] org.apache.catalina.core.ApplicationContext.log Manager: restart: Reloading web application '/SistemaSercoplus'
25-Feb-2026 22:30:46.276 INFO [http-nio-8081-exec-6] org.apache.catalina.core.ApplicationContext.log Manager: list: Listing contexts for virtual host 'localhost'
25-Feb-2026 22:30:46.288 INFO [http-nio-8081-exec-11] org.apache.catalina.core.ApplicationContext.log Manager: restart: Reloading web application '/SistemaSercoplus'
25-Feb-2026 22:30:47.200 INFO [http-nio-8081-exec-19] org.apache.catalina.core.ApplicationContext.log Manager: list: Listing contexts for virtual host 'localhost'
25-Feb-2026 22:30:47.208 INFO [http-nio-8081-exec-18] org.apache.catalina.core.ApplicationContext.log Manager: restart: Reloading web application '/SistemaSercoplus'
25-Feb-2026 22:31:29.979 INFO [http-nio-8081-exec-13] org.apache.catalina.core.ApplicationContext.log Manager: list: Listing contexts for virtual host 'localhost'
25-Feb-2026 22:31:29.988 INFO [http-nio-8081-exec-6] org.apache.catalina.core.ApplicationContext.log Manager: restart: Reloading web application '/SistemaSercoplus'
25-Feb-2026 22:31:30.794 INFO [http-nio-8081-exec-2] org.apache.catalina.core.ApplicationContext.log Manager: list: Listing contexts for virtual host 'localhost'
25-Feb-2026 22:31:30.804 INFO [http-nio-8081-exec-5] org.apache.catalina.core.ApplicationContext.log Manager: restart: Reloading web application '/SistemaSercoplus'
25-Feb-2026 22:33:31.840 INFO [http-nio-8081-exec-17] org.apache.catalina.core.ApplicationContext.log Manager: list: Listing contexts for virtual host 'localhost'
25-Feb-2026 22:33:31.848 INFO [http-nio-8081-exec-19] org.apache.catalina.core.ApplicationContext.log Manager: restart: Reloading web application '/SistemaSercoplus'
25-Feb-2026 22:33:56.688 INFO [http-nio-8081-exec-21] org.apache.catalina.core.ApplicationContext.log Manager: list: Listing contexts for virtual host 'localhost'
25-Feb-2026 22:33:56.695 INFO [http-nio-8081-exec-2] org.apache.catalina.core.ApplicationContext.log Manager: restart: Reloading web application '/SistemaSercoplus'
25-Feb-2026 22:33:57.500 INFO [http-nio-8081-exec-27] org.apache.catalina.core.ApplicationContext.log Manager: list: Listing contexts for virtual host 'localhost'
25-Feb-2026 22:33:57.507 INFO [http-nio-8081-exec-17] org.apache.catalina.core.ApplicationContext.log Manager: restart: Reloading web application '/SistemaSercoplus'
25-Feb-2026 22:34:17.730 INFO [http-nio-8081-exec-22] org.apache.catalina.core.ApplicationContext.log Manager: list: Listing contexts for virtual host 'localhost'
25-Feb-2026 22:34:17.738 INFO [http-nio-8081-exec-19] org.apache.catalina.core.ApplicationContext.log Manager: restart: Reloading web application '/SistemaSercoplus'
25-Feb-2026 22:34:18.485 INFO [http-nio-8081-exec-2] org.apache.catalina.core.ApplicationContext.log Manager: list: Listing contexts for virtual host 'localhost'
25-Feb-2026 22:34:18.491 INFO [http-nio-8081-exec-22] org.apache.catalina.core.ApplicationContext.log Manager: restart: Reloading web application '/SistemaSercoplus'
25-Feb-2026 22:34:58.477 INFO [http-nio-8081-exec-21] org.apache.catalina.core.ApplicationContext.log Manager: list: Listing contexts for virtual host 'localhost'
25-Feb-2026 22:34:58.482 INFO [http-nio-8081-exec-19] org.apache.catalina.core.ApplicationContext.log Manager: restart: Reloading web application '/SistemaSercoplus'
25-Feb-2026 22:38:19.842 INFO [http-nio-8081-exec-33] org.apache.catalina.core.ApplicationContext.log Manager: list: Listing contexts for virtual host 'localhost'
25-Feb-2026 22:38:19.852 INFO [http-nio-8081-exec-29] org.apache.catalina.core.ApplicationContext.log Manager: restart: Reloading web application '/SistemaSercoplus'
25-Feb-2026 22:40:35.844 INFO [http-nio-8081-exec-30] org.apache.catalina.core.ApplicationContext.log Manager: list: Listing contexts for virtual host 'localhost'
25-Feb-2026 22:40:35.855 INFO [http-nio-8081-exec-38] org.apache.catalina.core.ApplicationContext.log Manager: restart: Reloading web application '/SistemaSercoplus'
25-Feb-2026 22:40:42.253 INFO [http-nio-8081-exec-37] org.apache.catalina.core.ApplicationContext.log Manager: list: Listing contexts for virtual host 'localhost'
25-Feb-2026 22:40:42.261 INFO [http-nio-8081-exec-30] org.apache.catalina.core.ApplicationContext.log Manager: restart: Reloading web application '/SistemaSercoplus'
25-Feb-2026 22:40:43.001 INFO [http-nio-8081-exec-23] org.apache.catalina.core.ApplicationContext.log Manager: list: Listing contexts for virtual host 'localhost'
25-Feb-2026 22:40:43.007 INFO [http-nio-8081-exec-35] org.apache.catalina.core.ApplicationContext.log Manager: restart: Reloading web application '/SistemaSercoplus'
25-Feb-2026 22:40:44.714 INFO [http-nio-8081-exec-28] org.apache.catalina.core.ApplicationContext.log Manager: list: Listing contexts for virtual host 'localhost'
25-Feb-2026 22:40:44.719 INFO [http-nio-8081-exec-37] org.apache.catalina.core.ApplicationContext.log Manager: restart: Reloading web application '/SistemaSercoplus'
25-Feb-2026 22:43:00.798 INFO [http-nio-8081-exec-23] org.apache.catalina.core.ApplicationContext.log Manager: list: Listing contexts for virtual host 'localhost'
25-Feb-2026 22:43:00.816 INFO [http-nio-8081-exec-37] org.apache.catalina.core.ApplicationContext.log Manager: undeploy: Undeploying web application at '/SistemaSercoplus'
