27-Feb-2026 10:14:39.103 INFO [http-nio-8081-exec-4] org.apache.catalina.core.ApplicationContext.log Manager: init: Associated with Deployer 'Catalina:type=Deployer,host=localhost'
27-Feb-2026 10:14:39.103 INFO [http-nio-8081-exec-4] org.apache.catalina.core.ApplicationContext.log Manager: init: Global resources are available
27-Feb-2026 10:14:39.159 INFO [http-nio-8081-exec-7] org.apache.catalina.core.ApplicationContext.log Manager: list: Listing contexts for virtual host 'localhost'
27-Feb-2026 10:14:39.189 INFO [http-nio-8081-exec-9] org.apache.catalina.core.ApplicationContext.log Manager: undeploy: Undeploying web application at '/SistemaSercoplus'
27-Feb-2026 10:14:39.747 INFO [http-nio-8081-exec-5] org.apache.catalina.core.ApplicationContext.log Manager: install: Installing context configuration at 'file:/C:/Users/Anderson/AppData/Local/Temp/context233510052606768395.xml'
27-Feb-2026 10:14:40.333 INFO [http-nio-8081-exec-2] org.apache.catalina.core.ApplicationContext.log Manager: start: Starting web application '/SistemaSercoplus'
27-Feb-2026 10:16:25.336 INFO [http-nio-8081-exec-17] org.apache.catalina.core.ApplicationContext.log Manager: list: Listing contexts for virtual host 'localhost'
27-Feb-2026 10:16:25.351 INFO [http-nio-8081-exec-13] org.apache.catalina.core.ApplicationContext.log Manager: restart: Reloading web application '/SistemaSercoplus'
27-Feb-2026 10:16:46.254 INFO [http-nio-8081-exec-18] org.apache.catalina.core.ApplicationContext.log Manager: list: Listing contexts for virtual host 'localhost'
27-Feb-2026 10:16:46.263 INFO [http-nio-8081-exec-17] org.apache.catalina.core.ApplicationContext.log Manager: restart: Reloading web application '/SistemaSercoplus'
27-Feb-2026 10:28:12.971 INFO [http-nio-8081-exec-24] org.apache.catalina.core.ApplicationContext.log Manager: list: Listing contexts for virtual host 'localhost'
27-Feb-2026 10:28:12.982 INFO [http-nio-8081-exec-26] org.apache.catalina.core.ApplicationContext.log Manager: restart: Reloading web application '/SistemaSercoplus'
27-Feb-2026 10:29:06.867 INFO [http-nio-8081-exec-29] org.apache.catalina.core.ApplicationContext.log Manager: list: Listing contexts for virtual host 'localhost'
27-Feb-2026 10:29:06.877 INFO [http-nio-8081-exec-27] org.apache.catalina.core.ApplicationContext.log Manager: restart: Reloading web application '/SistemaSercoplus'
27-Feb-2026 10:29:08.311 INFO [http-nio-8081-exec-32] org.apache.catalina.core.ApplicationContext.log Manager: list: Listing contexts for virtual host 'localhost'
27-Feb-2026 10:29:08.323 INFO [http-nio-8081-exec-29] org.apache.catalina.core.ApplicationContext.log Manager: restart: Reloading web application '/SistemaSercoplus'
27-Feb-2026 10:51:07.734 INFO [http-nio-8081-exec-42] org.apache.catalina.core.ApplicationContext.log Manager: list: Listing contexts for virtual host 'localhost'
27-Feb-2026 10:51:08.137 INFO [http-nio-8081-exec-45] org.apache.catalina.core.ApplicationContext.log Manager: list: Listing contexts for virtual host 'localhost'
27-Feb-2026 10:51:13.422 INFO [http-nio-8081-exec-41] org.apache.catalina.core.ApplicationContext.log Manager: list: Listing contexts for virtual host 'localhost'
27-Feb-2026 10:51:17.017 INFO [http-nio-8081-exec-40] org.apache.catalina.core.ApplicationContext.log Manager: list: Listing contexts for virtual host 'localhost'
27-Feb-2026 10:51:17.281 INFO [http-nio-8081-exec-41] org.apache.catalina.core.ApplicationContext.log Manager: list: Listing contexts for virtual host 'localhost'
27-Feb-2026 10:51:17.415 INFO [http-nio-8081-exec-42] org.apache.catalina.core.ApplicationContext.log Manager: list: Listing contexts for virtual host 'localhost'
27-Feb-2026 10:51:17.638 INFO [http-nio-8081-exec-37] org.apache.catalina.core.ApplicationContext.log Manager: list: Listing contexts for virtual host 'localhost'
27-Feb-2026 10:51:17.799 INFO [http-nio-8081-exec-39] org.apache.catalina.core.ApplicationContext.log Manager: list: Listing contexts for virtual host 'localhost'
27-Feb-2026 10:51:18.032 INFO [http-nio-8081-exec-42] org.apache.catalina.core.ApplicationContext.log Manager: list: Listing contexts for virtual host 'localhost'
27-Feb-2026 10:51:18.230 INFO [http-nio-8081-exec-45] org.apache.catalina.core.ApplicationContext.log Manager: list: Listing contexts for virtual host 'localhost'
27-Feb-2026 10:51:18.578 INFO [http-nio-8081-exec-39] org.apache.catalina.core.ApplicationContext.log Manager: list: Listing contexts for virtual host 'localhost'
27-Feb-2026 10:51:18.925 INFO [http-nio-8081-exec-41] org.apache.catalina.core.ApplicationContext.log Manager: list: Listing contexts for virtual host 'localhost'
27-Feb-2026 10:51:19.381 INFO [http-nio-8081-exec-45] org.apache.catalina.core.ApplicationContext.log Manager: list: Listing contexts for virtual host 'localhost'
27-Feb-2026 10:51:20.790 INFO [http-nio-8081-exec-39] org.apache.catalina.core.ApplicationContext.log Manager: list: Listing contexts for virtual host 'localhost'
27-Feb-2026 10:51:20.794 INFO [http-nio-8081-exec-41] org.apache.catalina.core.ApplicationContext.log Manager: list: Listing contexts for virtual host 'localhost'
27-Feb-2026 10:51:20.814 INFO [http-nio-8081-exec-38] org.apache.catalina.core.ApplicationContext.log Manager: undeploy: Undeploying web application at '/SistemaSercoplus'
27-Feb-2026 10:51:21.415 INFO [http-nio-8081-exec-45] org.apache.catalina.core.ApplicationContext.log Manager: install: Installing context configuration at 'file:/C:/Users/Anderson/AppData/Local/Temp/context17946613760897619878.xml'
27-Feb-2026 10:51:22.162 INFO [http-nio-8081-exec-42] org.apache.catalina.core.ApplicationContext.log Manager: start: Starting web application '/SistemaSercoplus'
27-Feb-2026 10:51:36.428 INFO [http-nio-8081-exec-43] org.apache.catalina.core.ApplicationContext.log Manager: list: Listing contexts for virtual host 'localhost'
27-Feb-2026 10:52:21.838 INFO [http-nio-8081-exec-44] org.apache.catalina.core.ApplicationContext.log Manager: list: Listing contexts for virtual host 'localhost'
27-Feb-2026 10:52:22.180 INFO [http-nio-8081-exec-36] org.apache.catalina.core.ApplicationContext.log Manager: list: Listing contexts for virtual host 'localhost'
27-Feb-2026 10:52:27.521 INFO [http-nio-8081-exec-39] org.apache.catalina.core.ApplicationContext.log Manager: list: Listing contexts for virtual host 'localhost'
27-Feb-2026 10:52:27.527 INFO [http-nio-8081-exec-44] org.apache.catalina.core.ApplicationContext.log Manager: list: Listing contexts for virtual host 'localhost'
27-Feb-2026 10:52:27.542 INFO [http-nio-8081-exec-46] org.apache.catalina.core.ApplicationContext.log Manager: undeploy: Undeploying web application at '/SistemaSercoplus'
27-Feb-2026 10:52:28.066 INFO [http-nio-8081-exec-39] org.apache.catalina.core.ApplicationContext.log Manager: install: Installing context configuration at 'file:/C:/Users/Anderson/AppData/Local/Temp/context756682724104537014.xml'
27-Feb-2026 10:52:28.414 INFO [http-nio-8081-exec-51] org.apache.catalina.core.ApplicationContext.log Manager: start: Starting web application '/SistemaSercoplus'
27-Feb-2026 10:52:42.076 INFO [http-nio-8081-exec-50] org.apache.catalina.core.ApplicationContext.log Manager: list: Listing contexts for virtual host 'localhost'
27-Feb-2026 10:52:42.434 INFO [http-nio-8081-exec-39] org.apache.catalina.core.ApplicationContext.log Manager: list: Listing contexts for virtual host 'localhost'
27-Feb-2026 10:53:12.574 INFO [http-nio-8081-exec-49] org.apache.catalina.core.ApplicationContext.log Manager: list: Listing contexts for virtual host 'localhost'
27-Feb-2026 10:53:15.317 INFO [http-nio-8081-exec-52] org.apache.catalina.core.ApplicationContext.log Manager: list: Listing contexts for virtual host 'localhost'
27-Feb-2026 10:53:15.321 INFO [http-nio-8081-exec-54] org.apache.catalina.core.ApplicationContext.log Manager: list: Listing contexts for virtual host 'localhost'
27-Feb-2026 10:53:15.332 INFO [http-nio-8081-exec-39] org.apache.catalina.core.ApplicationContext.log Manager: undeploy: Undeploying web application at '/SistemaSercoplus'
27-Feb-2026 10:53:15.857 INFO [http-nio-8081-exec-51] org.apache.catalina.core.ApplicationContext.log Manager: install: Installing context configuration at 'file:/C:/Users/Anderson/AppData/Local/Temp/context1473929911112116090.xml'
27-Feb-2026 10:53:16.238 INFO [http-nio-8081-exec-52] org.apache.catalina.core.ApplicationContext.log Manager: start: Starting web application '/SistemaSercoplus'
27-Feb-2026 10:53:34.266 INFO [http-nio-8081-exec-55] org.apache.catalina.core.ApplicationContext.log Manager: list: Listing contexts for virtual host 'localhost'
27-Feb-2026 10:53:34.272 INFO [http-nio-8081-exec-58] org.apache.catalina.core.ApplicationContext.log Manager: undeploy: Undeploying web application at '/SistemaSercoplus'
27-Feb-2026 10:53:38.741 INFO [http-nio-8081-exec-52] org.apache.catalina.core.ApplicationContext.log Manager: list: Listing contexts for virtual host 'localhost'
27-Feb-2026 10:53:38.745 INFO [http-nio-8081-exec-59] org.apache.catalina.core.ApplicationContext.log Manager: list: Listing contexts for virtual host 'localhost'
27-Feb-2026 10:53:38.756 INFO [http-nio-8081-exec-57] org.apache.catalina.core.ApplicationContext.log Manager: install: Installing context configuration at 'file:/C:/Users/Anderson/AppData/Local/Temp/context16209907976646138214.xml'
27-Feb-2026 10:53:39.416 INFO [http-nio-8081-exec-51] org.apache.catalina.core.ApplicationContext.log Manager: start: Starting web application '/SistemaSercoplus'
27-Feb-2026 10:54:01.145 INFO [http-nio-8081-exec-39] org.apache.catalina.core.ApplicationContext.log Manager: list: Listing contexts for virtual host 'localhost'
27-Feb-2026 10:54:01.154 INFO [http-nio-8081-exec-59] org.apache.catalina.core.ApplicationContext.log Manager: undeploy: Undeploying web application at '/SistemaSercoplus'
27-Feb-2026 10:54:23.253 INFO [http-nio-8081-exec-39] org.apache.catalina.core.ApplicationContext.log Manager: list: Listing contexts for virtual host 'localhost'
27-Feb-2026 10:54:34.885 INFO [http-nio-8081-exec-66] org.apache.catalina.core.ApplicationContext.log Manager: list: Listing contexts for virtual host 'localhost'
27-Feb-2026 10:54:34.889 INFO [http-nio-8081-exec-67] org.apache.catalina.core.ApplicationContext.log Manager: list: Listing contexts for virtual host 'localhost'
27-Feb-2026 10:54:34.900 INFO [http-nio-8081-exec-39] org.apache.catalina.core.ApplicationContext.log Manager: install: Installing context configuration at 'file:/C:/Users/Anderson/AppData/Local/Temp/context14533848296591479913.xml'
27-Feb-2026 10:54:35.407 INFO [http-nio-8081-exec-66] org.apache.catalina.core.ApplicationContext.log Manager: start: Starting web application '/SistemaSercoplus'
27-Feb-2026 10:54:48.244 INFO [http-nio-8081-exec-63] org.apache.catalina.core.ApplicationContext.log Manager: list: Listing contexts for virtual host 'localhost'
27-Feb-2026 10:54:48.597 INFO [http-nio-8081-exec-69] org.apache.catalina.core.ApplicationContext.log Manager: list: Listing contexts for virtual host 'localhost'
27-Feb-2026 10:54:55.838 INFO [http-nio-8081-exec-64] org.apache.catalina.core.ApplicationContext.log Manager: list: Listing contexts for virtual host 'localhost'
27-Feb-2026 10:55:38.712 INFO [http-nio-8081-exec-63] org.apache.catalina.core.ApplicationContext.log Manager: list: Listing contexts for virtual host 'localhost'
27-Feb-2026 11:01:11.623 INFO [http-nio-8081-exec-65] org.apache.catalina.core.ApplicationContext.log Manager: list: Listing contexts for virtual host 'localhost'
27-Feb-2026 11:06:56.352 INFO [http-nio-8081-exec-66] org.apache.catalina.core.ApplicationContext.log Manager: list: Listing contexts for virtual host 'localhost'
27-Feb-2026 11:10:55.238 INFO [http-nio-8081-exec-66] org.apache.catalina.core.ApplicationContext.log Manager: list: Listing contexts for virtual host 'localhost'
27-Feb-2026 11:11:12.800 INFO [http-nio-8081-exec-65] org.apache.catalina.core.ApplicationContext.log Manager: list: Listing contexts for virtual host 'localhost'
27-Feb-2026 11:11:13.186 INFO [http-nio-8081-exec-66] org.apache.catalina.core.ApplicationContext.log Manager: list: Listing contexts for virtual host 'localhost'
27-Feb-2026 11:11:27.823 INFO [http-nio-8081-exec-65] org.apache.catalina.core.ApplicationContext.log Manager: list: Listing contexts for virtual host 'localhost'
27-Feb-2026 11:11:42.765 INFO [http-nio-8081-exec-68] org.apache.catalina.core.ApplicationContext.log Manager: list: Listing contexts for virtual host 'localhost'
27-Feb-2026 11:11:43.097 INFO [http-nio-8081-exec-65] org.apache.catalina.core.ApplicationContext.log Manager: list: Listing contexts for virtual host 'localhost'
27-Feb-2026 11:12:08.359 INFO [http-nio-8081-exec-71] org.apache.catalina.core.ApplicationContext.log Manager: list: Listing contexts for virtual host 'localhost'
27-Feb-2026 11:14:17.095 INFO [http-nio-8081-exec-72] org.apache.catalina.core.ApplicationContext.log Manager: list: Listing contexts for virtual host 'localhost'
27-Feb-2026 11:16:31.850 INFO [http-nio-8081-exec-67] org.apache.catalina.core.ApplicationContext.log Manager: list: Listing contexts for virtual host 'localhost'
27-Feb-2026 11:18:17.950 INFO [http-nio-8081-exec-63] org.apache.catalina.core.ApplicationContext.log Manager: list: Listing contexts for virtual host 'localhost'
27-Feb-2026 11:19:02.336 INFO [http-nio-8081-exec-65] org.apache.catalina.core.ApplicationContext.log Manager: list: Listing contexts for virtual host 'localhost'
27-Feb-2026 11:19:11.589 INFO [http-nio-8081-exec-68] org.apache.catalina.core.ApplicationContext.log Manager: list: Listing contexts for virtual host 'localhost'
27-Feb-2026 11:19:34.143 INFO [http-nio-8081-exec-66] org.apache.catalina.core.ApplicationContext.log Manager: list: Listing contexts for virtual host 'localhost'
27-Feb-2026 11:23:17.061 INFO [http-nio-8081-exec-71] org.apache.catalina.core.ApplicationContext.log Manager: list: Listing contexts for virtual host 'localhost'
27-Feb-2026 11:23:17.433 INFO [http-nio-8081-exec-67] org.apache.catalina.core.ApplicationContext.log Manager: list: Listing contexts for virtual host 'localhost'
27-Feb-2026 11:23:28.759 INFO [http-nio-8081-exec-69] org.apache.catalina.core.ApplicationContext.log Manager: list: Listing contexts for virtual host 'localhost'
27-Feb-2026 11:23:43.281 INFO [http-nio-8081-exec-72] org.apache.catalina.core.ApplicationContext.log Manager: list: Listing contexts for virtual host 'localhost'
27-Feb-2026 11:23:43.620 INFO [http-nio-8081-exec-70] org.apache.catalina.core.ApplicationContext.log Manager: list: Listing contexts for virtual host 'localhost'
27-Feb-2026 11:23:53.974 INFO [http-nio-8081-exec-68] org.apache.catalina.core.ApplicationContext.log Manager: list: Listing contexts for virtual host 'localhost'
27-Feb-2026 11:24:06.818 INFO [http-nio-8081-exec-64] org.apache.catalina.core.ApplicationContext.log Manager: list: Listing contexts for virtual host 'localhost'
27-Feb-2026 11:24:07.165 INFO [http-nio-8081-exec-68] org.apache.catalina.core.ApplicationContext.log Manager: list: Listing contexts for virtual host 'localhost'
27-Feb-2026 11:24:59.775 INFO [http-nio-8081-exec-65] org.apache.catalina.core.ApplicationContext.log Manager: list: Listing contexts for virtual host 'localhost'
27-Feb-2026 11:27:00.878 INFO [http-nio-8081-exec-70] org.apache.catalina.core.ApplicationContext.log Manager: list: Listing contexts for virtual host 'localhost'
27-Feb-2026 11:29:30.270 INFO [http-nio-8081-exec-64] org.apache.catalina.core.ApplicationContext.log Manager: list: Listing contexts for virtual host 'localhost'
27-Feb-2026 11:30:44.356 INFO [http-nio-8081-exec-69] org.apache.catalina.core.ApplicationContext.log Manager: list: Listing contexts for virtual host 'localhost'
27-Feb-2026 11:31:16.949 INFO [http-nio-8081-exec-70] org.apache.catalina.core.ApplicationContext.log Manager: list: Listing contexts for virtual host 'localhost'
27-Feb-2026 11:33:13.904 INFO [http-nio-8081-exec-65] org.apache.catalina.core.ApplicationContext.log Manager: list: Listing contexts for virtual host 'localhost'
27-Feb-2026 11:35:35.222 INFO [http-nio-8081-exec-68] org.apache.catalina.core.ApplicationContext.log Manager: list: Listing contexts for virtual host 'localhost'
27-Feb-2026 11:35:35.985 INFO [http-nio-8081-exec-72] org.apache.catalina.core.ApplicationContext.log Manager: list: Listing contexts for virtual host 'localhost'
27-Feb-2026 11:35:40.098 INFO [http-nio-8081-exec-67] org.apache.catalina.core.ApplicationContext.log Manager: list: Listing contexts for virtual host 'localhost'
27-Feb-2026 11:36:00.913 INFO [http-nio-8081-exec-66] org.apache.catalina.core.ApplicationContext.log Manager: list: Listing contexts for virtual host 'localhost'
27-Feb-2026 11:36:20.927 INFO [http-nio-8081-exec-69] org.apache.catalina.core.ApplicationContext.log Manager: list: Listing contexts for virtual host 'localhost'
27-Feb-2026 11:36:58.388 INFO [http-nio-8081-exec-67] org.apache.catalina.core.ApplicationContext.log Manager: list: Listing contexts for virtual host 'localhost'
27-Feb-2026 11:36:58.407 INFO [http-nio-8081-exec-68] org.apache.catalina.core.ApplicationContext.log Manager: undeploy: Undeploying web application at '/SistemaSercoplus'
27-Feb-2026 11:37:02.318 INFO [http-nio-8081-exec-72] org.apache.catalina.core.ApplicationContext.log Manager: list: Listing contexts for virtual host 'localhost'
27-Feb-2026 11:37:02.322 INFO [http-nio-8081-exec-74] org.apache.catalina.core.ApplicationContext.log Manager: list: Listing contexts for virtual host 'localhost'
27-Feb-2026 11:37:02.339 INFO [http-nio-8081-exec-64] org.apache.catalina.core.ApplicationContext.log Manager: install: Installing context configuration at 'file:/C:/Users/Anderson/AppData/Local/Temp/context2635389345484705576.xml'
27-Feb-2026 11:37:03.166 INFO [http-nio-8081-exec-70] org.apache.catalina.core.ApplicationContext.log Manager: start: Starting web application '/SistemaSercoplus'
27-Feb-2026 11:37:24.852 INFO [http-nio-8081-exec-73] org.apache.catalina.core.ApplicationContext.log Manager: list: Listing contexts for virtual host 'localhost'
27-Feb-2026 11:39:21.326 INFO [http-nio-8081-exec-79] org.apache.catalina.core.ApplicationContext.log Manager: list: Listing contexts for virtual host 'localhost'
27-Feb-2026 11:43:15.410 INFO [http-nio-8081-exec-75] org.apache.catalina.core.ApplicationContext.log Manager: list: Listing contexts for virtual host 'localhost'
27-Feb-2026 11:43:15.462 INFO [http-nio-8081-exec-78] org.apache.catalina.core.ApplicationContext.log Manager: list: Listing contexts for virtual host 'localhost'
27-Feb-2026 11:58:02.292 INFO [http-nio-8081-exec-76] org.apache.catalina.core.ApplicationContext.log Manager: list: Listing contexts for virtual host 'localhost'
27-Feb-2026 11:59:38.395 INFO [http-nio-8081-exec-81] org.apache.catalina.core.ApplicationContext.log Manager: list: Listing contexts for virtual host 'localhost'
27-Feb-2026 12:00:41.903 INFO [http-nio-8081-exec-79] org.apache.catalina.core.ApplicationContext.log Manager: list: Listing contexts for virtual host 'localhost'
27-Feb-2026 12:01:19.873 INFO [http-nio-8081-exec-79] org.apache.catalina.core.ApplicationContext.log Manager: list: Listing contexts for virtual host 'localhost'
27-Feb-2026 12:01:21.070 INFO [http-nio-8081-exec-77] org.apache.catalina.core.ApplicationContext.log Manager: list: Listing contexts for virtual host 'localhost'
27-Feb-2026 12:09:50.864 INFO [http-nio-8081-exec-78] org.apache.catalina.core.ApplicationContext.log Manager: list: Listing contexts for virtual host 'localhost'
27-Feb-2026 12:11:00.514 INFO [http-nio-8081-exec-73] org.apache.catalina.core.ApplicationContext.log Manager: list: Listing contexts for virtual host 'localhost'
27-Feb-2026 12:12:14.047 INFO [http-nio-8081-exec-73] org.apache.catalina.core.ApplicationContext.log Manager: list: Listing contexts for virtual host 'localhost'
27-Feb-2026 12:12:14.051 INFO [http-nio-8081-exec-81] org.apache.catalina.core.ApplicationContext.log Manager: list: Listing contexts for virtual host 'localhost'
27-Feb-2026 12:12:14.140 INFO [http-nio-8081-exec-76] org.apache.catalina.core.ApplicationContext.log Manager: undeploy: Undeploying web application at '/SistemaSercoplus'
27-Feb-2026 12:12:14.793 INFO [http-nio-8081-exec-74] org.apache.catalina.core.ApplicationContext.log Manager: install: Installing context configuration at 'file:/C:/Users/Anderson/AppData/Local/Temp/context4010992384153492463.xml'
27-Feb-2026 12:12:16.845 INFO [http-nio-8081-exec-78] org.apache.catalina.core.ApplicationContext.log Manager: start: Starting web application '/SistemaSercoplus'
27-Feb-2026 12:14:10.048 INFO [http-nio-8081-exec-91] org.apache.catalina.core.ApplicationContext.log Manager: list: Listing contexts for virtual host 'localhost'
27-Feb-2026 12:14:15.782 INFO [http-nio-8081-exec-86] org.apache.catalina.core.ApplicationContext.log Manager: list: Listing contexts for virtual host 'localhost'
27-Feb-2026 12:14:22.563 INFO [http-nio-8081-exec-89] org.apache.catalina.core.ApplicationContext.log Manager: list: Listing contexts for virtual host 'localhost'
27-Feb-2026 12:14:40.130 INFO [http-nio-8081-exec-84] org.apache.catalina.core.ApplicationContext.log Manager: list: Listing contexts for virtual host 'localhost'
27-Feb-2026 12:14:46.486 INFO [http-nio-8081-exec-84] org.apache.catalina.core.ApplicationContext.log Manager: list: Listing contexts for virtual host 'localhost'
27-Feb-2026 12:15:53.535 INFO [http-nio-8081-exec-85] org.apache.catalina.core.ApplicationContext.log Manager: list: Listing contexts for virtual host 'localhost'
27-Feb-2026 12:21:34.764 INFO [http-nio-8081-exec-91] org.apache.catalina.core.ApplicationContext.log Manager: list: Listing contexts for virtual host 'localhost'
27-Feb-2026 12:23:33.153 INFO [http-nio-8081-exec-84] org.apache.catalina.core.ApplicationContext.log Manager: list: Listing contexts for virtual host 'localhost'
27-Feb-2026 12:24:31.961 INFO [http-nio-8081-exec-86] org.apache.catalina.core.ApplicationContext.log Manager: list: Listing contexts for virtual host 'localhost'
27-Feb-2026 12:27:13.329 INFO [http-nio-8081-exec-88] org.apache.catalina.core.ApplicationContext.log Manager: list: Listing contexts for virtual host 'localhost'
27-Feb-2026 12:27:55.125 INFO [http-nio-8081-exec-88] org.apache.catalina.core.ApplicationContext.log Manager: list: Listing contexts for virtual host 'localhost'
27-Feb-2026 12:28:34.039 INFO [http-nio-8081-exec-90] org.apache.catalina.core.ApplicationContext.log Manager: list: Listing contexts for virtual host 'localhost'
27-Feb-2026 12:34:18.015 INFO [http-nio-8081-exec-86] org.apache.catalina.core.ApplicationContext.log Manager: list: Listing contexts for virtual host 'localhost'
27-Feb-2026 12:37:01.930 INFO [http-nio-8081-exec-92] org.apache.catalina.core.ApplicationContext.log Manager: list: Listing contexts for virtual host 'localhost'
27-Feb-2026 12:40:21.462 INFO [http-nio-8081-exec-84] org.apache.catalina.core.ApplicationContext.log Manager: list: Listing contexts for virtual host 'localhost'
27-Feb-2026 12:41:14.583 INFO [http-nio-8081-exec-90] org.apache.catalina.core.ApplicationContext.log Manager: list: Listing contexts for virtual host 'localhost'
27-Feb-2026 12:41:18.104 INFO [http-nio-8081-exec-89] org.apache.catalina.core.ApplicationContext.log Manager: list: Listing contexts for virtual host 'localhost'
27-Feb-2026 12:41:29.202 INFO [http-nio-8081-exec-89] org.apache.catalina.core.ApplicationContext.log Manager: list: Listing contexts for virtual host 'localhost'
27-Feb-2026 12:43:57.999 INFO [http-nio-8081-exec-89] org.apache.catalina.core.ApplicationContext.log Manager: list: Listing contexts for virtual host 'localhost'
27-Feb-2026 12:46:36.987 INFO [http-nio-8081-exec-87] org.apache.catalina.core.ApplicationContext.log Manager: list: Listing contexts for virtual host 'localhost'
27-Feb-2026 12:51:12.630 INFO [http-nio-8081-exec-88] org.apache.catalina.core.ApplicationContext.log Manager: list: Listing contexts for virtual host 'localhost'
27-Feb-2026 12:54:30.465 INFO [http-nio-8081-exec-85] org.apache.catalina.core.ApplicationContext.log Manager: list: Listing contexts for virtual host 'localhost'
27-Feb-2026 12:54:34.274 INFO [http-nio-8081-exec-84] org.apache.catalina.core.ApplicationContext.log Manager: list: Listing contexts for virtual host 'localhost'
27-Feb-2026 12:56:58.038 INFO [http-nio-8081-exec-90] org.apache.catalina.core.ApplicationContext.log Manager: list: Listing contexts for virtual host 'localhost'
27-Feb-2026 12:57:57.126 INFO [http-nio-8081-exec-83] org.apache.catalina.core.ApplicationContext.log Manager: list: Listing contexts for virtual host 'localhost'
27-Feb-2026 12:58:17.709 INFO [http-nio-8081-exec-87] org.apache.catalina.core.ApplicationContext.log Manager: list: Listing contexts for virtual host 'localhost'
27-Feb-2026 13:01:31.059 INFO [http-nio-8081-exec-87] org.apache.catalina.core.ApplicationContext.log Manager: list: Listing contexts for virtual host 'localhost'
27-Feb-2026 13:02:05.459 INFO [http-nio-8081-exec-84] org.apache.catalina.core.ApplicationContext.log Manager: list: Listing contexts for virtual host 'localhost'
27-Feb-2026 13:02:27.916 INFO [http-nio-8081-exec-84] org.apache.catalina.core.ApplicationContext.log Manager: list: Listing contexts for virtual host 'localhost'
27-Feb-2026 13:05:14.813 INFO [http-nio-8081-exec-84] org.apache.catalina.core.ApplicationContext.log Manager: list: Listing contexts for virtual host 'localhost'
27-Feb-2026 13:06:07.723 INFO [http-nio-8081-exec-90] org.apache.catalina.core.ApplicationContext.log Manager: list: Listing contexts for virtual host 'localhost'
27-Feb-2026 13:06:33.291 INFO [http-nio-8081-exec-85] org.apache.catalina.core.ApplicationContext.log Manager: list: Listing contexts for virtual host 'localhost'
27-Feb-2026 13:06:46.865 INFO [http-nio-8081-exec-85] org.apache.catalina.core.ApplicationContext.log Manager: list: Listing contexts for virtual host 'localhost'
27-Feb-2026 13:07:28.643 INFO [http-nio-8081-exec-85] org.apache.catalina.core.ApplicationContext.log Manager: list: Listing contexts for virtual host 'localhost'
27-Feb-2026 13:07:36.251 INFO [http-nio-8081-exec-83] org.apache.catalina.core.ApplicationContext.log Manager: list: Listing contexts for virtual host 'localhost'
27-Feb-2026 13:07:46.054 INFO [http-nio-8081-exec-83] org.apache.catalina.core.ApplicationContext.log Manager: list: Listing contexts for virtual host 'localhost'
27-Feb-2026 13:08:38.083 INFO [http-nio-8081-exec-83] org.apache.catalina.core.ApplicationContext.log Manager: list: Listing contexts for virtual host 'localhost'
27-Feb-2026 13:08:48.756 INFO [http-nio-8081-exec-83] org.apache.catalina.core.ApplicationContext.log Manager: list: Listing contexts for virtual host 'localhost'
27-Feb-2026 13:10:09.167 INFO [http-nio-8081-exec-84] org.apache.catalina.core.ApplicationContext.log Manager: list: Listing contexts for virtual host 'localhost'
27-Feb-2026 13:11:50.691 INFO [http-nio-8081-exec-87] org.apache.catalina.core.ApplicationContext.log Manager: list: Listing contexts for virtual host 'localhost'
27-Feb-2026 13:12:19.321 INFO [http-nio-8081-exec-85] org.apache.catalina.core.ApplicationContext.log Manager: list: Listing contexts for virtual host 'localhost'
27-Feb-2026 13:15:08.635 INFO [http-nio-8081-exec-90] org.apache.catalina.core.ApplicationContext.log Manager: list: Listing contexts for virtual host 'localhost'
27-Feb-2026 13:19:09.282 INFO [http-nio-8081-exec-84] org.apache.catalina.core.ApplicationContext.log Manager: list: Listing contexts for virtual host 'localhost'
27-Feb-2026 13:19:19.944 INFO [http-nio-8081-exec-84] org.apache.catalina.core.ApplicationContext.log Manager: list: Listing contexts for virtual host 'localhost'
27-Feb-2026 13:19:28.251 INFO [http-nio-8081-exec-86] org.apache.catalina.core.ApplicationContext.log Manager: list: Listing contexts for virtual host 'localhost'
27-Feb-2026 13:19:58.842 INFO [http-nio-8081-exec-86] org.apache.catalina.core.ApplicationContext.log Manager: list: Listing contexts for virtual host 'localhost'
27-Feb-2026 13:20:03.682 INFO [http-nio-8081-exec-86] org.apache.catalina.core.ApplicationContext.log Manager: list: Listing contexts for virtual host 'localhost'
27-Feb-2026 13:20:10.454 INFO [http-nio-8081-exec-92] org.apache.catalina.core.ApplicationContext.log Manager: list: Listing contexts for virtual host 'localhost'
27-Feb-2026 13:20:17.108 INFO [http-nio-8081-exec-83] org.apache.catalina.core.ApplicationContext.log Manager: list: Listing contexts for virtual host 'localhost'
27-Feb-2026 13:20:21.437 INFO [http-nio-8081-exec-88] org.apache.catalina.core.ApplicationContext.log Manager: list: Listing contexts for virtual host 'localhost'
27-Feb-2026 13:21:04.022 INFO [http-nio-8081-exec-84] org.apache.catalina.core.ApplicationContext.log Manager: list: Listing contexts for virtual host 'localhost'
27-Feb-2026 13:21:12.389 INFO [http-nio-8081-exec-90] org.apache.catalina.core.ApplicationContext.log Manager: list: Listing contexts for virtual host 'localhost'
27-Feb-2026 13:22:25.935 INFO [http-nio-8081-exec-84] org.apache.catalina.core.ApplicationContext.log Manager: list: Listing contexts for virtual host 'localhost'
27-Feb-2026 13:22:31.136 INFO [http-nio-8081-exec-90] org.apache.catalina.core.ApplicationContext.log Manager: list: Listing contexts for virtual host 'localhost'
27-Feb-2026 13:22:39.251 INFO [http-nio-8081-exec-92] org.apache.catalina.core.ApplicationContext.log Manager: list: Listing contexts for virtual host 'localhost'
27-Feb-2026 13:22:39.255 INFO [http-nio-8081-exec-84] org.apache.catalina.core.ApplicationContext.log Manager: list: Listing contexts for virtual host 'localhost'
27-Feb-2026 13:22:39.278 INFO [http-nio-8081-exec-88] org.apache.catalina.core.ApplicationContext.log Manager: undeploy: Undeploying web application at '/SistemaSercoplus'
27-Feb-2026 13:22:39.935 INFO [http-nio-8081-exec-91] org.apache.catalina.core.ApplicationContext.log Manager: install: Installing context configuration at 'file:/C:/Users/Anderson/AppData/Local/Temp/context13450644351256493921.xml'
27-Feb-2026 13:22:40.617 INFO [http-nio-8081-exec-89] org.apache.catalina.core.ApplicationContext.log Manager: start: Starting web application '/SistemaSercoplus'
27-Feb-2026 13:22:47.400 INFO [http-nio-8081-exec-85] org.apache.catalina.core.ApplicationContext.log Manager: list: Listing contexts for virtual host 'localhost'
27-Feb-2026 13:23:17.644 INFO [http-nio-8081-exec-86] org.apache.catalina.core.ApplicationContext.log Manager: list: Listing contexts for virtual host 'localhost'
27-Feb-2026 13:23:28.813 INFO [http-nio-8081-exec-98] org.apache.catalina.core.ApplicationContext.log Manager: list: Listing contexts for virtual host 'localhost'
27-Feb-2026 13:23:59.147 INFO [http-nio-8081-exec-91] org.apache.catalina.core.ApplicationContext.log Manager: list: Listing contexts for virtual host 'localhost'
27-Feb-2026 13:24:09.213 INFO [http-nio-8081-exec-98] org.apache.catalina.core.ApplicationContext.log Manager: list: Listing contexts for virtual host 'localhost'
27-Feb-2026 13:25:05.397 INFO [http-nio-8081-exec-99] org.apache.catalina.core.ApplicationContext.log Manager: list: Listing contexts for virtual host 'localhost'
27-Feb-2026 13:25:12.728 INFO [http-nio-8081-exec-96] org.apache.catalina.core.ApplicationContext.log Manager: list: Listing contexts for virtual host 'localhost'
27-Feb-2026 13:26:55.767 INFO [http-nio-8081-exec-93] org.apache.catalina.core.ApplicationContext.log Manager: list: Listing contexts for virtual host 'localhost'
27-Feb-2026 13:29:17.765 INFO [http-nio-8081-exec-101] org.apache.catalina.core.ApplicationContext.log Manager: list: Listing contexts for virtual host 'localhost'
27-Feb-2026 13:31:42.370 INFO [http-nio-8081-exec-95] org.apache.catalina.core.ApplicationContext.log Manager: list: Listing contexts for virtual host 'localhost'
27-Feb-2026 13:32:36.266 INFO [http-nio-8081-exec-101] org.apache.catalina.core.ApplicationContext.log Manager: list: Listing contexts for virtual host 'localhost'
27-Feb-2026 13:33:23.806 INFO [http-nio-8081-exec-101] org.apache.catalina.core.ApplicationContext.log Manager: list: Listing contexts for virtual host 'localhost'
27-Feb-2026 13:35:16.244 INFO [http-nio-8081-exec-99] org.apache.catalina.core.ApplicationContext.log Manager: list: Listing contexts for virtual host 'localhost'
27-Feb-2026 13:37:37.560 INFO [http-nio-8081-exec-96] org.apache.catalina.core.ApplicationContext.log Manager: list: Listing contexts for virtual host 'localhost'
27-Feb-2026 13:39:57.351 INFO [http-nio-8081-exec-95] org.apache.catalina.core.ApplicationContext.log Manager: list: Listing contexts for virtual host 'localhost'
27-Feb-2026 13:39:57.360 INFO [http-nio-8081-exec-98] org.apache.catalina.core.ApplicationContext.log Manager: restart: Reloading web application '/SistemaSercoplus'
27-Feb-2026 13:40:32.721 INFO [http-nio-8081-exec-101] org.apache.catalina.core.ApplicationContext.log Manager: list: Listing contexts for virtual host 'localhost'
27-Feb-2026 13:42:47.653 INFO [http-nio-8081-exec-104] org.apache.catalina.core.ApplicationContext.log Manager: list: Listing contexts for virtual host 'localhost'
27-Feb-2026 13:48:34.000 INFO [http-nio-8081-exec-109] org.apache.catalina.core.ApplicationContext.log Manager: list: Listing contexts for virtual host 'localhost'
27-Feb-2026 13:49:15.408 INFO [http-nio-8081-exec-107] org.apache.catalina.core.ApplicationContext.log Manager: list: Listing contexts for virtual host 'localhost'
27-Feb-2026 13:49:34.634 INFO [http-nio-8081-exec-103] org.apache.catalina.core.ApplicationContext.log Manager: list: Listing contexts for virtual host 'localhost'
27-Feb-2026 13:53:12.867 INFO [http-nio-8081-exec-108] org.apache.catalina.core.ApplicationContext.log Manager: list: Listing contexts for virtual host 'localhost'
27-Feb-2026 13:57:05.614 INFO [http-nio-8081-exec-111] org.apache.catalina.core.ApplicationContext.log Manager: list: Listing contexts for virtual host 'localhost'
27-Feb-2026 13:57:29.471 INFO [http-nio-8081-exec-105] org.apache.catalina.core.ApplicationContext.log Manager: list: Listing contexts for virtual host 'localhost'
27-Feb-2026 13:57:42.181 INFO [http-nio-8081-exec-103] org.apache.catalina.core.ApplicationContext.log Manager: list: Listing contexts for virtual host 'localhost'
27-Feb-2026 13:58:00.973 INFO [http-nio-8081-exec-110] org.apache.catalina.core.ApplicationContext.log Manager: list: Listing contexts for virtual host 'localhost'
27-Feb-2026 13:58:07.357 INFO [http-nio-8081-exec-110] org.apache.catalina.core.ApplicationContext.log Manager: list: Listing contexts for virtual host 'localhost'
27-Feb-2026 13:58:21.570 INFO [http-nio-8081-exec-111] org.apache.catalina.core.ApplicationContext.log Manager: list: Listing contexts for virtual host 'localhost'
27-Feb-2026 13:58:31.393 INFO [http-nio-8081-exec-109] org.apache.catalina.core.ApplicationContext.log Manager: list: Listing contexts for virtual host 'localhost'
27-Feb-2026 13:58:43.781 INFO [http-nio-8081-exec-112] org.apache.catalina.core.ApplicationContext.log Manager: list: Listing contexts for virtual host 'localhost'
27-Feb-2026 13:58:51.342 INFO [http-nio-8081-exec-103] org.apache.catalina.core.ApplicationContext.log Manager: list: Listing contexts for virtual host 'localhost'
27-Feb-2026 13:59:01.120 INFO [http-nio-8081-exec-111] org.apache.catalina.core.ApplicationContext.log Manager: list: Listing contexts for virtual host 'localhost'
27-Feb-2026 13:59:12.988 INFO [http-nio-8081-exec-107] org.apache.catalina.core.ApplicationContext.log Manager: list: Listing contexts for virtual host 'localhost'
27-Feb-2026 13:59:31.290 INFO [http-nio-8081-exec-108] org.apache.catalina.core.ApplicationContext.log Manager: list: Listing contexts for virtual host 'localhost'
