26-Feb-2026 10:46:27.761 INFO [http-nio-8081-exec-3] org.apache.catalina.core.ApplicationContext.log Manager: init: Associated with Deployer 'Catalina:type=Deployer,host=localhost'
26-Feb-2026 10:46:27.761 INFO [http-nio-8081-exec-3] org.apache.catalina.core.ApplicationContext.log Manager: init: Global resources are available
26-Feb-2026 10:46:27.828 INFO [http-nio-8081-exec-7] org.apache.catalina.core.ApplicationContext.log Manager: list: Listing contexts for virtual host 'localhost'
26-Feb-2026 10:46:27.833 INFO [http-nio-8081-exec-8] org.apache.catalina.core.ApplicationContext.log Manager: list: Listing contexts for virtual host 'localhost'
26-Feb-2026 10:46:27.855 INFO [http-nio-8081-exec-10] org.apache.catalina.core.ApplicationContext.log Manager: install: Installing context configuration at 'file:/C:/Users/Anderson/AppData/Local/Temp/context6087830151206897805.xml'
26-Feb-2026 10:46:28.366 INFO [http-nio-8081-exec-9] org.apache.catalina.core.ApplicationContext.log Manager: start: Starting web application '/SistemaSercoplus'
26-Feb-2026 10:47:29.591 INFO [http-nio-8081-exec-9] org.apache.catalina.core.ApplicationContext.log Manager: list: Listing contexts for virtual host 'localhost'
26-Feb-2026 10:47:29.608 INFO [http-nio-8081-exec-10] org.apache.catalina.core.ApplicationContext.log Manager: restart: Reloading web application '/SistemaSercoplus'
26-Feb-2026 10:50:41.453 INFO [http-nio-8081-exec-15] org.apache.catalina.core.ApplicationContext.log Manager: list: Listing contexts for virtual host 'localhost'
26-Feb-2026 10:50:41.456 INFO [http-nio-8081-exec-18] org.apache.catalina.core.ApplicationContext.log Manager: list: Listing contexts for virtual host 'localhost'
26-Feb-2026 10:50:41.490 INFO [http-nio-8081-exec-19] org.apache.catalina.core.ApplicationContext.log Manager: restart: Reloading web application '/SistemaSercoplus'
26-Feb-2026 10:51:48.748 INFO [http-nio-8081-exec-28] org.apache.catalina.core.ApplicationContext.log Manager: list: Listing contexts for virtual host 'localhost'
26-Feb-2026 10:51:49.102 INFO [http-nio-8081-exec-21] org.apache.catalina.core.ApplicationContext.log Manager: list: Listing contexts for virtual host 'localhost'
26-Feb-2026 10:54:41.617 INFO [http-nio-8081-exec-23] org.apache.catalina.core.ApplicationContext.log Manager: list: Listing contexts for virtual host 'localhost'
26-Feb-2026 10:54:41.639 INFO [http-nio-8081-exec-25] org.apache.catalina.core.ApplicationContext.log Manager: restart: Reloading web application '/SistemaSercoplus'
26-Feb-2026 10:54:42.909 INFO [http-nio-8081-exec-28] org.apache.catalina.core.ApplicationContext.log Manager: list: Listing contexts for virtual host 'localhost'
26-Feb-2026 10:54:42.916 INFO [http-nio-8081-exec-23] org.apache.catalina.core.ApplicationContext.log Manager: restart: Reloading web application '/SistemaSercoplus'
26-Feb-2026 10:54:53.174 INFO [http-nio-8081-exec-28] org.apache.catalina.core.ApplicationContext.log Manager: list: Listing contexts for virtual host 'localhost'
26-Feb-2026 10:54:53.179 INFO [http-nio-8081-exec-31] org.apache.catalina.core.ApplicationContext.log Manager: restart: Reloading web application '/SistemaSercoplus'
26-Feb-2026 10:55:05.330 INFO [http-nio-8081-exec-22] org.apache.catalina.core.ApplicationContext.log Manager: list: Listing contexts for virtual host 'localhost'
26-Feb-2026 10:55:05.339 INFO [http-nio-8081-exec-21] org.apache.catalina.core.ApplicationContext.log Manager: restart: Reloading web application '/SistemaSercoplus'
26-Feb-2026 10:55:06.155 INFO [http-nio-8081-exec-23] org.apache.catalina.core.ApplicationContext.log Manager: list: Listing contexts for virtual host 'localhost'
26-Feb-2026 10:55:06.164 INFO [http-nio-8081-exec-29] org.apache.catalina.core.ApplicationContext.log Manager: restart: Reloading web application '/SistemaSercoplus'
26-Feb-2026 10:55:26.029 INFO [http-nio-8081-exec-31] org.apache.catalina.core.ApplicationContext.log Manager: list: Listing contexts for virtual host 'localhost'
26-Feb-2026 10:55:26.457 INFO [http-nio-8081-exec-21] org.apache.catalina.core.ApplicationContext.log Manager: list: Listing contexts for virtual host 'localhost'
26-Feb-2026 10:55:53.496 INFO [http-nio-8081-exec-26] org.apache.catalina.core.ApplicationContext.log Manager: list: Listing contexts for virtual host 'localhost'
26-Feb-2026 10:55:53.725 INFO [http-nio-8081-exec-21] org.apache.catalina.core.ApplicationContext.log Manager: list: Listing contexts for virtual host 'localhost'
26-Feb-2026 10:55:53.734 INFO [http-nio-8081-exec-34] org.apache.catalina.core.ApplicationContext.log Manager: restart: Reloading web application '/SistemaSercoplus'
26-Feb-2026 10:55:55.596 INFO [http-nio-8081-exec-26] org.apache.catalina.core.ApplicationContext.log Manager: list: Listing contexts for virtual host 'localhost'
26-Feb-2026 10:55:55.601 INFO [http-nio-8081-exec-23] org.apache.catalina.core.ApplicationContext.log Manager: list: Listing contexts for virtual host 'localhost'
26-Feb-2026 10:55:55.634 INFO [http-nio-8081-exec-36] org.apache.catalina.core.ApplicationContext.log Manager: restart: Reloading web application '/SistemaSercoplus'
26-Feb-2026 11:00:25.955 INFO [http-nio-8081-exec-38] org.apache.catalina.core.ApplicationContext.log Manager: list: Listing contexts for virtual host 'localhost'
26-Feb-2026 11:00:25.965 INFO [http-nio-8081-exec-42] org.apache.catalina.core.ApplicationContext.log Manager: restart: Reloading web application '/SistemaSercoplus'
26-Feb-2026 11:00:26.981 INFO [http-nio-8081-exec-44] org.apache.catalina.core.ApplicationContext.log Manager: list: Listing contexts for virtual host 'localhost'
26-Feb-2026 11:00:26.993 INFO [http-nio-8081-exec-46] org.apache.catalina.core.ApplicationContext.log Manager: restart: Reloading web application '/SistemaSercoplus'
26-Feb-2026 11:00:50.766 INFO [http-nio-8081-exec-45] org.apache.catalina.core.ApplicationContext.log Manager: list: Listing contexts for virtual host 'localhost'
26-Feb-2026 11:00:50.772 INFO [http-nio-8081-exec-43] org.apache.catalina.core.ApplicationContext.log Manager: restart: Reloading web application '/SistemaSercoplus'
26-Feb-2026 11:01:18.872 INFO [http-nio-8081-exec-50] org.apache.catalina.core.ApplicationContext.log Manager: list: Listing contexts for virtual host 'localhost'
26-Feb-2026 11:03:12.367 INFO [http-nio-8081-exec-52] org.apache.catalina.core.ApplicationContext.log Manager: list: Listing contexts for virtual host 'localhost'
26-Feb-2026 11:03:12.372 INFO [http-nio-8081-exec-49] org.apache.catalina.core.ApplicationContext.log Manager: restart: Reloading web application '/SistemaSercoplus'
26-Feb-2026 11:03:13.143 INFO [http-nio-8081-exec-44] org.apache.catalina.core.ApplicationContext.log Manager: list: Listing contexts for virtual host 'localhost'
26-Feb-2026 11:03:13.149 INFO [http-nio-8081-exec-48] org.apache.catalina.core.ApplicationContext.log Manager: restart: Reloading web application '/SistemaSercoplus'
26-Feb-2026 11:06:41.411 INFO [http-nio-8081-exec-58] org.apache.catalina.core.ApplicationContext.log Manager: list: Listing contexts for virtual host 'localhost'
26-Feb-2026 11:06:41.419 INFO [http-nio-8081-exec-54] org.apache.catalina.core.ApplicationContext.log Manager: restart: Reloading web application '/SistemaSercoplus'
26-Feb-2026 11:06:41.924 INFO [http-nio-8081-exec-62] org.apache.catalina.core.ApplicationContext.log Manager: list: Listing contexts for virtual host 'localhost'
26-Feb-2026 11:06:41.930 INFO [http-nio-8081-exec-60] org.apache.catalina.core.ApplicationContext.log Manager: restart: Reloading web application '/SistemaSercoplus'
26-Feb-2026 11:07:13.827 INFO [http-nio-8081-exec-64] org.apache.catalina.core.ApplicationContext.log Manager: list: Listing contexts for virtual host 'localhost'
26-Feb-2026 11:07:13.837 INFO [http-nio-8081-exec-63] org.apache.catalina.core.ApplicationContext.log Manager: restart: Reloading web application '/SistemaSercoplus'
26-Feb-2026 11:07:14.611 INFO [http-nio-8081-exec-61] org.apache.catalina.core.ApplicationContext.log Manager: list: Listing contexts for virtual host 'localhost'
26-Feb-2026 11:07:14.621 INFO [http-nio-8081-exec-64] org.apache.catalina.core.ApplicationContext.log Manager: restart: Reloading web application '/SistemaSercoplus'
26-Feb-2026 11:07:20.729 INFO [http-nio-8081-exec-56] org.apache.catalina.core.ApplicationContext.log Manager: list: Listing contexts for virtual host 'localhost'
26-Feb-2026 11:07:20.737 INFO [http-nio-8081-exec-58] org.apache.catalina.core.ApplicationContext.log Manager: restart: Reloading web application '/SistemaSercoplus'
26-Feb-2026 11:07:21.593 INFO [http-nio-8081-exec-62] org.apache.catalina.core.ApplicationContext.log Manager: list: Listing contexts for virtual host 'localhost'
26-Feb-2026 11:07:21.603 INFO [http-nio-8081-exec-57] org.apache.catalina.core.ApplicationContext.log Manager: restart: Reloading web application '/SistemaSercoplus'
26-Feb-2026 11:08:02.649 INFO [http-nio-8081-exec-60] org.apache.catalina.core.ApplicationContext.log Manager: list: Listing contexts for virtual host 'localhost'
26-Feb-2026 11:08:02.658 INFO [http-nio-8081-exec-58] org.apache.catalina.core.ApplicationContext.log Manager: restart: Reloading web application '/SistemaSercoplus'
26-Feb-2026 11:08:03.456 INFO [http-nio-8081-exec-69] org.apache.catalina.core.ApplicationContext.log Manager: list: Listing contexts for virtual host 'localhost'
26-Feb-2026 11:08:03.463 INFO [http-nio-8081-exec-65] org.apache.catalina.core.ApplicationContext.log Manager: restart: Reloading web application '/SistemaSercoplus'
26-Feb-2026 11:08:12.414 INFO [http-nio-8081-exec-66] org.apache.catalina.core.ApplicationContext.log Manager: list: Listing contexts for virtual host 'localhost'
26-Feb-2026 11:08:12.421 INFO [http-nio-8081-exec-67] org.apache.catalina.core.ApplicationContext.log Manager: restart: Reloading web application '/SistemaSercoplus'
26-Feb-2026 11:08:28.476 INFO [http-nio-8081-exec-68] org.apache.catalina.core.ApplicationContext.log Manager: list: Listing contexts for virtual host 'localhost'
26-Feb-2026 11:08:28.814 INFO [http-nio-8081-exec-69] org.apache.catalina.core.ApplicationContext.log Manager: list: Listing contexts for virtual host 'localhost'
26-Feb-2026 11:08:40.189 INFO [http-nio-8081-exec-68] org.apache.catalina.core.ApplicationContext.log Manager: list: Listing contexts for virtual host 'localhost'
26-Feb-2026 11:10:33.136 INFO [http-nio-8081-exec-74] org.apache.catalina.core.ApplicationContext.log Manager: list: Listing contexts for virtual host 'localhost'
26-Feb-2026 11:10:33.155 INFO [http-nio-8081-exec-81] org.apache.catalina.core.ApplicationContext.log Manager: undeploy: Undeploying web application at '/SistemaSercoplus'
26-Feb-2026 11:11:41.267 INFO [http-nio-8081-exec-75] org.apache.catalina.core.ApplicationContext.log Manager: list: Listing contexts for virtual host 'localhost'
26-Feb-2026 11:11:41.272 INFO [http-nio-8081-exec-74] org.apache.catalina.core.ApplicationContext.log Manager: list: Listing contexts for virtual host 'localhost'
26-Feb-2026 11:11:41.283 INFO [http-nio-8081-exec-84] org.apache.catalina.core.ApplicationContext.log Manager: install: Installing context configuration at 'file:/C:/Users/Anderson/AppData/Local/Temp/context467491346081390010.xml'
26-Feb-2026 11:11:41.825 INFO [http-nio-8081-exec-82] org.apache.catalina.core.ApplicationContext.log Manager: start: Starting web application '/SistemaSercoplus'
26-Feb-2026 11:12:49.414 INFO [http-nio-8081-exec-83] org.apache.catalina.core.ApplicationContext.log Manager: list: Listing contexts for virtual host 'localhost'
26-Feb-2026 11:12:49.420 INFO [http-nio-8081-exec-85] org.apache.catalina.core.ApplicationContext.log Manager: undeploy: Undeploying web application at '/SistemaSercoplus'
26-Feb-2026 11:28:02.633 INFO [http-nio-8081-exec-93] org.apache.catalina.core.ApplicationContext.log Manager: list: Listing contexts for virtual host 'localhost'
26-Feb-2026 11:28:19.427 INFO [http-nio-8081-exec-96] org.apache.catalina.core.ApplicationContext.log Manager: list: Listing contexts for virtual host 'localhost'
26-Feb-2026 11:28:26.944 INFO [http-nio-8081-exec-96] org.apache.catalina.core.ApplicationContext.log Manager: list: Listing contexts for virtual host 'localhost'
26-Feb-2026 11:28:26.947 INFO [http-nio-8081-exec-99] org.apache.catalina.core.ApplicationContext.log Manager: list: Listing contexts for virtual host 'localhost'
26-Feb-2026 11:28:26.960 INFO [http-nio-8081-exec-93] org.apache.catalina.core.ApplicationContext.log Manager: install: Installing context configuration at 'file:/C:/Users/Anderson/AppData/Local/Temp/context14832267475741789571.xml'
26-Feb-2026 11:28:27.602 INFO [http-nio-8081-exec-95] org.apache.catalina.core.ApplicationContext.log Manager: start: Starting web application '/SistemaSercoplus'
26-Feb-2026 11:29:32.614 INFO [http-nio-8081-exec-99] org.apache.catalina.core.ApplicationContext.log Manager: list: Listing contexts for virtual host 'localhost'
26-Feb-2026 11:29:47.585 INFO [http-nio-8081-exec-100] org.apache.catalina.core.ApplicationContext.log Manager: list: Listing contexts for virtual host 'localhost'
26-Feb-2026 11:30:40.823 INFO [http-nio-8081-exec-92] org.apache.catalina.core.ApplicationContext.log Manager: list: Listing contexts for virtual host 'localhost'
26-Feb-2026 11:32:27.199 INFO [http-nio-8081-exec-92] org.apache.catalina.core.ApplicationContext.log Manager: list: Listing contexts for virtual host 'localhost'
26-Feb-2026 11:36:33.280 INFO [http-nio-8081-exec-95] org.apache.catalina.core.ApplicationContext.log Manager: list: Listing contexts for virtual host 'localhost'
26-Feb-2026 11:36:33.290 INFO [http-nio-8081-exec-97] org.apache.catalina.core.ApplicationContext.log Manager: restart: Reloading web application '/SistemaSercoplus'
26-Feb-2026 11:36:34.286 INFO [http-nio-8081-exec-101] org.apache.catalina.core.ApplicationContext.log Manager: list: Listing contexts for virtual host 'localhost'
26-Feb-2026 11:36:34.294 INFO [http-nio-8081-exec-96] org.apache.catalina.core.ApplicationContext.log Manager: restart: Reloading web application '/SistemaSercoplus'
26-Feb-2026 11:36:42.596 INFO [http-nio-8081-exec-92] org.apache.catalina.core.ApplicationContext.log Manager: list: Listing contexts for virtual host 'localhost'
26-Feb-2026 11:36:42.603 INFO [http-nio-8081-exec-101] org.apache.catalina.core.ApplicationContext.log Manager: restart: Reloading web application '/SistemaSercoplus'
26-Feb-2026 11:38:09.974 INFO [http-nio-8081-exec-103] org.apache.catalina.core.ApplicationContext.log Manager: list: Listing contexts for virtual host 'localhost'
26-Feb-2026 11:38:10.043 INFO [http-nio-8081-exec-94] org.apache.catalina.core.ApplicationContext.log Manager: list: Listing contexts for virtual host 'localhost'
26-Feb-2026 11:38:11.190 INFO [http-nio-8081-exec-93] org.apache.catalina.core.ApplicationContext.log Manager: list: Listing contexts for virtual host 'localhost'
26-Feb-2026 11:38:11.199 INFO [http-nio-8081-exec-101] org.apache.catalina.core.ApplicationContext.log Manager: restart: Reloading web application '/SistemaSercoplus'
26-Feb-2026 11:38:11.746 INFO [http-nio-8081-exec-95] org.apache.catalina.core.ApplicationContext.log Manager: list: Listing contexts for virtual host 'localhost'
26-Feb-2026 11:38:11.754 INFO [http-nio-8081-exec-96] org.apache.catalina.core.ApplicationContext.log Manager: restart: Reloading web application '/SistemaSercoplus'
26-Feb-2026 11:38:23.008 INFO [http-nio-8081-exec-106] org.apache.catalina.core.ApplicationContext.log Manager: list: Listing contexts for virtual host 'localhost'
26-Feb-2026 11:38:23.070 INFO [http-nio-8081-exec-96] org.apache.catalina.core.ApplicationContext.log Manager: list: Listing contexts for virtual host 'localhost'
26-Feb-2026 11:38:24.109 INFO [http-nio-8081-exec-95] org.apache.catalina.core.ApplicationContext.log Manager: list: Listing contexts for virtual host 'localhost'
26-Feb-2026 11:38:24.118 INFO [http-nio-8081-exec-105] org.apache.catalina.core.ApplicationContext.log Manager: restart: Reloading web application '/SistemaSercoplus'
26-Feb-2026 11:38:24.684 INFO [http-nio-8081-exec-99] org.apache.catalina.core.ApplicationContext.log Manager: list: Listing contexts for virtual host 'localhost'
26-Feb-2026 11:38:24.693 INFO [http-nio-8081-exec-95] org.apache.catalina.core.ApplicationContext.log Manager: restart: Reloading web application '/SistemaSercoplus'
26-Feb-2026 11:38:53.081 INFO [http-nio-8081-exec-96] org.apache.catalina.core.ApplicationContext.log Manager: list: Listing contexts for virtual host 'localhost'
26-Feb-2026 11:38:53.094 INFO [http-nio-8081-exec-101] org.apache.catalina.core.ApplicationContext.log Manager: restart: Reloading web application '/SistemaSercoplus'
26-Feb-2026 11:38:53.857 INFO [http-nio-8081-exec-106] org.apache.catalina.core.ApplicationContext.log Manager: list: Listing contexts for virtual host 'localhost'
26-Feb-2026 11:38:53.865 INFO [http-nio-8081-exec-99] org.apache.catalina.core.ApplicationContext.log Manager: restart: Reloading web application '/SistemaSercoplus'
26-Feb-2026 11:39:09.187 INFO [http-nio-8081-exec-95] org.apache.catalina.core.ApplicationContext.log Manager: list: Listing contexts for virtual host 'localhost'
26-Feb-2026 11:39:09.260 INFO [http-nio-8081-exec-110] org.apache.catalina.core.ApplicationContext.log Manager: list: Listing contexts for virtual host 'localhost'
26-Feb-2026 11:39:10.122 INFO [http-nio-8081-exec-96] org.apache.catalina.core.ApplicationContext.log Manager: list: Listing contexts for virtual host 'localhost'
26-Feb-2026 11:39:10.130 INFO [http-nio-8081-exec-104] org.apache.catalina.core.ApplicationContext.log Manager: restart: Reloading web application '/SistemaSercoplus'
26-Feb-2026 11:39:10.646 INFO [http-nio-8081-exec-101] org.apache.catalina.core.ApplicationContext.log Manager: list: Listing contexts for virtual host 'localhost'
26-Feb-2026 11:39:10.654 INFO [http-nio-8081-exec-95] org.apache.catalina.core.ApplicationContext.log Manager: restart: Reloading web application '/SistemaSercoplus'
26-Feb-2026 11:40:01.479 INFO [http-nio-8081-exec-110] org.apache.catalina.core.ApplicationContext.log Manager: list: Listing contexts for virtual host 'localhost'
26-Feb-2026 11:40:01.486 INFO [http-nio-8081-exec-111] org.apache.catalina.core.ApplicationContext.log Manager: restart: Reloading web application '/SistemaSercoplus'
26-Feb-2026 11:40:08.764 INFO [http-nio-8081-exec-101] org.apache.catalina.core.ApplicationContext.log Manager: list: Listing contexts for virtual host 'localhost'
26-Feb-2026 11:40:08.771 INFO [http-nio-8081-exec-105] org.apache.catalina.core.ApplicationContext.log Manager: restart: Reloading web application '/SistemaSercoplus'
26-Feb-2026 11:41:16.590 INFO [http-nio-8081-exec-109] org.apache.catalina.core.ApplicationContext.log Manager: list: Listing contexts for virtual host 'localhost'
26-Feb-2026 11:41:16.601 INFO [http-nio-8081-exec-106] org.apache.catalina.core.ApplicationContext.log Manager: restart: Reloading web application '/SistemaSercoplus'
26-Feb-2026 11:41:17.921 INFO [http-nio-8081-exec-95] org.apache.catalina.core.ApplicationContext.log Manager: list: Listing contexts for virtual host 'localhost'
26-Feb-2026 11:41:17.930 INFO [http-nio-8081-exec-105] org.apache.catalina.core.ApplicationContext.log Manager: restart: Reloading web application '/SistemaSercoplus'
26-Feb-2026 11:41:38.662 INFO [http-nio-8081-exec-95] org.apache.catalina.core.ApplicationContext.log Manager: list: Listing contexts for virtual host 'localhost'
26-Feb-2026 11:41:38.671 INFO [http-nio-8081-exec-112] org.apache.catalina.core.ApplicationContext.log Manager: restart: Reloading web application '/SistemaSercoplus'
26-Feb-2026 11:41:39.646 INFO [http-nio-8081-exec-95] org.apache.catalina.core.ApplicationContext.log Manager: list: Listing contexts for virtual host 'localhost'
26-Feb-2026 11:41:39.653 INFO [http-nio-8081-exec-117] org.apache.catalina.core.ApplicationContext.log Manager: restart: Reloading web application '/SistemaSercoplus'
26-Feb-2026 11:41:47.641 INFO [http-nio-8081-exec-112] org.apache.catalina.core.ApplicationContext.log Manager: list: Listing contexts for virtual host 'localhost'
26-Feb-2026 11:41:47.648 INFO [http-nio-8081-exec-115] org.apache.catalina.core.ApplicationContext.log Manager: restart: Reloading web application '/SistemaSercoplus'
26-Feb-2026 11:43:24.993 INFO [http-nio-8081-exec-117] org.apache.catalina.core.ApplicationContext.log Manager: list: Listing contexts for virtual host 'localhost'
26-Feb-2026 11:43:25.052 INFO [http-nio-8081-exec-105] org.apache.catalina.core.ApplicationContext.log Manager: list: Listing contexts for virtual host 'localhost'
26-Feb-2026 11:43:26.009 INFO [http-nio-8081-exec-96] org.apache.catalina.core.ApplicationContext.log Manager: list: Listing contexts for virtual host 'localhost'
26-Feb-2026 11:43:26.017 INFO [http-nio-8081-exec-115] org.apache.catalina.core.ApplicationContext.log Manager: restart: Reloading web application '/SistemaSercoplus'
26-Feb-2026 11:43:26.512 INFO [http-nio-8081-exec-105] org.apache.catalina.core.ApplicationContext.log Manager: list: Listing contexts for virtual host 'localhost'
26-Feb-2026 11:43:26.516 INFO [http-nio-8081-exec-118] org.apache.catalina.core.ApplicationContext.log Manager: restart: Reloading web application '/SistemaSercoplus'
26-Feb-2026 11:43:30.249 INFO [http-nio-8081-exec-123] org.apache.catalina.core.ApplicationContext.log Manager: list: Listing contexts for virtual host 'localhost'
26-Feb-2026 11:43:30.258 INFO [http-nio-8081-exec-96] org.apache.catalina.core.ApplicationContext.log Manager: restart: Reloading web application '/SistemaSercoplus'
26-Feb-2026 11:43:31.025 INFO [http-nio-8081-exec-123] org.apache.catalina.core.ApplicationContext.log Manager: list: Listing contexts for virtual host 'localhost'
26-Feb-2026 11:43:31.032 INFO [http-nio-8081-exec-122] org.apache.catalina.core.ApplicationContext.log Manager: restart: Reloading web application '/SistemaSercoplus'
26-Feb-2026 11:43:58.663 INFO [http-nio-8081-exec-105] org.apache.catalina.core.ApplicationContext.log Manager: list: Listing contexts for virtual host 'localhost'
26-Feb-2026 11:43:58.668 INFO [http-nio-8081-exec-117] org.apache.catalina.core.ApplicationContext.log Manager: restart: Reloading web application '/SistemaSercoplus'
26-Feb-2026 11:45:32.710 INFO [http-nio-8081-exec-125] org.apache.catalina.core.ApplicationContext.log Manager: list: Listing contexts for virtual host 'localhost'
26-Feb-2026 11:45:32.717 INFO [http-nio-8081-exec-118] org.apache.catalina.core.ApplicationContext.log Manager: restart: Reloading web application '/SistemaSercoplus'
26-Feb-2026 11:45:33.437 INFO [http-nio-8081-exec-126] org.apache.catalina.core.ApplicationContext.log Manager: list: Listing contexts for virtual host 'localhost'
26-Feb-2026 11:45:33.444 INFO [http-nio-8081-exec-128] org.apache.catalina.core.ApplicationContext.log Manager: restart: Reloading web application '/SistemaSercoplus'
26-Feb-2026 11:55:10.363 INFO [http-nio-8081-exec-132] org.apache.catalina.core.ApplicationContext.log Manager: list: Listing contexts for virtual host 'localhost'
26-Feb-2026 12:07:29.496 INFO [http-nio-8081-exec-135] org.apache.catalina.core.ApplicationContext.log Manager: list: Listing contexts for virtual host 'localhost'
26-Feb-2026 12:09:20.280 INFO [http-nio-8081-exec-136] org.apache.catalina.core.ApplicationContext.log Manager: list: Listing contexts for virtual host 'localhost'
26-Feb-2026 12:09:20.289 INFO [http-nio-8081-exec-129] org.apache.catalina.core.ApplicationContext.log Manager: restart: Reloading web application '/SistemaSercoplus'
26-Feb-2026 12:09:21.052 INFO [http-nio-8081-exec-130] org.apache.catalina.core.ApplicationContext.log Manager: list: Listing contexts for virtual host 'localhost'
26-Feb-2026 12:09:21.055 INFO [http-nio-8081-exec-132] org.apache.catalina.core.ApplicationContext.log Manager: list: Listing contexts for virtual host 'localhost'
26-Feb-2026 12:09:21.171 INFO [http-nio-8081-exec-135] org.apache.catalina.core.ApplicationContext.log Manager: restart: Reloading web application '/SistemaSercoplus'
26-Feb-2026 12:18:28.112 INFO [http-nio-8081-exec-143] org.apache.catalina.core.ApplicationContext.log Manager: list: Listing contexts for virtual host 'localhost'
26-Feb-2026 12:19:18.248 INFO [http-nio-8081-exec-143] org.apache.catalina.core.ApplicationContext.log Manager: list: Listing contexts for virtual host 'localhost'
26-Feb-2026 12:19:18.255 INFO [http-nio-8081-exec-148] org.apache.catalina.core.ApplicationContext.log Manager: restart: Reloading web application '/SistemaSercoplus'
26-Feb-2026 12:19:19.242 INFO [http-nio-8081-exec-146] org.apache.catalina.core.ApplicationContext.log Manager: list: Listing contexts for virtual host 'localhost'
26-Feb-2026 12:19:19.251 INFO [http-nio-8081-exec-143] org.apache.catalina.core.ApplicationContext.log Manager: restart: Reloading web application '/SistemaSercoplus'
26-Feb-2026 12:19:46.440 INFO [http-nio-8081-exec-147] org.apache.catalina.core.ApplicationContext.log Manager: list: Listing contexts for virtual host 'localhost'
26-Feb-2026 12:19:46.446 INFO [http-nio-8081-exec-141] org.apache.catalina.core.ApplicationContext.log Manager: restart: Reloading web application '/SistemaSercoplus'
26-Feb-2026 12:19:48.328 INFO [http-nio-8081-exec-149] org.apache.catalina.core.ApplicationContext.log Manager: list: Listing contexts for virtual host 'localhost'
26-Feb-2026 12:19:48.334 INFO [http-nio-8081-exec-143] org.apache.catalina.core.ApplicationContext.log Manager: restart: Reloading web application '/SistemaSercoplus'
26-Feb-2026 12:19:49.088 INFO [http-nio-8081-exec-149] org.apache.catalina.core.ApplicationContext.log Manager: list: Listing contexts for virtual host 'localhost'
26-Feb-2026 12:19:49.093 INFO [http-nio-8081-exec-152] org.apache.catalina.core.ApplicationContext.log Manager: restart: Reloading web application '/SistemaSercoplus'
26-Feb-2026 12:20:19.770 INFO [http-nio-8081-exec-140] org.apache.catalina.core.ApplicationContext.log Manager: list: Listing contexts for virtual host 'localhost'
26-Feb-2026 12:20:19.777 INFO [http-nio-8081-exec-141] org.apache.catalina.core.ApplicationContext.log Manager: restart: Reloading web application '/SistemaSercoplus'
26-Feb-2026 12:20:20.449 INFO [http-nio-8081-exec-147] org.apache.catalina.core.ApplicationContext.log Manager: list: Listing contexts for virtual host 'localhost'
26-Feb-2026 12:20:20.453 INFO [http-nio-8081-exec-144] org.apache.catalina.core.ApplicationContext.log Manager: restart: Reloading web application '/SistemaSercoplus'
26-Feb-2026 12:22:22.143 INFO [http-nio-8081-exec-156] org.apache.catalina.core.ApplicationContext.log Manager: list: Listing contexts for virtual host 'localhost'
26-Feb-2026 12:22:22.149 INFO [http-nio-8081-exec-161] org.apache.catalina.core.ApplicationContext.log Manager: restart: Reloading web application '/SistemaSercoplus'
26-Feb-2026 12:22:40.032 INFO [http-nio-8081-exec-156] org.apache.catalina.core.ApplicationContext.log Manager: list: Listing contexts for virtual host 'localhost'
26-Feb-2026 12:22:40.374 INFO [http-nio-8081-exec-165] org.apache.catalina.core.ApplicationContext.log Manager: list: Listing contexts for virtual host 'localhost'
26-Feb-2026 12:22:46.644 INFO [http-nio-8081-exec-156] org.apache.catalina.core.ApplicationContext.log Manager: list: Listing contexts for virtual host 'localhost'
26-Feb-2026 12:27:05.065 INFO [http-nio-8081-exec-173] org.apache.catalina.core.ApplicationContext.log Manager: list: Listing contexts for virtual host 'localhost'
26-Feb-2026 12:43:49.369 INFO [http-nio-8081-exec-171] org.apache.catalina.core.ApplicationContext.log Manager: list: Listing contexts for virtual host 'localhost'
26-Feb-2026 12:43:49.383 INFO [http-nio-8081-exec-168] org.apache.catalina.core.ApplicationContext.log Manager: restart: Reloading web application '/SistemaSercoplus'
26-Feb-2026 12:45:01.772 INFO [http-nio-8081-exec-165] org.apache.catalina.core.ApplicationContext.log Manager: list: Listing contexts for virtual host 'localhost'
26-Feb-2026 12:45:01.779 INFO [http-nio-8081-exec-171] org.apache.catalina.core.ApplicationContext.log Manager: restart: Reloading web application '/SistemaSercoplus'
26-Feb-2026 12:45:03.985 INFO [http-nio-8081-exec-177] org.apache.catalina.core.ApplicationContext.log Manager: list: Listing contexts for virtual host 'localhost'
26-Feb-2026 12:45:04.007 INFO [http-nio-8081-exec-174] org.apache.catalina.core.ApplicationContext.log Manager: restart: Reloading web application '/SistemaSercoplus'
26-Feb-2026 12:45:43.527 INFO [http-nio-8081-exec-166] org.apache.catalina.core.ApplicationContext.log Manager: list: Listing contexts for virtual host 'localhost'
26-Feb-2026 12:48:08.399 INFO [http-nio-8081-exec-188] org.apache.catalina.core.ApplicationContext.log Manager: list: Listing contexts for virtual host 'localhost'
26-Feb-2026 12:53:08.286 INFO [http-nio-8081-exec-188] org.apache.catalina.core.ApplicationContext.log Manager: list: Listing contexts for virtual host 'localhost'
26-Feb-2026 12:56:51.313 INFO [http-nio-8081-exec-187] org.apache.catalina.core.ApplicationContext.log Manager: list: Listing contexts for virtual host 'localhost'
26-Feb-2026 12:56:51.319 INFO [http-nio-8081-exec-179] org.apache.catalina.core.ApplicationContext.log Manager: list: Listing contexts for virtual host 'localhost'
26-Feb-2026 12:56:51.359 INFO [http-nio-8081-exec-183] org.apache.catalina.core.ApplicationContext.log Manager: restart: Reloading web application '/SistemaSercoplus'
26-Feb-2026 13:02:02.793 INFO [http-nio-8081-exec-194] org.apache.catalina.core.ApplicationContext.log Manager: list: Listing contexts for virtual host 'localhost'
26-Feb-2026 13:02:02.814 INFO [http-nio-8081-exec-197] org.apache.catalina.core.ApplicationContext.log Manager: restart: Reloading web application '/SistemaSercoplus'
26-Feb-2026 13:04:25.172 INFO [http-nio-8081-exec-199] org.apache.catalina.core.ApplicationContext.log Manager: list: Listing contexts for virtual host 'localhost'
26-Feb-2026 13:10:32.990 INFO [http-nio-8081-exec-202] org.apache.catalina.core.ApplicationContext.log Manager: list: Listing contexts for virtual host 'localhost'
26-Feb-2026 13:10:33.010 INFO [http-nio-8081-exec-203] org.apache.catalina.core.ApplicationContext.log Manager: undeploy: Undeploying web application at '/SistemaSercoplus'
26-Feb-2026 13:41:07.168 INFO [http-nio-8081-exec-5] org.apache.catalina.core.ApplicationContext.log Manager: init: Associated with Deployer 'Catalina:type=Deployer,host=localhost'
26-Feb-2026 13:41:07.168 INFO [http-nio-8081-exec-5] org.apache.catalina.core.ApplicationContext.log Manager: init: Global resources are available
26-Feb-2026 13:41:07.216 INFO [http-nio-8081-exec-9] org.apache.catalina.core.ApplicationContext.log Manager: list: Listing contexts for virtual host 'localhost'
26-Feb-2026 13:41:07.221 INFO [http-nio-8081-exec-1] org.apache.catalina.core.ApplicationContext.log Manager: list: Listing contexts for virtual host 'localhost'
26-Feb-2026 13:41:07.243 INFO [http-nio-8081-exec-10] org.apache.catalina.core.ApplicationContext.log Manager: install: Installing context configuration at 'file:/C:/Users/Anderson/AppData/Local/Temp/context7262303739124222523.xml'
26-Feb-2026 13:41:07.891 INFO [http-nio-8081-exec-2] org.apache.catalina.core.ApplicationContext.log Manager: start: Starting web application '/SistemaSercoplus'
26-Feb-2026 13:48:55.167 INFO [http-nio-8081-exec-10] org.apache.catalina.core.ApplicationContext.log Manager: list: Listing contexts for virtual host 'localhost'
26-Feb-2026 13:48:55.245 INFO [http-nio-8081-exec-2] org.apache.catalina.core.ApplicationContext.log Manager: restart: Reloading web application '/SistemaSercoplus'
26-Feb-2026 13:49:03.941 INFO [http-nio-8081-exec-3] org.apache.catalina.core.ApplicationContext.log Manager: list: Listing contexts for virtual host 'localhost'
26-Feb-2026 13:49:03.947 INFO [http-nio-8081-exec-6] org.apache.catalina.core.ApplicationContext.log Manager: restart: Reloading web application '/SistemaSercoplus'
26-Feb-2026 13:49:12.038 INFO [http-nio-8081-exec-8] org.apache.catalina.core.ApplicationContext.log Manager: list: Listing contexts for virtual host 'localhost'
26-Feb-2026 13:49:12.047 INFO [http-nio-8081-exec-5] org.apache.catalina.core.ApplicationContext.log Manager: restart: Reloading web application '/SistemaSercoplus'
26-Feb-2026 13:49:20.220 INFO [http-nio-8081-exec-13] org.apache.catalina.core.ApplicationContext.log Manager: list: Listing contexts for virtual host 'localhost'
26-Feb-2026 13:49:20.239 INFO [http-nio-8081-exec-12] org.apache.catalina.core.ApplicationContext.log Manager: restart: Reloading web application '/SistemaSercoplus'
26-Feb-2026 13:49:21.787 INFO [http-nio-8081-exec-3] org.apache.catalina.core.ApplicationContext.log Manager: list: Listing contexts for virtual host 'localhost'
26-Feb-2026 13:49:21.801 INFO [http-nio-8081-exec-5] org.apache.catalina.core.ApplicationContext.log Manager: restart: Reloading web application '/SistemaSercoplus'
26-Feb-2026 13:49:22.941 INFO [http-nio-8081-exec-11] org.apache.catalina.core.ApplicationContext.log Manager: list: Listing contexts for virtual host 'localhost'
26-Feb-2026 13:49:22.953 INFO [http-nio-8081-exec-10] org.apache.catalina.core.ApplicationContext.log Manager: restart: Reloading web application '/SistemaSercoplus'
26-Feb-2026 13:49:56.854 INFO [http-nio-8081-exec-5] org.apache.catalina.core.ApplicationContext.log Manager: list: Listing contexts for virtual host 'localhost'
26-Feb-2026 13:49:56.864 INFO [http-nio-8081-exec-7] org.apache.catalina.core.ApplicationContext.log Manager: restart: Reloading web application '/SistemaSercoplus'
26-Feb-2026 13:50:18.027 INFO [http-nio-8081-exec-6] org.apache.catalina.core.ApplicationContext.log Manager: list: Listing contexts for virtual host 'localhost'
26-Feb-2026 13:50:18.036 INFO [http-nio-8081-exec-16] org.apache.catalina.core.ApplicationContext.log Manager: restart: Reloading web application '/SistemaSercoplus'
26-Feb-2026 13:51:51.041 INFO [http-nio-8081-exec-20] org.apache.catalina.core.ApplicationContext.log Manager: list: Listing contexts for virtual host 'localhost'
26-Feb-2026 13:56:49.829 INFO [http-nio-8081-exec-28] org.apache.catalina.core.ApplicationContext.log Manager: list: Listing contexts for virtual host 'localhost'
26-Feb-2026 14:03:29.023 INFO [http-nio-8081-exec-26] org.apache.catalina.core.ApplicationContext.log Manager: list: Listing contexts for virtual host 'localhost'
26-Feb-2026 14:03:29.033 INFO [http-nio-8081-exec-28] org.apache.catalina.core.ApplicationContext.log Manager: restart: Reloading web application '/SistemaSercoplus'
26-Feb-2026 15:18:33.520 INFO [http-nio-8081-exec-4] org.apache.catalina.core.ApplicationContext.log Manager: init: Associated with Deployer 'Catalina:type=Deployer,host=localhost'
26-Feb-2026 15:18:33.520 INFO [http-nio-8081-exec-4] org.apache.catalina.core.ApplicationContext.log Manager: init: Global resources are available
26-Feb-2026 15:18:33.617 INFO [http-nio-8081-exec-10] org.apache.catalina.core.ApplicationContext.log Manager: list: Listing contexts for virtual host 'localhost'
26-Feb-2026 15:18:33.623 INFO [http-nio-8081-exec-9] org.apache.catalina.core.ApplicationContext.log Manager: list: Listing contexts for virtual host 'localhost'
26-Feb-2026 15:18:33.677 INFO [http-nio-8081-exec-1] org.apache.catalina.core.ApplicationContext.log Manager: restart: Reloading web application '/SistemaSercoplus'
26-Feb-2026 15:29:50.177 INFO [http-nio-8081-exec-19] org.apache.catalina.core.ApplicationContext.log Manager: list: Listing contexts for virtual host 'localhost'
26-Feb-2026 15:29:50.192 INFO [http-nio-8081-exec-14] org.apache.catalina.core.ApplicationContext.log Manager: restart: Reloading web application '/SistemaSercoplus'
26-Feb-2026 15:30:47.522 INFO [http-nio-8081-exec-11] org.apache.catalina.core.ApplicationContext.log Manager: list: Listing contexts for virtual host 'localhost'
26-Feb-2026 15:30:47.530 INFO [http-nio-8081-exec-16] org.apache.catalina.core.ApplicationContext.log Manager: restart: Reloading web application '/SistemaSercoplus'
26-Feb-2026 15:30:48.264 INFO [http-nio-8081-exec-11] org.apache.catalina.core.ApplicationContext.log Manager: list: Listing contexts for virtual host 'localhost'
26-Feb-2026 15:30:48.272 INFO [http-nio-8081-exec-18] org.apache.catalina.core.ApplicationContext.log Manager: restart: Reloading web application '/SistemaSercoplus'
26-Feb-2026 15:31:19.990 INFO [http-nio-8081-exec-24] org.apache.catalina.core.ApplicationContext.log Manager: list: Listing contexts for virtual host 'localhost'
26-Feb-2026 15:31:19.997 INFO [http-nio-8081-exec-16] org.apache.catalina.core.ApplicationContext.log Manager: restart: Reloading web application '/SistemaSercoplus'
26-Feb-2026 15:38:14.884 INFO [http-nio-8081-exec-31] org.apache.catalina.core.ApplicationContext.log Manager: list: Listing contexts for virtual host 'localhost'
26-Feb-2026 15:38:14.914 INFO [http-nio-8081-exec-25] org.apache.catalina.core.ApplicationContext.log Manager: restart: Reloading web application '/SistemaSercoplus'
26-Feb-2026 15:38:16.181 INFO [http-nio-8081-exec-32] org.apache.catalina.core.ApplicationContext.log Manager: list: Listing contexts for virtual host 'localhost'
26-Feb-2026 15:38:16.189 INFO [http-nio-8081-exec-30] org.apache.catalina.core.ApplicationContext.log Manager: restart: Reloading web application '/SistemaSercoplus'
26-Feb-2026 15:39:06.145 INFO [http-nio-8081-exec-28] org.apache.catalina.core.ApplicationContext.log Manager: list: Listing contexts for virtual host 'localhost'
26-Feb-2026 15:39:06.155 INFO [http-nio-8081-exec-35] org.apache.catalina.core.ApplicationContext.log Manager: restart: Reloading web application '/SistemaSercoplus'
26-Feb-2026 15:39:07.327 INFO [http-nio-8081-exec-27] org.apache.catalina.core.ApplicationContext.log Manager: list: Listing contexts for virtual host 'localhost'
26-Feb-2026 15:39:07.339 INFO [http-nio-8081-exec-34] org.apache.catalina.core.ApplicationContext.log Manager: restart: Reloading web application '/SistemaSercoplus'
26-Feb-2026 15:47:33.172 INFO [http-nio-8081-exec-39] org.apache.catalina.core.ApplicationContext.log Manager: list: Listing contexts for virtual host 'localhost'
26-Feb-2026 15:47:33.189 INFO [http-nio-8081-exec-42] org.apache.catalina.core.ApplicationContext.log Manager: restart: Reloading web application '/SistemaSercoplus'
26-Feb-2026 15:47:34.779 INFO [http-nio-8081-exec-44] org.apache.catalina.core.ApplicationContext.log Manager: list: Listing contexts for virtual host 'localhost'
26-Feb-2026 15:47:34.795 INFO [http-nio-8081-exec-39] org.apache.catalina.core.ApplicationContext.log Manager: restart: Reloading web application '/SistemaSercoplus'
26-Feb-2026 15:50:21.832 INFO [http-nio-8081-exec-48] org.apache.catalina.core.ApplicationContext.log Manager: list: Listing contexts for virtual host 'localhost'
26-Feb-2026 15:50:21.849 INFO [http-nio-8081-exec-51] org.apache.catalina.core.ApplicationContext.log Manager: restart: Reloading web application '/SistemaSercoplus'
26-Feb-2026 15:50:22.858 INFO [http-nio-8081-exec-55] org.apache.catalina.core.ApplicationContext.log Manager: list: Listing contexts for virtual host 'localhost'
26-Feb-2026 15:50:22.869 INFO [http-nio-8081-exec-52] org.apache.catalina.core.ApplicationContext.log Manager: restart: Reloading web application '/SistemaSercoplus'
26-Feb-2026 15:50:22.873 SEVERE [http-nio-8081-exec-52] org.apache.catalina.core.ApplicationContext.log Manager: Error reloading [/SistemaSercoplus]
	java.lang.IllegalStateException: Aún no se ha arrancado el Contexto [/SistemaSercoplus]
		at org.apache.catalina.core.StandardContext.reload(StandardContext.java:3233)
		at org.apache.catalina.manager.ManagerServlet.reload(ManagerServlet.java:1032)
		at org.apache.catalina.manager.ManagerServlet.doGet(ManagerServlet.java:314)
		at jakarta.servlet.http.HttpServlet.service(HttpServlet.java:564)
		at jakarta.servlet.http.HttpServlet.service(HttpServlet.java:658)
		at org.apache.catalina.core.ApplicationFilterChain.internalDoFilter(ApplicationFilterChain.java:193)
		at org.apache.catalina.core.ApplicationFilterChain.doFilter(ApplicationFilterChain.java:138)
		at org.apache.tomcat.websocket.server.WsFilter.doFilter(WsFilter.java:51)
		at org.apache.catalina.core.ApplicationFilterChain.internalDoFilter(ApplicationFilterChain.java:162)
		at org.apache.catalina.core.ApplicationFilterChain.doFilter(ApplicationFilterChain.java:138)
		at org.apache.catalina.filters.HttpHeaderSecurityFilter.doFilter(HttpHeaderSecurityFilter.java:129)
		at org.apache.catalina.core.ApplicationFilterChain.internalDoFilter(ApplicationFilterChain.java:162)
		at org.apache.catalina.core.ApplicationFilterChain.doFilter(ApplicationFilterChain.java:138)
		at org.apache.catalina.core.StandardWrapperValve.invoke(StandardWrapperValve.java:165)
		at org.apache.catalina.core.StandardContextValve.invoke(StandardContextValve.java:88)
		at org.apache.catalina.authenticator.AuthenticatorBase.invoke(AuthenticatorBase.java:607)
		at org.apache.catalina.valves.RequestFilterValve.process(RequestFilterValve.java:352)
		at org.apache.catalina.valves.RemoteCIDRValve.invoke(RemoteCIDRValve.java:138)
		at org.apache.catalina.core.StandardHostValve.invoke(StandardHostValve.java:113)
		at org.apache.catalina.valves.ErrorReportValve.invoke(ErrorReportValve.java:83)
		at org.apache.catalina.valves.AbstractAccessLogValve.invoke(AbstractAccessLogValve.java:654)
		at org.apache.catalina.core.StandardEngineValve.invoke(StandardEngineValve.java:72)
		at org.apache.catalina.connector.CoyoteAdapter.service(CoyoteAdapter.java:342)
		at org.apache.coyote.http11.Http11Processor.service(Http11Processor.java:399)
		at org.apache.coyote.AbstractProcessorLight.process(AbstractProcessorLight.java:63)
		at org.apache.coyote.AbstractProtocol$ConnectionHandler.process(AbstractProtocol.java:903)
		at org.apache.tomcat.util.net.NioEndpoint$SocketProcessor.doRun(NioEndpoint.java:1775)
		at org.apache.tomcat.util.net.SocketProcessorBase.run(SocketProcessorBase.java:52)
		at org.apache.tomcat.util.threads.ThreadPoolExecutor.runWorker(ThreadPoolExecutor.java:973)
		at org.apache.tomcat.util.threads.ThreadPoolExecutor$Worker.run(ThreadPoolExecutor.java:491)
		at org.apache.tomcat.util.threads.TaskThread$WrappingRunnable.run(TaskThread.java:63)
		at java.base/java.lang.Thread.run(Thread.java:1583)
26-Feb-2026 15:50:24.627 INFO [http-nio-8081-exec-59] org.apache.catalina.core.ApplicationContext.log Manager: list: Listing contexts for virtual host 'localhost'
26-Feb-2026 15:50:24.631 INFO [http-nio-8081-exec-57] org.apache.catalina.core.ApplicationContext.log Manager: list: Listing contexts for virtual host 'localhost'
26-Feb-2026 15:50:24.653 INFO [http-nio-8081-exec-55] org.apache.catalina.core.ApplicationContext.log Manager: undeploy: Undeploying web application at '/SistemaSercoplus'
26-Feb-2026 15:50:25.280 INFO [http-nio-8081-exec-58] org.apache.catalina.core.ApplicationContext.log Manager: install: Installing context configuration at 'file:/C:/Users/Anderson/AppData/Local/Temp/context7097698208060043366.xml'
26-Feb-2026 15:50:25.767 INFO [http-nio-8081-exec-50] org.apache.catalina.core.ApplicationContext.log Manager: start: Starting web application '/SistemaSercoplus'
26-Feb-2026 15:50:26.094 INFO [http-nio-8081-exec-53] org.apache.catalina.core.ApplicationContext.log Manager: list: Listing contexts for virtual host 'localhost'
26-Feb-2026 15:50:26.103 INFO [http-nio-8081-exec-49] org.apache.catalina.core.ApplicationContext.log Manager: restart: Reloading web application '/SistemaSercoplus'
26-Feb-2026 15:51:38.137 INFO [http-nio-8081-exec-60] org.apache.catalina.core.ApplicationContext.log Manager: list: Listing contexts for virtual host 'localhost'
26-Feb-2026 15:51:38.143 INFO [http-nio-8081-exec-53] org.apache.catalina.core.ApplicationContext.log Manager: restart: Reloading web application '/SistemaSercoplus'
26-Feb-2026 15:51:41.984 INFO [http-nio-8081-exec-52] org.apache.catalina.core.ApplicationContext.log Manager: list: Listing contexts for virtual host 'localhost'
26-Feb-2026 15:51:41.990 INFO [http-nio-8081-exec-56] org.apache.catalina.core.ApplicationContext.log Manager: restart: Reloading web application '/SistemaSercoplus'
26-Feb-2026 15:52:00.918 INFO [http-nio-8081-exec-63] org.apache.catalina.core.ApplicationContext.log Manager: list: Listing contexts for virtual host 'localhost'
26-Feb-2026 15:52:00.924 INFO [http-nio-8081-exec-61] org.apache.catalina.core.ApplicationContext.log Manager: restart: Reloading web application '/SistemaSercoplus'
26-Feb-2026 15:52:47.941 INFO [http-nio-8081-exec-64] org.apache.catalina.core.ApplicationContext.log Manager: list: Listing contexts for virtual host 'localhost'
26-Feb-2026 15:52:47.950 INFO [http-nio-8081-exec-53] org.apache.catalina.core.ApplicationContext.log Manager: restart: Reloading web application '/SistemaSercoplus'
26-Feb-2026 15:52:48.753 INFO [http-nio-8081-exec-64] org.apache.catalina.core.ApplicationContext.log Manager: list: Listing contexts for virtual host 'localhost'
26-Feb-2026 15:52:48.759 INFO [http-nio-8081-exec-62] org.apache.catalina.core.ApplicationContext.log Manager: restart: Reloading web application '/SistemaSercoplus'
26-Feb-2026 15:53:11.495 INFO [http-nio-8081-exec-53] org.apache.catalina.core.ApplicationContext.log Manager: list: Listing contexts for virtual host 'localhost'
26-Feb-2026 15:53:11.502 INFO [http-nio-8081-exec-57] org.apache.catalina.core.ApplicationContext.log Manager: restart: Reloading web application '/SistemaSercoplus'
26-Feb-2026 15:53:12.310 INFO [http-nio-8081-exec-63] org.apache.catalina.core.ApplicationContext.log Manager: list: Listing contexts for virtual host 'localhost'
26-Feb-2026 15:53:12.317 INFO [http-nio-8081-exec-52] org.apache.catalina.core.ApplicationContext.log Manager: restart: Reloading web application '/SistemaSercoplus'
26-Feb-2026 15:53:13.983 INFO [http-nio-8081-exec-49] org.apache.catalina.core.ApplicationContext.log Manager: list: Listing contexts for virtual host 'localhost'
26-Feb-2026 15:53:13.992 INFO [http-nio-8081-exec-64] org.apache.catalina.core.ApplicationContext.log Manager: restart: Reloading web application '/SistemaSercoplus'
26-Feb-2026 16:22:41.295 INFO [http-nio-8081-exec-76] org.apache.catalina.core.ApplicationContext.log Manager: list: Listing contexts for virtual host 'localhost'
26-Feb-2026 16:32:16.293 INFO [http-nio-8081-exec-78] org.apache.catalina.core.ApplicationContext.log Manager: list: Listing contexts for virtual host 'localhost'
26-Feb-2026 16:32:16.307 INFO [http-nio-8081-exec-79] org.apache.catalina.core.ApplicationContext.log Manager: restart: Reloading web application '/SistemaSercoplus'
26-Feb-2026 16:43:13.406 INFO [http-nio-8081-exec-87] org.apache.catalina.core.ApplicationContext.log Manager: list: Listing contexts for virtual host 'localhost'
26-Feb-2026 16:43:55.547 INFO [http-nio-8081-exec-88] org.apache.catalina.core.ApplicationContext.log Manager: list: Listing contexts for virtual host 'localhost'
26-Feb-2026 16:43:55.555 INFO [http-nio-8081-exec-82] org.apache.catalina.core.ApplicationContext.log Manager: restart: Reloading web application '/SistemaSercoplus'
26-Feb-2026 16:43:57.221 INFO [http-nio-8081-exec-80] org.apache.catalina.core.ApplicationContext.log Manager: list: Listing contexts for virtual host 'localhost'
26-Feb-2026 16:43:57.231 INFO [http-nio-8081-exec-86] org.apache.catalina.core.ApplicationContext.log Manager: restart: Reloading web application '/SistemaSercoplus'
26-Feb-2026 16:44:13.277 INFO [http-nio-8081-exec-88] org.apache.catalina.core.ApplicationContext.log Manager: list: Listing contexts for virtual host 'localhost'
26-Feb-2026 16:44:13.286 INFO [http-nio-8081-exec-81] org.apache.catalina.core.ApplicationContext.log Manager: restart: Reloading web application '/SistemaSercoplus'
26-Feb-2026 16:44:14.085 INFO [http-nio-8081-exec-92] org.apache.catalina.core.ApplicationContext.log Manager: list: Listing contexts for virtual host 'localhost'
26-Feb-2026 16:44:14.097 INFO [http-nio-8081-exec-90] org.apache.catalina.core.ApplicationContext.log Manager: restart: Reloading web application '/SistemaSercoplus'
26-Feb-2026 16:45:18.385 INFO [http-nio-8081-exec-80] org.apache.catalina.core.ApplicationContext.log Manager: list: Listing contexts for virtual host 'localhost'
26-Feb-2026 16:45:18.392 INFO [http-nio-8081-exec-95] org.apache.catalina.core.ApplicationContext.log Manager: restart: Reloading web application '/SistemaSercoplus'
26-Feb-2026 17:06:22.558 INFO [http-nio-8081-exec-100] org.apache.catalina.core.ApplicationContext.log Manager: list: Listing contexts for virtual host 'localhost'
26-Feb-2026 17:30:19.054 INFO [http-nio-8081-exec-104] org.apache.catalina.core.ApplicationContext.log Manager: list: Listing contexts for virtual host 'localhost'
26-Feb-2026 17:36:27.445 INFO [http-nio-8081-exec-104] org.apache.catalina.core.ApplicationContext.log Manager: list: Listing contexts for virtual host 'localhost'
26-Feb-2026 17:36:51.448 INFO [http-nio-8081-exec-98] org.apache.catalina.core.ApplicationContext.log Manager: list: Listing contexts for virtual host 'localhost'
26-Feb-2026 17:38:48.353 INFO [http-nio-8081-exec-97] org.apache.catalina.core.ApplicationContext.log Manager: list: Listing contexts for virtual host 'localhost'
26-Feb-2026 17:39:00.420 INFO [http-nio-8081-exec-103] org.apache.catalina.core.ApplicationContext.log Manager: list: Listing contexts for virtual host 'localhost'
26-Feb-2026 17:59:12.950 INFO [http-nio-8081-exec-103] org.apache.catalina.core.ApplicationContext.log Manager: list: Listing contexts for virtual host 'localhost'
26-Feb-2026 17:59:12.981 INFO [http-nio-8081-exec-101] org.apache.catalina.core.ApplicationContext.log Manager: restart: Reloading web application '/SistemaSercoplus'
26-Feb-2026 17:59:59.721 INFO [http-nio-8081-exec-100] org.apache.catalina.core.ApplicationContext.log Manager: list: Listing contexts for virtual host 'localhost'
26-Feb-2026 17:59:59.731 INFO [http-nio-8081-exec-96] org.apache.catalina.core.ApplicationContext.log Manager: restart: Reloading web application '/SistemaSercoplus'
26-Feb-2026 18:00:49.017 INFO [http-nio-8081-exec-106] org.apache.catalina.core.ApplicationContext.log Manager: list: Listing contexts for virtual host 'localhost'
26-Feb-2026 18:00:49.025 INFO [http-nio-8081-exec-99] org.apache.catalina.core.ApplicationContext.log Manager: restart: Reloading web application '/SistemaSercoplus'
26-Feb-2026 18:01:33.359 INFO [http-nio-8081-exec-110] org.apache.catalina.core.ApplicationContext.log Manager: list: Listing contexts for virtual host 'localhost'
26-Feb-2026 18:01:33.368 INFO [http-nio-8081-exec-96] org.apache.catalina.core.ApplicationContext.log Manager: restart: Reloading web application '/SistemaSercoplus'
26-Feb-2026 18:03:54.527 INFO [http-nio-8081-exec-117] org.apache.catalina.core.ApplicationContext.log Manager: list: Listing contexts for virtual host 'localhost'
26-Feb-2026 18:03:54.547 INFO [http-nio-8081-exec-107] org.apache.catalina.core.ApplicationContext.log Manager: restart: Reloading web application '/SistemaSercoplus'
26-Feb-2026 18:06:20.402 INFO [http-nio-8081-exec-115] org.apache.catalina.core.ApplicationContext.log Manager: list: Listing contexts for virtual host 'localhost'
26-Feb-2026 18:06:20.415 INFO [http-nio-8081-exec-121] org.apache.catalina.core.ApplicationContext.log Manager: restart: Reloading web application '/SistemaSercoplus'
26-Feb-2026 18:09:58.507 INFO [http-nio-8081-exec-123] org.apache.catalina.core.ApplicationContext.log Manager: list: Listing contexts for virtual host 'localhost'
26-Feb-2026 18:11:59.352 INFO [http-nio-8081-exec-127] org.apache.catalina.core.ApplicationContext.log Manager: list: Listing contexts for virtual host 'localhost'
26-Feb-2026 18:16:08.411 INFO [http-nio-8081-exec-131] org.apache.catalina.core.ApplicationContext.log Manager: list: Listing contexts for virtual host 'localhost'
26-Feb-2026 18:25:00.644 INFO [http-nio-8081-exec-130] org.apache.catalina.core.ApplicationContext.log Manager: list: Listing contexts for virtual host 'localhost'
26-Feb-2026 18:28:31.952 INFO [http-nio-8081-exec-125] org.apache.catalina.core.ApplicationContext.log Manager: list: Listing contexts for virtual host 'localhost'
26-Feb-2026 18:34:17.172 INFO [http-nio-8081-exec-126] org.apache.catalina.core.ApplicationContext.log Manager: list: Listing contexts for virtual host 'localhost'
26-Feb-2026 18:34:17.189 INFO [http-nio-8081-exec-125] org.apache.catalina.core.ApplicationContext.log Manager: restart: Reloading web application '/SistemaSercoplus'
26-Feb-2026 18:34:18.248 INFO [http-nio-8081-exec-130] org.apache.catalina.core.ApplicationContext.log Manager: list: Listing contexts for virtual host 'localhost'
26-Feb-2026 18:34:18.255 INFO [http-nio-8081-exec-122] org.apache.catalina.core.ApplicationContext.log Manager: restart: Reloading web application '/SistemaSercoplus'
26-Feb-2026 18:34:25.727 INFO [http-nio-8081-exec-127] org.apache.catalina.core.ApplicationContext.log Manager: list: Listing contexts for virtual host 'localhost'
26-Feb-2026 18:34:25.858 INFO [http-nio-8081-exec-129] org.apache.catalina.core.ApplicationContext.log Manager: list: Listing contexts for virtual host 'localhost'
26-Feb-2026 18:34:42.688 INFO [http-nio-8081-exec-131] org.apache.catalina.core.ApplicationContext.log Manager: list: Listing contexts for virtual host 'localhost'
26-Feb-2026 18:34:42.702 INFO [http-nio-8081-exec-127] org.apache.catalina.core.ApplicationContext.log Manager: restart: Reloading web application '/SistemaSercoplus'
26-Feb-2026 18:34:43.643 INFO [http-nio-8081-exec-134] org.apache.catalina.core.ApplicationContext.log Manager: list: Listing contexts for virtual host 'localhost'
26-Feb-2026 18:34:43.650 INFO [http-nio-8081-exec-129] org.apache.catalina.core.ApplicationContext.log Manager: restart: Reloading web application '/SistemaSercoplus'
26-Feb-2026 18:35:26.136 INFO [http-nio-8081-exec-134] org.apache.catalina.core.ApplicationContext.log Manager: list: Listing contexts for virtual host 'localhost'
26-Feb-2026 18:35:26.145 INFO [http-nio-8081-exec-124] org.apache.catalina.core.ApplicationContext.log Manager: restart: Reloading web application '/SistemaSercoplus'
26-Feb-2026 18:35:27.427 INFO [http-nio-8081-exec-133] org.apache.catalina.core.ApplicationContext.log Manager: list: Listing contexts for virtual host 'localhost'
26-Feb-2026 18:35:27.436 INFO [http-nio-8081-exec-122] org.apache.catalina.core.ApplicationContext.log Manager: restart: Reloading web application '/SistemaSercoplus'
26-Feb-2026 18:35:37.136 INFO [http-nio-8081-exec-131] org.apache.catalina.core.ApplicationContext.log Manager: list: Listing contexts for virtual host 'localhost'
26-Feb-2026 18:35:37.143 INFO [http-nio-8081-exec-135] org.apache.catalina.core.ApplicationContext.log Manager: restart: Reloading web application '/SistemaSercoplus'
26-Feb-2026 18:35:38.390 INFO [http-nio-8081-exec-124] org.apache.catalina.core.ApplicationContext.log Manager: list: Listing contexts for virtual host 'localhost'
26-Feb-2026 18:35:38.396 INFO [http-nio-8081-exec-122] org.apache.catalina.core.ApplicationContext.log Manager: restart: Reloading web application '/SistemaSercoplus'
26-Feb-2026 18:36:09.645 INFO [http-nio-8081-exec-124] org.apache.catalina.core.ApplicationContext.log Manager: list: Listing contexts for virtual host 'localhost'
26-Feb-2026 18:36:09.654 INFO [http-nio-8081-exec-131] org.apache.catalina.core.ApplicationContext.log Manager: restart: Reloading web application '/SistemaSercoplus'
26-Feb-2026 18:36:11.295 INFO [http-nio-8081-exec-126] org.apache.catalina.core.ApplicationContext.log Manager: list: Listing contexts for virtual host 'localhost'
26-Feb-2026 18:36:11.303 INFO [http-nio-8081-exec-140] org.apache.catalina.core.ApplicationContext.log Manager: restart: Reloading web application '/SistemaSercoplus'
26-Feb-2026 18:36:17.700 INFO [http-nio-8081-exec-133] org.apache.catalina.core.ApplicationContext.log Manager: list: Listing contexts for virtual host 'localhost'
26-Feb-2026 18:36:17.706 INFO [http-nio-8081-exec-139] org.apache.catalina.core.ApplicationContext.log Manager: restart: Reloading web application '/SistemaSercoplus'
26-Feb-2026 18:38:15.631 INFO [http-nio-8081-exec-124] org.apache.catalina.core.ApplicationContext.log Manager: list: Listing contexts for virtual host 'localhost'
26-Feb-2026 18:38:15.638 INFO [http-nio-8081-exec-141] org.apache.catalina.core.ApplicationContext.log Manager: restart: Reloading web application '/SistemaSercoplus'
26-Feb-2026 18:39:50.460 INFO [http-nio-8081-exec-135] org.apache.catalina.core.ApplicationContext.log Manager: list: Listing contexts for virtual host 'localhost'
26-Feb-2026 18:53:32.658 INFO [http-nio-8081-exec-150] org.apache.catalina.core.ApplicationContext.log Manager: list: Listing contexts for virtual host 'localhost'
26-Feb-2026 18:53:33.323 INFO [http-nio-8081-exec-146] org.apache.catalina.core.ApplicationContext.log Manager: list: Listing contexts for virtual host 'localhost'
26-Feb-2026 18:53:41.794 INFO [http-nio-8081-exec-154] org.apache.catalina.core.ApplicationContext.log Manager: list: Listing contexts for virtual host 'localhost'
26-Feb-2026 18:57:28.681 INFO [http-nio-8081-exec-147] org.apache.catalina.core.ApplicationContext.log Manager: list: Listing contexts for virtual host 'localhost'
26-Feb-2026 18:57:28.690 INFO [http-nio-8081-exec-145] org.apache.catalina.core.ApplicationContext.log Manager: list: Listing contexts for virtual host 'localhost'
26-Feb-2026 18:57:28.775 INFO [http-nio-8081-exec-153] org.apache.catalina.core.ApplicationContext.log Manager: restart: Reloading web application '/SistemaSercoplus'
26-Feb-2026 19:06:39.722 INFO [http-nio-8081-exec-158] org.apache.catalina.core.ApplicationContext.log Manager: list: Listing contexts for virtual host 'localhost'
26-Feb-2026 19:06:39.789 INFO [http-nio-8081-exec-164] org.apache.catalina.core.ApplicationContext.log Manager: restart: Reloading web application '/SistemaSercoplus'
26-Feb-2026 19:07:00.360 INFO [http-nio-8081-exec-161] org.apache.catalina.core.ApplicationContext.log Manager: list: Listing contexts for virtual host 'localhost'
26-Feb-2026 19:07:00.371 INFO [http-nio-8081-exec-155] org.apache.catalina.core.ApplicationContext.log Manager: restart: Reloading web application '/SistemaSercoplus'
26-Feb-2026 19:07:03.414 INFO [http-nio-8081-exec-157] org.apache.catalina.core.ApplicationContext.log Manager: list: Listing contexts for virtual host 'localhost'
26-Feb-2026 19:07:03.455 INFO [http-nio-8081-exec-166] org.apache.catalina.core.ApplicationContext.log Manager: restart: Reloading web application '/SistemaSercoplus'
26-Feb-2026 19:09:55.914 INFO [http-nio-8081-exec-163] org.apache.catalina.core.ApplicationContext.log Manager: list: Listing contexts for virtual host 'localhost'
26-Feb-2026 19:09:55.935 INFO [http-nio-8081-exec-161] org.apache.catalina.core.ApplicationContext.log Manager: restart: Reloading web application '/SistemaSercoplus'
26-Feb-2026 19:09:58.524 INFO [http-nio-8081-exec-168] org.apache.catalina.core.ApplicationContext.log Manager: list: Listing contexts for virtual host 'localhost'
26-Feb-2026 19:09:58.541 INFO [http-nio-8081-exec-169] org.apache.catalina.core.ApplicationContext.log Manager: restart: Reloading web application '/SistemaSercoplus'
26-Feb-2026 19:15:05.725 INFO [http-nio-8081-exec-183] org.apache.catalina.core.ApplicationContext.log Manager: list: Listing contexts for virtual host 'localhost'
26-Feb-2026 19:15:05.752 INFO [http-nio-8081-exec-177] org.apache.catalina.core.ApplicationContext.log Manager: restart: Reloading web application '/SistemaSercoplus'
26-Feb-2026 19:15:28.178 INFO [http-nio-8081-exec-183] org.apache.catalina.core.ApplicationContext.log Manager: list: Listing contexts for virtual host 'localhost'
26-Feb-2026 19:15:28.538 INFO [http-nio-8081-exec-182] org.apache.catalina.core.ApplicationContext.log Manager: list: Listing contexts for virtual host 'localhost'
26-Feb-2026 19:15:40.617 INFO [http-nio-8081-exec-183] org.apache.catalina.core.ApplicationContext.log Manager: list: Listing contexts for virtual host 'localhost'
26-Feb-2026 19:17:44.879 INFO [http-nio-8081-exec-185] org.apache.catalina.core.ApplicationContext.log Manager: list: Listing contexts for virtual host 'localhost'
26-Feb-2026 19:19:15.151 INFO [http-nio-8081-exec-188] org.apache.catalina.core.ApplicationContext.log Manager: list: Listing contexts for virtual host 'localhost'
26-Feb-2026 19:20:04.868 INFO [http-nio-8081-exec-188] org.apache.catalina.core.ApplicationContext.log Manager: list: Listing contexts for virtual host 'localhost'
26-Feb-2026 19:20:59.527 INFO [http-nio-8081-exec-185] org.apache.catalina.core.ApplicationContext.log Manager: list: Listing contexts for virtual host 'localhost'
26-Feb-2026 19:26:20.615 INFO [http-nio-8081-exec-191] org.apache.catalina.core.ApplicationContext.log Manager: list: Listing contexts for virtual host 'localhost'
26-Feb-2026 19:26:20.643 INFO [http-nio-8081-exec-189] org.apache.catalina.core.ApplicationContext.log Manager: restart: Reloading web application '/SistemaSercoplus'
26-Feb-2026 19:26:23.801 INFO [http-nio-8081-exec-188] org.apache.catalina.core.ApplicationContext.log Manager: list: Listing contexts for virtual host 'localhost'
26-Feb-2026 19:26:23.811 INFO [http-nio-8081-exec-190] org.apache.catalina.core.ApplicationContext.log Manager: restart: Reloading web application '/SistemaSercoplus'
26-Feb-2026 19:26:33.140 INFO [http-nio-8081-exec-185] org.apache.catalina.core.ApplicationContext.log Manager: list: Listing contexts for virtual host 'localhost'
26-Feb-2026 19:26:33.158 INFO [http-nio-8081-exec-194] org.apache.catalina.core.ApplicationContext.log Manager: restart: Reloading web application '/SistemaSercoplus'
26-Feb-2026 19:27:44.346 INFO [http-nio-8081-exec-185] org.apache.catalina.core.ApplicationContext.log Manager: list: Listing contexts for virtual host 'localhost'
26-Feb-2026 19:27:44.367 INFO [http-nio-8081-exec-193] org.apache.catalina.core.ApplicationContext.log Manager: restart: Reloading web application '/SistemaSercoplus'
26-Feb-2026 19:28:32.952 INFO [http-nio-8081-exec-195] org.apache.catalina.core.ApplicationContext.log Manager: list: Listing contexts for virtual host 'localhost'
26-Feb-2026 19:28:59.581 INFO [http-nio-8081-exec-204] org.apache.catalina.core.ApplicationContext.log Manager: list: Listing contexts for virtual host 'localhost'
26-Feb-2026 19:29:11.227 INFO [http-nio-8081-exec-203] org.apache.catalina.core.ApplicationContext.log Manager: list: Listing contexts for virtual host 'localhost'
26-Feb-2026 19:29:43.900 INFO [http-nio-8081-exec-206] org.apache.catalina.core.ApplicationContext.log Manager: list: Listing contexts for virtual host 'localhost'
26-Feb-2026 19:30:21.878 INFO [http-nio-8081-exec-203] org.apache.catalina.core.ApplicationContext.log Manager: list: Listing contexts for virtual host 'localhost'
26-Feb-2026 19:30:28.111 INFO [http-nio-8081-exec-201] org.apache.catalina.core.ApplicationContext.log Manager: list: Listing contexts for virtual host 'localhost'
26-Feb-2026 19:30:28.132 INFO [http-nio-8081-exec-203] org.apache.catalina.core.ApplicationContext.log Manager: restart: Reloading web application '/SistemaSercoplus'
26-Feb-2026 19:31:06.925 INFO [http-nio-8081-exec-207] org.apache.catalina.core.ApplicationContext.log Manager: list: Listing contexts for virtual host 'localhost'
26-Feb-2026 19:31:06.933 INFO [http-nio-8081-exec-213] org.apache.catalina.core.ApplicationContext.log Manager: restart: Reloading web application '/SistemaSercoplus'
26-Feb-2026 19:32:17.440 INFO [http-nio-8081-exec-212] org.apache.catalina.core.ApplicationContext.log Manager: list: Listing contexts for virtual host 'localhost'
26-Feb-2026 19:32:45.950 INFO [http-nio-8081-exec-223] org.apache.catalina.core.ApplicationContext.log Manager: list: Listing contexts for virtual host 'localhost'
26-Feb-2026 19:32:45.966 INFO [http-nio-8081-exec-228] org.apache.catalina.core.ApplicationContext.log Manager: restart: Reloading web application '/SistemaSercoplus'
26-Feb-2026 19:33:32.113 INFO [http-nio-8081-exec-231] org.apache.catalina.core.ApplicationContext.log Manager: list: Listing contexts for virtual host 'localhost'
26-Feb-2026 19:33:51.059 INFO [http-nio-8081-exec-231] org.apache.catalina.core.ApplicationContext.log Manager: list: Listing contexts for virtual host 'localhost'
26-Feb-2026 19:34:31.934 INFO [http-nio-8081-exec-232] org.apache.catalina.core.ApplicationContext.log Manager: list: Listing contexts for virtual host 'localhost'
26-Feb-2026 19:34:31.945 INFO [http-nio-8081-exec-233] org.apache.catalina.core.ApplicationContext.log Manager: restart: Reloading web application '/SistemaSercoplus'
26-Feb-2026 19:34:55.670 INFO [http-nio-8081-exec-235] org.apache.catalina.core.ApplicationContext.log Manager: list: Listing contexts for virtual host 'localhost'
26-Feb-2026 19:34:55.683 INFO [http-nio-8081-exec-230] org.apache.catalina.core.ApplicationContext.log Manager: restart: Reloading web application '/SistemaSercoplus'
26-Feb-2026 19:35:49.562 INFO [http-nio-8081-exec-244] org.apache.catalina.core.ApplicationContext.log Manager: list: Listing contexts for virtual host 'localhost'
26-Feb-2026 19:35:49.572 INFO [http-nio-8081-exec-243] org.apache.catalina.core.ApplicationContext.log Manager: restart: Reloading web application '/SistemaSercoplus'
26-Feb-2026 19:35:57.978 INFO [http-nio-8081-exec-248] org.apache.catalina.core.ApplicationContext.log Manager: list: Listing contexts for virtual host 'localhost'
26-Feb-2026 19:35:57.987 INFO [http-nio-8081-exec-245] org.apache.catalina.core.ApplicationContext.log Manager: restart: Reloading web application '/SistemaSercoplus'
26-Feb-2026 19:36:01.030 INFO [http-nio-8081-exec-230] org.apache.catalina.core.ApplicationContext.log Manager: list: Listing contexts for virtual host 'localhost'
26-Feb-2026 19:36:01.043 INFO [http-nio-8081-exec-248] org.apache.catalina.core.ApplicationContext.log Manager: restart: Reloading web application '/SistemaSercoplus'
26-Feb-2026 19:36:27.071 INFO [http-nio-8081-exec-238] org.apache.catalina.core.ApplicationContext.log Manager: list: Listing contexts for virtual host 'localhost'
26-Feb-2026 19:36:27.090 INFO [http-nio-8081-exec-246] org.apache.catalina.core.ApplicationContext.log Manager: restart: Reloading web application '/SistemaSercoplus'
26-Feb-2026 19:37:06.757 INFO [http-nio-8081-exec-249] org.apache.catalina.core.ApplicationContext.log Manager: list: Listing contexts for virtual host 'localhost'
26-Feb-2026 19:41:33.677 INFO [http-nio-8081-exec-260] org.apache.catalina.core.ApplicationContext.log Manager: list: Listing contexts for virtual host 'localhost'
26-Feb-2026 19:41:35.750 INFO [http-nio-8081-exec-253] org.apache.catalina.core.ApplicationContext.log Manager: list: Listing contexts for virtual host 'localhost'
26-Feb-2026 19:41:35.753 INFO [http-nio-8081-exec-258] org.apache.catalina.core.ApplicationContext.log Manager: list: Listing contexts for virtual host 'localhost'
26-Feb-2026 19:41:35.813 INFO [http-nio-8081-exec-259] org.apache.catalina.core.ApplicationContext.log Manager: restart: Reloading web application '/SistemaSercoplus'
26-Feb-2026 19:42:42.638 INFO [http-nio-8081-exec-268] org.apache.catalina.core.ApplicationContext.log Manager: list: Listing contexts for virtual host 'localhost'
26-Feb-2026 19:42:42.644 INFO [http-nio-8081-exec-271] org.apache.catalina.core.ApplicationContext.log Manager: list: Listing contexts for virtual host 'localhost'
26-Feb-2026 19:45:15.947 INFO [http-nio-8081-exec-269] org.apache.catalina.core.ApplicationContext.log Manager: list: Listing contexts for virtual host 'localhost'
26-Feb-2026 19:45:35.121 INFO [http-nio-8081-exec-263] org.apache.catalina.core.ApplicationContext.log Manager: list: Listing contexts for virtual host 'localhost'
26-Feb-2026 19:45:35.476 INFO [http-nio-8081-exec-265] org.apache.catalina.core.ApplicationContext.log Manager: list: Listing contexts for virtual host 'localhost'
26-Feb-2026 19:45:35.484 INFO [http-nio-8081-exec-271] org.apache.catalina.core.ApplicationContext.log Manager: restart: Reloading web application '/SistemaSercoplus'
26-Feb-2026 19:46:12.752 INFO [http-nio-8081-exec-270] org.apache.catalina.core.ApplicationContext.log Manager: list: Listing contexts for virtual host 'localhost'
26-Feb-2026 19:46:12.761 INFO [http-nio-8081-exec-273] org.apache.catalina.core.ApplicationContext.log Manager: restart: Reloading web application '/SistemaSercoplus'
26-Feb-2026 19:46:36.614 INFO [http-nio-8081-exec-277] org.apache.catalina.core.ApplicationContext.log Manager: list: Listing contexts for virtual host 'localhost'
26-Feb-2026 19:46:36.627 INFO [http-nio-8081-exec-272] org.apache.catalina.core.ApplicationContext.log Manager: restart: Reloading web application '/SistemaSercoplus'
26-Feb-2026 19:46:42.711 INFO [http-nio-8081-exec-274] org.apache.catalina.core.ApplicationContext.log Manager: list: Listing contexts for virtual host 'localhost'
26-Feb-2026 19:46:42.725 INFO [http-nio-8081-exec-266] org.apache.catalina.core.ApplicationContext.log Manager: restart: Reloading web application '/SistemaSercoplus'
26-Feb-2026 19:53:30.601 INFO [http-nio-8081-exec-283] org.apache.catalina.core.ApplicationContext.log Manager: list: Listing contexts for virtual host 'localhost'
26-Feb-2026 19:53:30.645 INFO [http-nio-8081-exec-284] org.apache.catalina.core.ApplicationContext.log Manager: restart: Reloading web application '/SistemaSercoplus'
26-Feb-2026 19:53:32.798 INFO [http-nio-8081-exec-286] org.apache.catalina.core.ApplicationContext.log Manager: list: Listing contexts for virtual host 'localhost'
26-Feb-2026 19:53:32.807 INFO [http-nio-8081-exec-282] org.apache.catalina.core.ApplicationContext.log Manager: restart: Reloading web application '/SistemaSercoplus'
26-Feb-2026 19:53:36.281 INFO [http-nio-8081-exec-286] org.apache.catalina.core.ApplicationContext.log Manager: list: Listing contexts for virtual host 'localhost'
26-Feb-2026 19:53:36.380 INFO [http-nio-8081-exec-291] org.apache.catalina.core.ApplicationContext.log Manager: list: Listing contexts for virtual host 'localhost'
26-Feb-2026 19:53:56.608 INFO [http-nio-8081-exec-290] org.apache.catalina.core.ApplicationContext.log Manager: list: Listing contexts for virtual host 'localhost'
26-Feb-2026 19:53:56.618 INFO [http-nio-8081-exec-286] org.apache.catalina.core.ApplicationContext.log Manager: restart: Reloading web application '/SistemaSercoplus'
26-Feb-2026 19:54:27.691 INFO [http-nio-8081-exec-295] org.apache.catalina.core.ApplicationContext.log Manager: list: Listing contexts for virtual host 'localhost'
26-Feb-2026 19:54:27.824 INFO [http-nio-8081-exec-296] org.apache.catalina.core.ApplicationContext.log Manager: restart: Reloading web application '/SistemaSercoplus'
26-Feb-2026 19:54:32.110 INFO [http-nio-8081-exec-290] org.apache.catalina.core.ApplicationContext.log Manager: list: Listing contexts for virtual host 'localhost'
26-Feb-2026 19:54:32.121 INFO [http-nio-8081-exec-293] org.apache.catalina.core.ApplicationContext.log Manager: restart: Reloading web application '/SistemaSercoplus'
26-Feb-2026 19:54:54.034 INFO [http-nio-8081-exec-295] org.apache.catalina.core.ApplicationContext.log Manager: list: Listing contexts for virtual host 'localhost'
26-Feb-2026 19:54:54.042 INFO [http-nio-8081-exec-287] org.apache.catalina.core.ApplicationContext.log Manager: restart: Reloading web application '/SistemaSercoplus'
26-Feb-2026 19:55:08.690 INFO [http-nio-8081-exec-285] org.apache.catalina.core.ApplicationContext.log Manager: list: Listing contexts for virtual host 'localhost'
26-Feb-2026 19:55:08.712 INFO [http-nio-8081-exec-290] org.apache.catalina.core.ApplicationContext.log Manager: restart: Reloading web application '/SistemaSercoplus'
26-Feb-2026 19:55:41.168 INFO [http-nio-8081-exec-287] org.apache.catalina.core.ApplicationContext.log Manager: list: Listing contexts for virtual host 'localhost'
26-Feb-2026 19:56:43.264 INFO [http-nio-8081-exec-309] org.apache.catalina.core.ApplicationContext.log Manager: list: Listing contexts for virtual host 'localhost'
26-Feb-2026 19:56:43.292 INFO [http-nio-8081-exec-303] org.apache.catalina.core.ApplicationContext.log Manager: undeploy: Undeploying web application at '/SistemaSercoplus'
26-Feb-2026 19:57:48.460 INFO [http-nio-8081-exec-302] org.apache.catalina.core.ApplicationContext.log Manager: list: Listing contexts for virtual host 'localhost'
26-Feb-2026 19:57:48.468 INFO [http-nio-8081-exec-300] org.apache.catalina.core.ApplicationContext.log Manager: list: Listing contexts for virtual host 'localhost'
26-Feb-2026 19:57:48.493 INFO [http-nio-8081-exec-312] org.apache.catalina.core.ApplicationContext.log Manager: install: Installing context configuration at 'file:/C:/Users/Anderson/AppData/Local/Temp/context8466586352339231647.xml'
26-Feb-2026 19:57:49.747 INFO [http-nio-8081-exec-303] org.apache.catalina.core.ApplicationContext.log Manager: start: Starting web application '/SistemaSercoplus'
26-Feb-2026 20:11:57.233 INFO [http-nio-8081-exec-311] org.apache.catalina.core.ApplicationContext.log Manager: list: Listing contexts for virtual host 'localhost'
26-Feb-2026 20:11:57.277 INFO [http-nio-8081-exec-314] org.apache.catalina.core.ApplicationContext.log Manager: restart: Reloading web application '/SistemaSercoplus'
26-Feb-2026 20:12:29.855 INFO [http-nio-8081-exec-320] org.apache.catalina.core.ApplicationContext.log Manager: list: Listing contexts for virtual host 'localhost'
26-Feb-2026 20:12:29.871 INFO [http-nio-8081-exec-322] org.apache.catalina.core.ApplicationContext.log Manager: restart: Reloading web application '/SistemaSercoplus'
26-Feb-2026 20:12:32.463 INFO [http-nio-8081-exec-311] org.apache.catalina.core.ApplicationContext.log Manager: list: Listing contexts for virtual host 'localhost'
26-Feb-2026 20:12:32.486 INFO [http-nio-8081-exec-319] org.apache.catalina.core.ApplicationContext.log Manager: restart: Reloading web application '/SistemaSercoplus'
26-Feb-2026 20:12:47.827 INFO [http-nio-8081-exec-317] org.apache.catalina.core.ApplicationContext.log Manager: list: Listing contexts for virtual host 'localhost'
26-Feb-2026 20:12:47.843 INFO [http-nio-8081-exec-323] org.apache.catalina.core.ApplicationContext.log Manager: restart: Reloading web application '/SistemaSercoplus'
26-Feb-2026 20:13:07.807 INFO [http-nio-8081-exec-317] org.apache.catalina.core.ApplicationContext.log Manager: list: Listing contexts for virtual host 'localhost'
26-Feb-2026 20:15:08.934 INFO [http-nio-8081-exec-329] org.apache.catalina.core.ApplicationContext.log Manager: list: Listing contexts for virtual host 'localhost'
26-Feb-2026 20:15:21.982 INFO [http-nio-8081-exec-329] org.apache.catalina.core.ApplicationContext.log Manager: list: Listing contexts for virtual host 'localhost'
26-Feb-2026 20:21:19.449 INFO [http-nio-8081-exec-333] org.apache.catalina.core.ApplicationContext.log Manager: list: Listing contexts for virtual host 'localhost'
26-Feb-2026 20:21:19.458 INFO [http-nio-8081-exec-332] org.apache.catalina.core.ApplicationContext.log Manager: list: Listing contexts for virtual host 'localhost'
26-Feb-2026 20:21:19.530 INFO [http-nio-8081-exec-334] org.apache.catalina.core.ApplicationContext.log Manager: restart: Reloading web application '/SistemaSercoplus'
26-Feb-2026 20:47:26.461 INFO [http-nio-8081-exec-337] org.apache.catalina.core.ApplicationContext.log Manager: list: Listing contexts for virtual host 'localhost'
26-Feb-2026 20:47:26.526 INFO [http-nio-8081-exec-341] org.apache.catalina.core.ApplicationContext.log Manager: restart: Reloading web application '/SistemaSercoplus'
26-Feb-2026 20:47:28.848 INFO [http-nio-8081-exec-337] org.apache.catalina.core.ApplicationContext.log Manager: list: Listing contexts for virtual host 'localhost'
26-Feb-2026 20:47:28.866 INFO [http-nio-8081-exec-344] org.apache.catalina.core.ApplicationContext.log Manager: restart: Reloading web application '/SistemaSercoplus'
26-Feb-2026 20:47:58.523 INFO [http-nio-8081-exec-340] org.apache.catalina.core.ApplicationContext.log Manager: list: Listing contexts for virtual host 'localhost'
26-Feb-2026 20:47:58.534 INFO [http-nio-8081-exec-339] org.apache.catalina.core.ApplicationContext.log Manager: restart: Reloading web application '/SistemaSercoplus'
26-Feb-2026 20:48:44.106 INFO [http-nio-8081-exec-340] org.apache.catalina.core.ApplicationContext.log Manager: list: Listing contexts for virtual host 'localhost'
26-Feb-2026 20:48:44.115 INFO [http-nio-8081-exec-342] org.apache.catalina.core.ApplicationContext.log Manager: restart: Reloading web application '/SistemaSercoplus'
26-Feb-2026 20:48:56.802 INFO [http-nio-8081-exec-349] org.apache.catalina.core.ApplicationContext.log Manager: list: Listing contexts for virtual host 'localhost'
26-Feb-2026 20:48:56.817 INFO [http-nio-8081-exec-345] org.apache.catalina.core.ApplicationContext.log Manager: undeploy: Undeploying web application at '/SistemaSercoplus'
26-Feb-2026 20:49:05.193 INFO [http-nio-8081-exec-352] org.apache.catalina.core.ApplicationContext.log Manager: list: Listing contexts for virtual host 'localhost'
26-Feb-2026 20:49:05.200 INFO [http-nio-8081-exec-349] org.apache.catalina.core.ApplicationContext.log Manager: list: Listing contexts for virtual host 'localhost'
26-Feb-2026 20:49:05.227 INFO [http-nio-8081-exec-348] org.apache.catalina.core.ApplicationContext.log Manager: install: Installing context configuration at 'file:/C:/Users/Anderson/AppData/Local/Temp/context7338733691418827141.xml'
26-Feb-2026 20:49:05.836 INFO [http-nio-8081-exec-345] org.apache.catalina.core.ApplicationContext.log Manager: start: Starting web application '/SistemaSercoplus'
26-Feb-2026 20:50:04.553 INFO [http-nio-8081-exec-358] org.apache.catalina.core.ApplicationContext.log Manager: list: Listing contexts for virtual host 'localhost'
26-Feb-2026 20:50:04.559 INFO [http-nio-8081-exec-359] org.apache.catalina.core.ApplicationContext.log Manager: list: Listing contexts for virtual host 'localhost'
26-Feb-2026 20:51:32.930 INFO [http-nio-8081-exec-357] org.apache.catalina.core.ApplicationContext.log Manager: list: Listing contexts for virtual host 'localhost'
26-Feb-2026 20:51:32.943 INFO [http-nio-8081-exec-361] org.apache.catalina.core.ApplicationContext.log Manager: restart: Reloading web application '/SistemaSercoplus'
26-Feb-2026 21:21:46.745 INFO [http-nio-8081-exec-370] org.apache.catalina.core.ApplicationContext.log Manager: list: Listing contexts for virtual host 'localhost'
26-Feb-2026 21:24:11.113 INFO [http-nio-8081-exec-366] org.apache.catalina.core.ApplicationContext.log Manager: list: Listing contexts for virtual host 'localhost'
26-Feb-2026 21:24:11.119 INFO [http-nio-8081-exec-367] org.apache.catalina.core.ApplicationContext.log Manager: list: Listing contexts for virtual host 'localhost'
26-Feb-2026 21:24:11.212 INFO [http-nio-8081-exec-373] org.apache.catalina.core.ApplicationContext.log Manager: restart: Reloading web application '/SistemaSercoplus'
26-Feb-2026 21:25:51.903 INFO [http-nio-8081-exec-374] org.apache.catalina.core.ApplicationContext.log Manager: list: Listing contexts for virtual host 'localhost'
26-Feb-2026 21:26:52.736 INFO [http-nio-8081-exec-383] org.apache.catalina.core.ApplicationContext.log Manager: list: Listing contexts for virtual host 'localhost'
26-Feb-2026 21:31:35.518 INFO [http-nio-8081-exec-383] org.apache.catalina.core.ApplicationContext.log Manager: list: Listing contexts for virtual host 'localhost'
26-Feb-2026 21:31:35.531 INFO [http-nio-8081-exec-375] org.apache.catalina.core.ApplicationContext.log Manager: restart: Reloading web application '/SistemaSercoplus'
26-Feb-2026 21:33:04.433 INFO [http-nio-8081-exec-388] org.apache.catalina.core.ApplicationContext.log Manager: list: Listing contexts for virtual host 'localhost'
26-Feb-2026 21:33:04.446 INFO [http-nio-8081-exec-389] org.apache.catalina.core.ApplicationContext.log Manager: restart: Reloading web application '/SistemaSercoplus'
26-Feb-2026 21:36:47.431 INFO [http-nio-8081-exec-396] org.apache.catalina.core.ApplicationContext.log Manager: list: Listing contexts for virtual host 'localhost'
26-Feb-2026 22:05:34.246 INFO [http-nio-8081-exec-400] org.apache.catalina.core.ApplicationContext.log Manager: list: Listing contexts for virtual host 'localhost'
26-Feb-2026 22:05:34.283 INFO [http-nio-8081-exec-401] org.apache.catalina.core.ApplicationContext.log Manager: restart: Reloading web application '/SistemaSercoplus'
26-Feb-2026 22:05:35.936 INFO [http-nio-8081-exec-394] org.apache.catalina.core.ApplicationContext.log Manager: list: Listing contexts for virtual host 'localhost'
26-Feb-2026 22:05:35.948 INFO [http-nio-8081-exec-404] org.apache.catalina.core.ApplicationContext.log Manager: restart: Reloading web application '/SistemaSercoplus'
26-Feb-2026 22:06:00.267 INFO [http-nio-8081-exec-398] org.apache.catalina.core.ApplicationContext.log Manager: list: Listing contexts for virtual host 'localhost'
26-Feb-2026 22:06:00.273 INFO [http-nio-8081-exec-395] org.apache.catalina.core.ApplicationContext.log Manager: restart: Reloading web application '/SistemaSercoplus'
26-Feb-2026 22:07:14.276 INFO [http-nio-8081-exec-405] org.apache.catalina.core.ApplicationContext.log Manager: list: Listing contexts for virtual host 'localhost'
26-Feb-2026 22:07:14.281 INFO [http-nio-8081-exec-406] org.apache.catalina.core.ApplicationContext.log Manager: restart: Reloading web application '/SistemaSercoplus'
26-Feb-2026 22:07:15.119 INFO [http-nio-8081-exec-397] org.apache.catalina.core.ApplicationContext.log Manager: list: Listing contexts for virtual host 'localhost'
26-Feb-2026 22:07:15.125 INFO [http-nio-8081-exec-396] org.apache.catalina.core.ApplicationContext.log Manager: restart: Reloading web application '/SistemaSercoplus'
26-Feb-2026 22:07:43.069 INFO [http-nio-8081-exec-397] org.apache.catalina.core.ApplicationContext.log Manager: list: Listing contexts for virtual host 'localhost'
26-Feb-2026 22:07:43.076 INFO [http-nio-8081-exec-405] org.apache.catalina.core.ApplicationContext.log Manager: restart: Reloading web application '/SistemaSercoplus'
26-Feb-2026 22:07:43.752 INFO [http-nio-8081-exec-408] org.apache.catalina.core.ApplicationContext.log Manager: list: Listing contexts for virtual host 'localhost'
26-Feb-2026 22:07:43.757 INFO [http-nio-8081-exec-398] org.apache.catalina.core.ApplicationContext.log Manager: restart: Reloading web application '/SistemaSercoplus'
26-Feb-2026 22:08:06.085 INFO [http-nio-8081-exec-408] org.apache.catalina.core.ApplicationContext.log Manager: list: Listing contexts for virtual host 'localhost'
26-Feb-2026 22:08:06.091 INFO [http-nio-8081-exec-410] org.apache.catalina.core.ApplicationContext.log Manager: restart: Reloading web application '/SistemaSercoplus'
26-Feb-2026 22:08:07.645 INFO [http-nio-8081-exec-394] org.apache.catalina.core.ApplicationContext.log Manager: list: Listing contexts for virtual host 'localhost'
26-Feb-2026 22:08:07.650 INFO [http-nio-8081-exec-409] org.apache.catalina.core.ApplicationContext.log Manager: restart: Reloading web application '/SistemaSercoplus'
26-Feb-2026 22:10:04.306 INFO [http-nio-8081-exec-419] org.apache.catalina.core.ApplicationContext.log Manager: list: Listing contexts for virtual host 'localhost'
26-Feb-2026 22:10:04.313 INFO [http-nio-8081-exec-418] org.apache.catalina.core.ApplicationContext.log Manager: restart: Reloading web application '/SistemaSercoplus'
26-Feb-2026 22:10:05.538 INFO [http-nio-8081-exec-421] org.apache.catalina.core.ApplicationContext.log Manager: list: Listing contexts for virtual host 'localhost'
26-Feb-2026 22:10:05.544 INFO [http-nio-8081-exec-420] org.apache.catalina.core.ApplicationContext.log Manager: restart: Reloading web application '/SistemaSercoplus'
26-Feb-2026 22:10:08.911 INFO [http-nio-8081-exec-419] org.apache.catalina.core.ApplicationContext.log Manager: list: Listing contexts for virtual host 'localhost'
26-Feb-2026 22:10:08.916 INFO [http-nio-8081-exec-415] org.apache.catalina.core.ApplicationContext.log Manager: restart: Reloading web application '/SistemaSercoplus'
26-Feb-2026 22:10:09.357 INFO [http-nio-8081-exec-423] org.apache.catalina.core.ApplicationContext.log Manager: list: Listing contexts for virtual host 'localhost'
26-Feb-2026 22:10:09.363 INFO [http-nio-8081-exec-421] org.apache.catalina.core.ApplicationContext.log Manager: restart: Reloading web application '/SistemaSercoplus'
26-Feb-2026 22:10:14.114 INFO [http-nio-8081-exec-415] org.apache.catalina.core.ApplicationContext.log Manager: list: Listing contexts for virtual host 'localhost'
26-Feb-2026 22:10:14.120 INFO [http-nio-8081-exec-424] org.apache.catalina.core.ApplicationContext.log Manager: restart: Reloading web application '/SistemaSercoplus'
26-Feb-2026 22:10:14.856 INFO [http-nio-8081-exec-421] org.apache.catalina.core.ApplicationContext.log Manager: list: Listing contexts for virtual host 'localhost'
26-Feb-2026 22:10:14.861 INFO [http-nio-8081-exec-415] org.apache.catalina.core.ApplicationContext.log Manager: restart: Reloading web application '/SistemaSercoplus'
26-Feb-2026 22:10:19.272 INFO [http-nio-8081-exec-421] org.apache.catalina.core.ApplicationContext.log Manager: list: Listing contexts for virtual host 'localhost'
26-Feb-2026 22:10:19.279 INFO [http-nio-8081-exec-425] org.apache.catalina.core.ApplicationContext.log Manager: restart: Reloading web application '/SistemaSercoplus'
26-Feb-2026 22:10:19.763 INFO [http-nio-8081-exec-419] org.apache.catalina.core.ApplicationContext.log Manager: list: Listing contexts for virtual host 'localhost'
26-Feb-2026 22:10:19.770 INFO [http-nio-8081-exec-423] org.apache.catalina.core.ApplicationContext.log Manager: restart: Reloading web application '/SistemaSercoplus'
26-Feb-2026 22:13:11.335 INFO [http-nio-8081-exec-417] org.apache.catalina.core.ApplicationContext.log Manager: list: Listing contexts for virtual host 'localhost'
26-Feb-2026 22:13:11.344 INFO [http-nio-8081-exec-432] org.apache.catalina.core.ApplicationContext.log Manager: restart: Reloading web application '/SistemaSercoplus'
26-Feb-2026 22:13:12.296 INFO [http-nio-8081-exec-423] org.apache.catalina.core.ApplicationContext.log Manager: list: Listing contexts for virtual host 'localhost'
26-Feb-2026 22:13:12.301 INFO [http-nio-8081-exec-428] org.apache.catalina.core.ApplicationContext.log Manager: restart: Reloading web application '/SistemaSercoplus'
26-Feb-2026 22:13:22.264 INFO [http-nio-8081-exec-423] org.apache.catalina.core.ApplicationContext.log Manager: list: Listing contexts for virtual host 'localhost'
26-Feb-2026 22:13:22.269 INFO [http-nio-8081-exec-432] org.apache.catalina.core.ApplicationContext.log Manager: restart: Reloading web application '/SistemaSercoplus'
26-Feb-2026 22:13:36.368 INFO [http-nio-8081-exec-424] org.apache.catalina.core.ApplicationContext.log Manager: list: Listing contexts for virtual host 'localhost'
26-Feb-2026 22:13:36.375 INFO [http-nio-8081-exec-431] org.apache.catalina.core.ApplicationContext.log Manager: restart: Reloading web application '/SistemaSercoplus'
26-Feb-2026 22:13:36.801 INFO [http-nio-8081-exec-430] org.apache.catalina.core.ApplicationContext.log Manager: list: Listing contexts for virtual host 'localhost'
26-Feb-2026 22:13:36.806 INFO [http-nio-8081-exec-421] org.apache.catalina.core.ApplicationContext.log Manager: restart: Reloading web application '/SistemaSercoplus'
26-Feb-2026 22:13:48.598 INFO [http-nio-8081-exec-433] org.apache.catalina.core.ApplicationContext.log Manager: list: Listing contexts for virtual host 'localhost'
26-Feb-2026 22:13:48.605 INFO [http-nio-8081-exec-430] org.apache.catalina.core.ApplicationContext.log Manager: restart: Reloading web application '/SistemaSercoplus'
26-Feb-2026 22:13:49.033 INFO [http-nio-8081-exec-435] org.apache.catalina.core.ApplicationContext.log Manager: list: Listing contexts for virtual host 'localhost'
26-Feb-2026 22:13:49.039 INFO [http-nio-8081-exec-431] org.apache.catalina.core.ApplicationContext.log Manager: restart: Reloading web application '/SistemaSercoplus'
26-Feb-2026 22:14:10.501 INFO [http-nio-8081-exec-436] org.apache.catalina.core.ApplicationContext.log Manager: list: Listing contexts for virtual host 'localhost'
26-Feb-2026 22:14:10.509 INFO [http-nio-8081-exec-433] org.apache.catalina.core.ApplicationContext.log Manager: restart: Reloading web application '/SistemaSercoplus'
26-Feb-2026 22:19:19.960 INFO [http-nio-8081-exec-440] org.apache.catalina.core.ApplicationContext.log Manager: list: Listing contexts for virtual host 'localhost'
26-Feb-2026 22:19:19.975 INFO [http-nio-8081-exec-441] org.apache.catalina.core.ApplicationContext.log Manager: restart: Reloading web application '/SistemaSercoplus'
26-Feb-2026 22:22:28.780 INFO [http-nio-8081-exec-450] org.apache.catalina.core.ApplicationContext.log Manager: list: Listing contexts for virtual host 'localhost'
26-Feb-2026 22:22:28.793 INFO [http-nio-8081-exec-448] org.apache.catalina.core.ApplicationContext.log Manager: restart: Reloading web application '/SistemaSercoplus'
26-Feb-2026 22:22:29.864 INFO [http-nio-8081-exec-452] org.apache.catalina.core.ApplicationContext.log Manager: list: Listing contexts for virtual host 'localhost'
26-Feb-2026 22:22:29.873 INFO [http-nio-8081-exec-453] org.apache.catalina.core.ApplicationContext.log Manager: restart: Reloading web application '/SistemaSercoplus'
26-Feb-2026 22:22:52.428 INFO [http-nio-8081-exec-450] org.apache.catalina.core.ApplicationContext.log Manager: list: Listing contexts for virtual host 'localhost'
26-Feb-2026 22:22:52.434 INFO [http-nio-8081-exec-457] org.apache.catalina.core.ApplicationContext.log Manager: restart: Reloading web application '/SistemaSercoplus'
26-Feb-2026 22:27:52.336 INFO [http-nio-8081-exec-469] org.apache.catalina.core.ApplicationContext.log Manager: list: Listing contexts for virtual host 'localhost'
26-Feb-2026 22:27:52.358 INFO [http-nio-8081-exec-462] org.apache.catalina.core.ApplicationContext.log Manager: restart: Reloading web application '/SistemaSercoplus'
26-Feb-2026 22:33:25.764 INFO [http-nio-8081-exec-476] org.apache.catalina.core.ApplicationContext.log Manager: list: Listing contexts for virtual host 'localhost'
26-Feb-2026 22:33:25.772 INFO [http-nio-8081-exec-477] org.apache.catalina.core.ApplicationContext.log Manager: restart: Reloading web application '/SistemaSercoplus'
26-Feb-2026 22:36:07.747 INFO [http-nio-8081-exec-482] org.apache.catalina.core.ApplicationContext.log Manager: list: Listing contexts for virtual host 'localhost'
26-Feb-2026 22:36:07.825 INFO [http-nio-8081-exec-488] org.apache.catalina.core.ApplicationContext.log Manager: undeploy: Undeploying web application at '/SistemaSercoplus'
26-Feb-2026 22:38:56.172 INFO [http-nio-8081-exec-481] org.apache.catalina.core.ApplicationContext.log Manager: list: Listing contexts for virtual host 'localhost'
26-Feb-2026 22:38:56.176 INFO [http-nio-8081-exec-484] org.apache.catalina.core.ApplicationContext.log Manager: list: Listing contexts for virtual host 'localhost'
26-Feb-2026 22:38:56.190 INFO [http-nio-8081-exec-485] org.apache.catalina.core.ApplicationContext.log Manager: install: Installing context configuration at 'file:/C:/Users/Anderson/AppData/Local/Temp/context7641749191832422946.xml'
26-Feb-2026 22:38:56.669 INFO [http-nio-8081-exec-495] org.apache.catalina.core.ApplicationContext.log Manager: start: Starting web application '/SistemaSercoplus'
26-Feb-2026 22:47:15.233 INFO [http-nio-8081-exec-499] org.apache.catalina.core.ApplicationContext.log Manager: list: Listing contexts for virtual host 'localhost'
26-Feb-2026 22:47:15.255 INFO [http-nio-8081-exec-500] org.apache.catalina.core.ApplicationContext.log Manager: restart: Reloading web application '/SistemaSercoplus'
26-Feb-2026 22:47:18.209 INFO [http-nio-8081-exec-497] org.apache.catalina.core.ApplicationContext.log Manager: list: Listing contexts for virtual host 'localhost'
26-Feb-2026 22:47:18.218 INFO [http-nio-8081-exec-495] org.apache.catalina.core.ApplicationContext.log Manager: restart: Reloading web application '/SistemaSercoplus'
26-Feb-2026 22:48:37.415 INFO [http-nio-8081-exec-502] org.apache.catalina.core.ApplicationContext.log Manager: list: Listing contexts for virtual host 'localhost'
26-Feb-2026 22:48:52.823 INFO [http-nio-8081-exec-503] org.apache.catalina.core.ApplicationContext.log Manager: list: Listing contexts for virtual host 'localhost'
26-Feb-2026 22:53:26.912 INFO [http-nio-8081-exec-506] org.apache.catalina.core.ApplicationContext.log Manager: list: Listing contexts for virtual host 'localhost'
26-Feb-2026 22:53:29.754 INFO [http-nio-8081-exec-504] org.apache.catalina.core.ApplicationContext.log Manager: list: Listing contexts for virtual host 'localhost'
26-Feb-2026 23:31:16.312 INFO [http-nio-8081-exec-504] org.apache.catalina.core.ApplicationContext.log Manager: list: Listing contexts for virtual host 'localhost'
26-Feb-2026 23:31:16.776 INFO [http-nio-8081-exec-503] org.apache.catalina.core.ApplicationContext.log Manager: list: Listing contexts for virtual host 'localhost'
26-Feb-2026 23:33:31.086 INFO [http-nio-8081-exec-511] org.apache.catalina.core.ApplicationContext.log Manager: list: Listing contexts for virtual host 'localhost'
26-Feb-2026 23:34:38.109 INFO [http-nio-8081-exec-508] org.apache.catalina.core.ApplicationContext.log Manager: list: Listing contexts for virtual host 'localhost'
26-Feb-2026 23:34:57.044 INFO [http-nio-8081-exec-505] org.apache.catalina.core.ApplicationContext.log Manager: list: Listing contexts for virtual host 'localhost'
26-Feb-2026 23:35:04.222 INFO [http-nio-8081-exec-505] org.apache.catalina.core.ApplicationContext.log Manager: list: Listing contexts for virtual host 'localhost'
26-Feb-2026 23:37:23.341 INFO [http-nio-8081-exec-511] org.apache.catalina.core.ApplicationContext.log Manager: list: Listing contexts for virtual host 'localhost'
26-Feb-2026 23:37:47.757 INFO [http-nio-8081-exec-508] org.apache.catalina.core.ApplicationContext.log Manager: list: Listing contexts for virtual host 'localhost'
26-Feb-2026 23:37:55.328 INFO [http-nio-8081-exec-510] org.apache.catalina.core.ApplicationContext.log Manager: list: Listing contexts for virtual host 'localhost'
26-Feb-2026 23:37:59.859 INFO [http-nio-8081-exec-509] org.apache.catalina.core.ApplicationContext.log Manager: list: Listing contexts for virtual host 'localhost'
26-Feb-2026 23:41:54.278 INFO [http-nio-8081-exec-507] org.apache.catalina.core.ApplicationContext.log Manager: list: Listing contexts for virtual host 'localhost'
26-Feb-2026 23:41:54.305 INFO [http-nio-8081-exec-509] org.apache.catalina.core.ApplicationContext.log Manager: restart: Reloading web application '/SistemaSercoplus'
26-Feb-2026 23:41:58.727 INFO [http-nio-8081-exec-508] org.apache.catalina.core.ApplicationContext.log Manager: list: Listing contexts for virtual host 'localhost'
26-Feb-2026 23:46:12.295 INFO [http-nio-8081-exec-515] org.apache.catalina.core.ApplicationContext.log Manager: list: Listing contexts for virtual host 'localhost'
26-Feb-2026 23:49:41.279 INFO [http-nio-8081-exec-513] org.apache.catalina.core.ApplicationContext.log Manager: list: Listing contexts for virtual host 'localhost'
